This file contains any messages produced by compilers while
running configure, to aid debugging if configure makes a mistake.

It was created by ndisc6 configure 1.0.2, which was
generated by GNU Autoconf 2.67.  Invocation command line was

  $ ./configure --host=mips-linux

## --------- ##
## Platform. ##
## --------- ##

hostname = MSG-SW3-CHT
uname -m = i686
uname -r = 2.6.29.4-167.fc11.i686.PAE
uname -s = Linux
uname -v = #1 SMP Wed May 27 17:28:22 EDT 2009

/usr/bin/uname -p = unknown
/bin/uname -X     = unknown

/bin/arch              = i686
/usr/bin/arch -k       = unknown
/usr/convex/getsysinfo = unknown
/usr/bin/hostinfo      = unknown
/bin/machine           = unknown
/usr/bin/oslevel       = unknown
/bin/universe          = unknown

PATH: /usr/lib/qt-3.3/bin
PATH: /usr/kerberos/bin
PATH: /usr/lib/ccache
PATH: /usr/local/bin
PATH: /bin
PATH: /usr/bin
PATH: /usr/local/sbin
PATH: /usr/sbin
PATH: /sbin
PATH: /home/Leo/bin
PATH: /opt/toolchains/uclibc-crosstools-gcc-4.2.3-3/usr/bin/


## ----------- ##
## Core tests. ##
## ----------- ##

configure:2177: checking system...
configure:2218: checking for build hostname
configure:2226: result: localhost.localdomain
configure:2237: checking required programs...
configure:2247: checking for mips-linux-gcc
configure:2263: found /opt/toolchains/uclibc-crosstools-gcc-4.2.3-3/usr/bin//mips-linux-gcc
configure:2274: result: mips-linux-gcc
configure:2543: checking for C compiler version
configure:2552: mips-linux-gcc --version >&5
mips-linux-gcc (GCC) 4.2.3
Copyright (C) 2007 Free Software Foundation, Inc.
This is free software; see the source for copying conditions.  There is NO
warranty; not even for MERCHANTABILITY or FITNESS FOR A PARTICULAR PURPOSE.

configure:2563: $? = 0
configure:2552: mips-linux-gcc -v >&5
Using built-in specs.
Target: mips-linux-uclibc
Configured with: /home/lkaplan/toolchain/buildroot/toolchain_build_mips/gcc-4.2.3/configure --prefix=/usr --build=i386-pc-linux-gnu --host=i386-pc-linux-gnu --target=mips-linux-uclibc --enable-languages=c,c++ --with-sysroot=/opt/toolchains/uclibc-crosstools-gcc-4.2.3-3 --with-build-time-tools=/opt/toolchains/uclibc-crosstools-gcc-4.2.3-3/usr/mips-linux-uclibc/bin --disable-__cxa_atexit --enable-target-optspace --with-gnu-ld --enable-shared --with-gmp=/home/lkaplan/toolchain/buildroot/toolchain_build_mips/gmp --with-mpfr=/home/lkaplan/toolchain/buildroot/toolchain_build_mips/mpfr --disable-nls --enable-threads --disable-multilib --with-float=soft --disable-largefile --with-arch=mips32
Thread model: posix
gcc version 4.2.3
configure:2563: $? = 0
configure:2552: mips-linux-gcc -V >&5
mips-linux-gcc: '-V' option must have argument
configure:2563: $? = 1
configure:2552: mips-linux-gcc -qversion >&5
mips-linux-gcc: unrecognized option '-qversion'
mips-linux-gcc: no input files
configure:2563: $? = 1
configure:2583: checking whether the C compiler works
configure:2605: mips-linux-gcc    conftest.c  >&5
configure:2609: $? = 0
configure:2657: result: yes
configure:2660: checking for C compiler default output file name
configure:2662: result: a.out
configure:2668: checking for suffix of executables
configure:2675: mips-linux-gcc -o conftest    conftest.c  >&5
configure:2679: $? = 0
configure:2701: result: 
configure:2723: checking whether we are cross compiling
configure:2731: mips-linux-gcc -o conftest    conftest.c  >&5
configure:2735: $? = 0
configure:2742: ./conftest
./configure: line 2744: ./conftest: cannot execute binary file
configure:2746: $? = 126
configure:2761: result: yes
configure:2766: checking for suffix of object files
configure:2788: mips-linux-gcc -c   conftest.c >&5
configure:2792: $? = 0
configure:2813: result: o
configure:2817: checking whether we are using the GNU C compiler
configure:2836: mips-linux-gcc -c   conftest.c >&5
configure:2836: $? = 0
configure:2845: result: yes
configure:2854: checking whether mips-linux-gcc accepts -g
configure:2874: mips-linux-gcc -c -g  conftest.c >&5
configure:2874: $? = 0
configure:2915: result: yes
configure:2932: checking for mips-linux-gcc option to accept ISO C89
configure:2996: mips-linux-gcc  -c -g -O2  conftest.c >&5
configure:2996: $? = 0
configure:3009: result: none needed
configure:3029: checking for mips-linux-gcc option to accept ISO C99
configure:3178: mips-linux-gcc  -c -g -O2  conftest.c >&5
conftest.c:14:19: error: wchar.h: No such file or directory
conftest.c:54: error: expected ':', ',', ';', '}' or '__attribute__' before '*' token
conftest.c:61: error: expected ';', ',' or ')' before 'text'
conftest.c: In function 'main':
conftest.c:115: error: expected '=', ',', ';', 'asm' or '__attribute__' before 'newvar'
conftest.c:115: error: 'newvar' undeclared (first use in this function)
conftest.c:115: error: (Each undeclared identifier is reported only once
conftest.c:115: error: for each function it appears in.)
conftest.c:125: error: 'for' loop initial declaration used outside C99 mode
conftest.c:131: error: unknown field 'name' specified in initializer
conftest.c:131: warning: excess elements in struct initializer
conftest.c:131: warning: (near initialization for 'ni')
conftest.c:132: error: unknown field 'average' specified in initializer
conftest.c:132: warning: excess elements in struct initializer
conftest.c:132: warning: (near initialization for 'ni')
configure:3178: $? = 1
configure: failed program was:
| /* confdefs.h */
| #define PACKAGE_NAME "ndisc6"
| #define PACKAGE_TARNAME "ndisc6"
| #define PACKAGE_VERSION "1.0.2"
| #define PACKAGE_STRING "ndisc6 1.0.2"
| #define PACKAGE_BUGREPORT "remi_no_bulk_mail@remlab.net"
| #define PACKAGE_URL ""
| #define PACKAGE_CONFIGURE_INVOCATION "./configure  '--host=mips-linux' 'host_alias=mips-linux'"
| #define PACKAGE_BUILD_HOSTNAME "localhost.localdomain"
| /* end confdefs.h.  */
| #include <stdarg.h>
| #include <stdbool.h>
| #include <stdlib.h>
| #include <wchar.h>
| #include <stdio.h>
| 
| // Check varargs macros.  These examples are taken from C99 6.10.3.5.
| #define debug(...) fprintf (stderr, __VA_ARGS__)
| #define showlist(...) puts (#__VA_ARGS__)
| #define report(test,...) ((test) ? puts (#test) : printf (__VA_ARGS__))
| static void
| test_varargs_macros (void)
| {
|   int x = 1234;
|   int y = 5678;
|   debug ("Flag");
|   debug ("X = %d\n", x);
|   showlist (The first, second, and third items.);
|   report (x>y, "x is %d but y is %d", x, y);
| }
| 
| // Check long long types.
| #define BIG64 18446744073709551615ull
| #define BIG32 4294967295ul
| #define BIG_OK (BIG64 / BIG32 == 4294967297ull && BIG64 % BIG32 == 0)
| #if !BIG_OK
|   your preprocessor is broken;
| #endif
| #if BIG_OK
| #else
|   your preprocessor is broken;
| #endif
| static long long int bignum = -9223372036854775807LL;
| static unsigned long long int ubignum = BIG64;
| 
| struct incomplete_array
| {
|   int datasize;
|   double data[];
| };
| 
| struct named_init {
|   int number;
|   const wchar_t *name;
|   double average;
| };
| 
| typedef const char *ccp;
| 
| static inline int
| test_restrict (ccp restrict text)
| {
|   // See if C++-style comments work.
|   // Iterate through items via the restricted pointer.
|   // Also check for declarations in for loops.
|   for (unsigned int i = 0; *(text+i) != '\0'; ++i)
|     continue;
|   return 0;
| }
| 
| // Check varargs and va_copy.
| static void
| test_varargs (const char *format, ...)
| {
|   va_list args;
|   va_start (args, format);
|   va_list args_copy;
|   va_copy (args_copy, args);
| 
|   const char *str;
|   int number;
|   float fnumber;
| 
|   while (*format)
|     {
|       switch (*format++)
| 	{
| 	case 's': // string
| 	  str = va_arg (args_copy, const char *);
| 	  break;
| 	case 'd': // int
| 	  number = va_arg (args_copy, int);
| 	  break;
| 	case 'f': // float
| 	  fnumber = va_arg (args_copy, double);
| 	  break;
| 	default:
| 	  break;
| 	}
|     }
|   va_end (args_copy);
|   va_end (args);
| }
| 
| int
| main ()
| {
| 
|   // Check bool.
|   _Bool success = false;
| 
|   // Check restrict.
|   if (test_restrict ("String literal") == 0)
|     success = true;
|   char *restrict newvar = "Another string";
| 
|   // Check varargs.
|   test_varargs ("s, d' f .", "string", 65, 34.234);
|   test_varargs_macros ();
| 
|   // Check flexible array members.
|   struct incomplete_array *ia =
|     malloc (sizeof (struct incomplete_array) + (sizeof (double) * 10));
|   ia->datasize = 10;
|   for (int i = 0; i < ia->datasize; ++i)
|     ia->data[i] = i * 1.234;
| 
|   // Check named initializers.
|   struct named_init ni = {
|     .number = 34,
|     .name = L"Test wide string",
|     .average = 543.34343,
|   };
| 
|   ni.number = 58;
| 
|   int dynamic_array[ni.number];
|   dynamic_array[ni.number - 1] = 543;
| 
|   // work around unused variable warnings
|   return (!success || bignum == 0LL || ubignum == 0uLL || newvar[0] == 'x'
| 	  || dynamic_array[ni.number - 1] != 543);
| 
|   ;
|   return 0;
| }
configure:3178: mips-linux-gcc -std=gnu99 -c -g -O2  conftest.c >&5
conftest.c:14:19: error: wchar.h: No such file or directory
conftest.c:54: error: expected ':', ',', ';', '}' or '__attribute__' before '*' token
conftest.c: In function 'main':
conftest.c:131: error: unknown field 'name' specified in initializer
conftest.c:131: warning: excess elements in struct initializer
conftest.c:131: warning: (near initialization for 'ni')
conftest.c:132: error: unknown field 'average' specified in initializer
conftest.c:132: warning: excess elements in struct initializer
conftest.c:132: warning: (near initialization for 'ni')
configure:3178: $? = 1
configure: failed program was:
| /* confdefs.h */
| #define PACKAGE_NAME "ndisc6"
| #define PACKAGE_TARNAME "ndisc6"
| #define PACKAGE_VERSION "1.0.2"
| #define PACKAGE_STRING "ndisc6 1.0.2"
| #define PACKAGE_BUGREPORT "remi_no_bulk_mail@remlab.net"
| #define PACKAGE_URL ""
| #define PACKAGE_CONFIGURE_INVOCATION "./configure  '--host=mips-linux' 'host_alias=mips-linux'"
| #define PACKAGE_BUILD_HOSTNAME "localhost.localdomain"
| /* end confdefs.h.  */
| #include <stdarg.h>
| #include <stdbool.h>
| #include <stdlib.h>
| #include <wchar.h>
| #include <stdio.h>
| 
| // Check varargs macros.  These examples are taken from C99 6.10.3.5.
| #define debug(...) fprintf (stderr, __VA_ARGS__)
| #define showlist(...) puts (#__VA_ARGS__)
| #define report(test,...) ((test) ? puts (#test) : printf (__VA_ARGS__))
| static void
| test_varargs_macros (void)
| {
|   int x = 1234;
|   int y = 5678;
|   debug ("Flag");
|   debug ("X = %d\n", x);
|   showlist (The first, second, and third items.);
|   report (x>y, "x is %d but y is %d", x, y);
| }
| 
| // Check long long types.
| #define BIG64 18446744073709551615ull
| #define BIG32 4294967295ul
| #define BIG_OK (BIG64 / BIG32 == 4294967297ull && BIG64 % BIG32 == 0)
| #if !BIG_OK
|   your preprocessor is broken;
| #endif
| #if BIG_OK
| #else
|   your preprocessor is broken;
| #endif
| static long long int bignum = -9223372036854775807LL;
| static unsigned long long int ubignum = BIG64;
| 
| struct incomplete_array
| {
|   int datasize;
|   double data[];
| };
| 
| struct named_init {
|   int number;
|   const wchar_t *name;
|   double average;
| };
| 
| typedef const char *ccp;
| 
| static inline int
| test_restrict (ccp restrict text)
| {
|   // See if C++-style comments work.
|   // Iterate through items via the restricted pointer.
|   // Also check for declarations in for loops.
|   for (unsigned int i = 0; *(text+i) != '\0'; ++i)
|     continue;
|   return 0;
| }
| 
| // Check varargs and va_copy.
| static void
| test_varargs (const char *format, ...)
| {
|   va_list args;
|   va_start (args, format);
|   va_list args_copy;
|   va_copy (args_copy, args);
| 
|   const char *str;
|   int number;
|   float fnumber;
| 
|   while (*format)
|     {
|       switch (*format++)
| 	{
| 	case 's': // string
| 	  str = va_arg (args_copy, const char *);
| 	  break;
| 	case 'd': // int
| 	  number = va_arg (args_copy, int);
| 	  break;
| 	case 'f': // float
| 	  fnumber = va_arg (args_copy, double);
| 	  break;
| 	default:
| 	  break;
| 	}
|     }
|   va_end (args_copy);
|   va_end (args);
| }
| 
| int
| main ()
| {
| 
|   // Check bool.
|   _Bool success = false;
| 
|   // Check restrict.
|   if (test_restrict ("String literal") == 0)
|     success = true;
|   char *restrict newvar = "Another string";
| 
|   // Check varargs.
|   test_varargs ("s, d' f .", "string", 65, 34.234);
|   test_varargs_macros ();
| 
|   // Check flexible array members.
|   struct incomplete_array *ia =
|     malloc (sizeof (struct incomplete_array) + (sizeof (double) * 10));
|   ia->datasize = 10;
|   for (int i = 0; i < ia->datasize; ++i)
|     ia->data[i] = i * 1.234;
| 
|   // Check named initializers.
|   struct named_init ni = {
|     .number = 34,
|     .name = L"Test wide string",
|     .average = 543.34343,
|   };
| 
|   ni.number = 58;
| 
|   int dynamic_array[ni.number];
|   dynamic_array[ni.number - 1] = 543;
| 
|   // work around unused variable warnings
|   return (!success || bignum == 0LL || ubignum == 0uLL || newvar[0] == 'x'
| 	  || dynamic_array[ni.number - 1] != 543);
| 
|   ;
|   return 0;
| }
configure:3178: mips-linux-gcc -std=c99 -c -g -O2  conftest.c >&5
conftest.c:14:19: error: wchar.h: No such file or directory
conftest.c:54: error: expected ':', ',', ';', '}' or '__attribute__' before '*' token
conftest.c: In function 'main':
conftest.c:131: error: unknown field 'name' specified in initializer
conftest.c:131: warning: excess elements in struct initializer
conftest.c:131: warning: (near initialization for 'ni')
conftest.c:132: error: unknown field 'average' specified in initializer
conftest.c:132: warning: excess elements in struct initializer
conftest.c:132: warning: (near initialization for 'ni')
configure:3178: $? = 1
configure: failed program was:
| /* confdefs.h */
| #define PACKAGE_NAME "ndisc6"
| #define PACKAGE_TARNAME "ndisc6"
| #define PACKAGE_VERSION "1.0.2"
| #define PACKAGE_STRING "ndisc6 1.0.2"
| #define PACKAGE_BUGREPORT "remi_no_bulk_mail@remlab.net"
| #define PACKAGE_URL ""
| #define PACKAGE_CONFIGURE_INVOCATION "./configure  '--host=mips-linux' 'host_alias=mips-linux'"
| #define PACKAGE_BUILD_HOSTNAME "localhost.localdomain"
| /* end confdefs.h.  */
| #include <stdarg.h>
| #include <stdbool.h>
| #include <stdlib.h>
| #include <wchar.h>
| #include <stdio.h>
| 
| // Check varargs macros.  These examples are taken from C99 6.10.3.5.
| #define debug(...) fprintf (stderr, __VA_ARGS__)
| #define showlist(...) puts (#__VA_ARGS__)
| #define report(test,...) ((test) ? puts (#test) : printf (__VA_ARGS__))
| static void
| test_varargs_macros (void)
| {
|   int x = 1234;
|   int y = 5678;
|   debug ("Flag");
|   debug ("X = %d\n", x);
|   showlist (The first, second, and third items.);
|   report (x>y, "x is %d but y is %d", x, y);
| }
| 
| // Check long long types.
| #define BIG64 18446744073709551615ull
| #define BIG32 4294967295ul
| #define BIG_OK (BIG64 / BIG32 == 4294967297ull && BIG64 % BIG32 == 0)
| #if !BIG_OK
|   your preprocessor is broken;
| #endif
| #if BIG_OK
| #else
|   your preprocessor is broken;
| #endif
| static long long int bignum = -9223372036854775807LL;
| static unsigned long long int ubignum = BIG64;
| 
| struct incomplete_array
| {
|   int datasize;
|   double data[];
| };
| 
| struct named_init {
|   int number;
|   const wchar_t *name;
|   double average;
| };
| 
| typedef const char *ccp;
| 
| static inline int
| test_restrict (ccp restrict text)
| {
|   // See if C++-style comments work.
|   // Iterate through items via the restricted pointer.
|   // Also check for declarations in for loops.
|   for (unsigned int i = 0; *(text+i) != '\0'; ++i)
|     continue;
|   return 0;
| }
| 
| // Check varargs and va_copy.
| static void
| test_varargs (const char *format, ...)
| {
|   va_list args;
|   va_start (args, format);
|   va_list args_copy;
|   va_copy (args_copy, args);
| 
|   const char *str;
|   int number;
|   float fnumber;
| 
|   while (*format)
|     {
|       switch (*format++)
| 	{
| 	case 's': // string
| 	  str = va_arg (args_copy, const char *);
| 	  break;
| 	case 'd': // int
| 	  number = va_arg (args_copy, int);
| 	  break;
| 	case 'f': // float
| 	  fnumber = va_arg (args_copy, double);
| 	  break;
| 	default:
| 	  break;
| 	}
|     }
|   va_end (args_copy);
|   va_end (args);
| }
| 
| int
| main ()
| {
| 
|   // Check bool.
|   _Bool success = false;
| 
|   // Check restrict.
|   if (test_restrict ("String literal") == 0)
|     success = true;
|   char *restrict newvar = "Another string";
| 
|   // Check varargs.
|   test_varargs ("s, d' f .", "string", 65, 34.234);
|   test_varargs_macros ();
| 
|   // Check flexible array members.
|   struct incomplete_array *ia =
|     malloc (sizeof (struct incomplete_array) + (sizeof (double) * 10));
|   ia->datasize = 10;
|   for (int i = 0; i < ia->datasize; ++i)
|     ia->data[i] = i * 1.234;
| 
|   // Check named initializers.
|   struct named_init ni = {
|     .number = 34,
|     .name = L"Test wide string",
|     .average = 543.34343,
|   };
| 
|   ni.number = 58;
| 
|   int dynamic_array[ni.number];
|   dynamic_array[ni.number - 1] = 543;
| 
|   // work around unused variable warnings
|   return (!success || bignum == 0LL || ubignum == 0uLL || newvar[0] == 'x'
| 	  || dynamic_array[ni.number - 1] != 543);
| 
|   ;
|   return 0;
| }
configure:3178: mips-linux-gcc -c99 -c -g -O2  conftest.c >&5
mips-linux-gcc: unrecognized option '-c99'
conftest.c:14:19: error: wchar.h: No such file or directory
conftest.c:54: error: expected ':', ',', ';', '}' or '__attribute__' before '*' token
conftest.c:61: error: expected ';', ',' or ')' before 'text'
conftest.c: In function 'main':
conftest.c:115: error: expected '=', ',', ';', 'asm' or '__attribute__' before 'newvar'
conftest.c:115: error: 'newvar' undeclared (first use in this function)
conftest.c:115: error: (Each undeclared identifier is reported only once
conftest.c:115: error: for each function it appears in.)
conftest.c:125: error: 'for' loop initial declaration used outside C99 mode
conftest.c:131: error: unknown field 'name' specified in initializer
conftest.c:131: warning: excess elements in struct initializer
conftest.c:131: warning: (near initialization for 'ni')
conftest.c:132: error: unknown field 'average' specified in initializer
conftest.c:132: warning: excess elements in struct initializer
conftest.c:132: warning: (near initialization for 'ni')
configure:3178: $? = 1
configure: failed program was:
| /* confdefs.h */
| #define PACKAGE_NAME "ndisc6"
| #define PACKAGE_TARNAME "ndisc6"
| #define PACKAGE_VERSION "1.0.2"
| #define PACKAGE_STRING "ndisc6 1.0.2"
| #define PACKAGE_BUGREPORT "remi_no_bulk_mail@remlab.net"
| #define PACKAGE_URL ""
| #define PACKAGE_CONFIGURE_INVOCATION "./configure  '--host=mips-linux' 'host_alias=mips-linux'"
| #define PACKAGE_BUILD_HOSTNAME "localhost.localdomain"
| /* end confdefs.h.  */
| #include <stdarg.h>
| #include <stdbool.h>
| #include <stdlib.h>
| #include <wchar.h>
| #include <stdio.h>
| 
| // Check varargs macros.  These examples are taken from C99 6.10.3.5.
| #define debug(...) fprintf (stderr, __VA_ARGS__)
| #define showlist(...) puts (#__VA_ARGS__)
| #define report(test,...) ((test) ? puts (#test) : printf (__VA_ARGS__))
| static void
| test_varargs_macros (void)
| {
|   int x = 1234;
|   int y = 5678;
|   debug ("Flag");
|   debug ("X = %d\n", x);
|   showlist (The first, second, and third items.);
|   report (x>y, "x is %d but y is %d", x, y);
| }
| 
| // Check long long types.
| #define BIG64 18446744073709551615ull
| #define BIG32 4294967295ul
| #define BIG_OK (BIG64 / BIG32 == 4294967297ull && BIG64 % BIG32 == 0)
| #if !BIG_OK
|   your preprocessor is broken;
| #endif
| #if BIG_OK
| #else
|   your preprocessor is broken;
| #endif
| static long long int bignum = -9223372036854775807LL;
| static unsigned long long int ubignum = BIG64;
| 
| struct incomplete_array
| {
|   int datasize;
|   double data[];
| };
| 
| struct named_init {
|   int number;
|   const wchar_t *name;
|   double average;
| };
| 
| typedef const char *ccp;
| 
| static inline int
| test_restrict (ccp restrict text)
| {
|   // See if C++-style comments work.
|   // Iterate through items via the restricted pointer.
|   // Also check for declarations in for loops.
|   for (unsigned int i = 0; *(text+i) != '\0'; ++i)
|     continue;
|   return 0;
| }
| 
| // Check varargs and va_copy.
| static void
| test_varargs (const char *format, ...)
| {
|   va_list args;
|   va_start (args, format);
|   va_list args_copy;
|   va_copy (args_copy, args);
| 
|   const char *str;
|   int number;
|   float fnumber;
| 
|   while (*format)
|     {
|       switch (*format++)
| 	{
| 	case 's': // string
| 	  str = va_arg (args_copy, const char *);
| 	  break;
| 	case 'd': // int
| 	  number = va_arg (args_copy, int);
| 	  break;
| 	case 'f': // float
| 	  fnumber = va_arg (args_copy, double);
| 	  break;
| 	default:
| 	  break;
| 	}
|     }
|   va_end (args_copy);
|   va_end (args);
| }
| 
| int
| main ()
| {
| 
|   // Check bool.
|   _Bool success = false;
| 
|   // Check restrict.
|   if (test_restrict ("String literal") == 0)
|     success = true;
|   char *restrict newvar = "Another string";
| 
|   // Check varargs.
|   test_varargs ("s, d' f .", "string", 65, 34.234);
|   test_varargs_macros ();
| 
|   // Check flexible array members.
|   struct incomplete_array *ia =
|     malloc (sizeof (struct incomplete_array) + (sizeof (double) * 10));
|   ia->datasize = 10;
|   for (int i = 0; i < ia->datasize; ++i)
|     ia->data[i] = i * 1.234;
| 
|   // Check named initializers.
|   struct named_init ni = {
|     .number = 34,
|     .name = L"Test wide string",
|     .average = 543.34343,
|   };
| 
|   ni.number = 58;
| 
|   int dynamic_array[ni.number];
|   dynamic_array[ni.number - 1] = 543;
| 
|   // work around unused variable warnings
|   return (!success || bignum == 0LL || ubignum == 0uLL || newvar[0] == 'x'
| 	  || dynamic_array[ni.number - 1] != 543);
| 
|   ;
|   return 0;
| }
configure:3178: mips-linux-gcc -AC99 -c -g -O2  conftest.c >&5
<command-line>: error: missing '(' after predicate
conftest.c:14:19: error: wchar.h: No such file or directory
conftest.c:54: error: expected ':', ',', ';', '}' or '__attribute__' before '*' token
conftest.c:61: error: expected ';', ',' or ')' before 'text'
conftest.c: In function 'main':
conftest.c:115: error: expected '=', ',', ';', 'asm' or '__attribute__' before 'newvar'
conftest.c:115: error: 'newvar' undeclared (first use in this function)
conftest.c:115: error: (Each undeclared identifier is reported only once
conftest.c:115: error: for each function it appears in.)
conftest.c:125: error: 'for' loop initial declaration used outside C99 mode
conftest.c:131: error: unknown field 'name' specified in initializer
conftest.c:131: warning: excess elements in struct initializer
conftest.c:131: warning: (near initialization for 'ni')
conftest.c:132: error: unknown field 'average' specified in initializer
conftest.c:132: warning: excess elements in struct initializer
conftest.c:132: warning: (near initialization for 'ni')
configure:3178: $? = 1
configure: failed program was:
| /* confdefs.h */
| #define PACKAGE_NAME "ndisc6"
| #define PACKAGE_TARNAME "ndisc6"
| #define PACKAGE_VERSION "1.0.2"
| #define PACKAGE_STRING "ndisc6 1.0.2"
| #define PACKAGE_BUGREPORT "remi_no_bulk_mail@remlab.net"
| #define PACKAGE_URL ""
| #define PACKAGE_CONFIGURE_INVOCATION "./configure  '--host=mips-linux' 'host_alias=mips-linux'"
| #define PACKAGE_BUILD_HOSTNAME "localhost.localdomain"
| /* end confdefs.h.  */
| #include <stdarg.h>
| #include <stdbool.h>
| #include <stdlib.h>
| #include <wchar.h>
| #include <stdio.h>
| 
| // Check varargs macros.  These examples are taken from C99 6.10.3.5.
| #define debug(...) fprintf (stderr, __VA_ARGS__)
| #define showlist(...) puts (#__VA_ARGS__)
| #define report(test,...) ((test) ? puts (#test) : printf (__VA_ARGS__))
| static void
| test_varargs_macros (void)
| {
|   int x = 1234;
|   int y = 5678;
|   debug ("Flag");
|   debug ("X = %d\n", x);
|   showlist (The first, second, and third items.);
|   report (x>y, "x is %d but y is %d", x, y);
| }
| 
| // Check long long types.
| #define BIG64 18446744073709551615ull
| #define BIG32 4294967295ul
| #define BIG_OK (BIG64 / BIG32 == 4294967297ull && BIG64 % BIG32 == 0)
| #if !BIG_OK
|   your preprocessor is broken;
| #endif
| #if BIG_OK
| #else
|   your preprocessor is broken;
| #endif
| static long long int bignum = -9223372036854775807LL;
| static unsigned long long int ubignum = BIG64;
| 
| struct incomplete_array
| {
|   int datasize;
|   double data[];
| };
| 
| struct named_init {
|   int number;
|   const wchar_t *name;
|   double average;
| };
| 
| typedef const char *ccp;
| 
| static inline int
| test_restrict (ccp restrict text)
| {
|   // See if C++-style comments work.
|   // Iterate through items via the restricted pointer.
|   // Also check for declarations in for loops.
|   for (unsigned int i = 0; *(text+i) != '\0'; ++i)
|     continue;
|   return 0;
| }
| 
| // Check varargs and va_copy.
| static void
| test_varargs (const char *format, ...)
| {
|   va_list args;
|   va_start (args, format);
|   va_list args_copy;
|   va_copy (args_copy, args);
| 
|   const char *str;
|   int number;
|   float fnumber;
| 
|   while (*format)
|     {
|       switch (*format++)
| 	{
| 	case 's': // string
| 	  str = va_arg (args_copy, const char *);
| 	  break;
| 	case 'd': // int
| 	  number = va_arg (args_copy, int);
| 	  break;
| 	case 'f': // float
| 	  fnumber = va_arg (args_copy, double);
| 	  break;
| 	default:
| 	  break;
| 	}
|     }
|   va_end (args_copy);
|   va_end (args);
| }
| 
| int
| main ()
| {
| 
|   // Check bool.
|   _Bool success = false;
| 
|   // Check restrict.
|   if (test_restrict ("String literal") == 0)
|     success = true;
|   char *restrict newvar = "Another string";
| 
|   // Check varargs.
|   test_varargs ("s, d' f .", "string", 65, 34.234);
|   test_varargs_macros ();
| 
|   // Check flexible array members.
|   struct incomplete_array *ia =
|     malloc (sizeof (struct incomplete_array) + (sizeof (double) * 10));
|   ia->datasize = 10;
|   for (int i = 0; i < ia->datasize; ++i)
|     ia->data[i] = i * 1.234;
| 
|   // Check named initializers.
|   struct named_init ni = {
|     .number = 34,
|     .name = L"Test wide string",
|     .average = 543.34343,
|   };
| 
|   ni.number = 58;
| 
|   int dynamic_array[ni.number];
|   dynamic_array[ni.number - 1] = 543;
| 
|   // work around unused variable warnings
|   return (!success || bignum == 0LL || ubignum == 0uLL || newvar[0] == 'x'
| 	  || dynamic_array[ni.number - 1] != 543);
| 
|   ;
|   return 0;
| }
configure:3178: mips-linux-gcc -xc99=all -c -g -O2  conftest.c >&5
mips-linux-gcc: language c99=all not recognized
mips-linux-gcc: language c99=all not recognized
mips-linux-gcc: conftest.c: linker input file unused because linking not done
configure:3178: $? = 0
configure: failed program was:
| /* confdefs.h */
| #define PACKAGE_NAME "ndisc6"
| #define PACKAGE_TARNAME "ndisc6"
| #define PACKAGE_VERSION "1.0.2"
| #define PACKAGE_STRING "ndisc6 1.0.2"
| #define PACKAGE_BUGREPORT "remi_no_bulk_mail@remlab.net"
| #define PACKAGE_URL ""
| #define PACKAGE_CONFIGURE_INVOCATION "./configure  '--host=mips-linux' 'host_alias=mips-linux'"
| #define PACKAGE_BUILD_HOSTNAME "localhost.localdomain"
| /* end confdefs.h.  */
| #include <stdarg.h>
| #include <stdbool.h>
| #include <stdlib.h>
| #include <wchar.h>
| #include <stdio.h>
| 
| // Check varargs macros.  These examples are taken from C99 6.10.3.5.
| #define debug(...) fprintf (stderr, __VA_ARGS__)
| #define showlist(...) puts (#__VA_ARGS__)
| #define report(test,...) ((test) ? puts (#test) : printf (__VA_ARGS__))
| static void
| test_varargs_macros (void)
| {
|   int x = 1234;
|   int y = 5678;
|   debug ("Flag");
|   debug ("X = %d\n", x);
|   showlist (The first, second, and third items.);
|   report (x>y, "x is %d but y is %d", x, y);
| }
| 
| // Check long long types.
| #define BIG64 18446744073709551615ull
| #define BIG32 4294967295ul
| #define BIG_OK (BIG64 / BIG32 == 4294967297ull && BIG64 % BIG32 == 0)
| #if !BIG_OK
|   your preprocessor is broken;
| #endif
| #if BIG_OK
| #else
|   your preprocessor is broken;
| #endif
| static long long int bignum = -9223372036854775807LL;
| static unsigned long long int ubignum = BIG64;
| 
| struct incomplete_array
| {
|   int datasize;
|   double data[];
| };
| 
| struct named_init {
|   int number;
|   const wchar_t *name;
|   double average;
| };
| 
| typedef const char *ccp;
| 
| static inline int
| test_restrict (ccp restrict text)
| {
|   // See if C++-style comments work.
|   // Iterate through items via the restricted pointer.
|   // Also check for declarations in for loops.
|   for (unsigned int i = 0; *(text+i) != '\0'; ++i)
|     continue;
|   return 0;
| }
| 
| // Check varargs and va_copy.
| static void
| test_varargs (const char *format, ...)
| {
|   va_list args;
|   va_start (args, format);
|   va_list args_copy;
|   va_copy (args_copy, args);
| 
|   const char *str;
|   int number;
|   float fnumber;
| 
|   while (*format)
|     {
|       switch (*format++)
| 	{
| 	case 's': // string
| 	  str = va_arg (args_copy, const char *);
| 	  break;
| 	case 'd': // int
| 	  number = va_arg (args_copy, int);
| 	  break;
| 	case 'f': // float
| 	  fnumber = va_arg (args_copy, double);
| 	  break;
| 	default:
| 	  break;
| 	}
|     }
|   va_end (args_copy);
|   va_end (args);
| }
| 
| int
| main ()
| {
| 
|   // Check bool.
|   _Bool success = false;
| 
|   // Check restrict.
|   if (test_restrict ("String literal") == 0)
|     success = true;
|   char *restrict newvar = "Another string";
| 
|   // Check varargs.
|   test_varargs ("s, d' f .", "string", 65, 34.234);
|   test_varargs_macros ();
| 
|   // Check flexible array members.
|   struct incomplete_array *ia =
|     malloc (sizeof (struct incomplete_array) + (sizeof (double) * 10));
|   ia->datasize = 10;
|   for (int i = 0; i < ia->datasize; ++i)
|     ia->data[i] = i * 1.234;
| 
|   // Check named initializers.
|   struct named_init ni = {
|     .number = 34,
|     .name = L"Test wide string",
|     .average = 543.34343,
|   };
| 
|   ni.number = 58;
| 
|   int dynamic_array[ni.number];
|   dynamic_array[ni.number - 1] = 543;
| 
|   // work around unused variable warnings
|   return (!success || bignum == 0LL || ubignum == 0uLL || newvar[0] == 'x'
| 	  || dynamic_array[ni.number - 1] != 543);
| 
|   ;
|   return 0;
| }
configure:3178: mips-linux-gcc -qlanglvl=extc99 -c -g -O2  conftest.c >&5
mips-linux-gcc: unrecognized option '-qlanglvl=extc99'
conftest.c:14:19: error: wchar.h: No such file or directory
conftest.c:54: error: expected ':', ',', ';', '}' or '__attribute__' before '*' token
conftest.c:61: error: expected ';', ',' or ')' before 'text'
conftest.c: In function 'main':
conftest.c:115: error: expected '=', ',', ';', 'asm' or '__attribute__' before 'newvar'
conftest.c:115: error: 'newvar' undeclared (first use in this function)
conftest.c:115: error: (Each undeclared identifier is reported only once
conftest.c:115: error: for each function it appears in.)
conftest.c:125: error: 'for' loop initial declaration used outside C99 mode
conftest.c:131: error: unknown field 'name' specified in initializer
conftest.c:131: warning: excess elements in struct initializer
conftest.c:131: warning: (near initialization for 'ni')
conftest.c:132: error: unknown field 'average' specified in initializer
conftest.c:132: warning: excess elements in struct initializer
conftest.c:132: warning: (near initialization for 'ni')
configure:3178: $? = 1
configure: failed program was:
| /* confdefs.h */
| #define PACKAGE_NAME "ndisc6"
| #define PACKAGE_TARNAME "ndisc6"
| #define PACKAGE_VERSION "1.0.2"
| #define PACKAGE_STRING "ndisc6 1.0.2"
| #define PACKAGE_BUGREPORT "remi_no_bulk_mail@remlab.net"
| #define PACKAGE_URL ""
| #define PACKAGE_CONFIGURE_INVOCATION "./configure  '--host=mips-linux' 'host_alias=mips-linux'"
| #define PACKAGE_BUILD_HOSTNAME "localhost.localdomain"
| /* end confdefs.h.  */
| #include <stdarg.h>
| #include <stdbool.h>
| #include <stdlib.h>
| #include <wchar.h>
| #include <stdio.h>
| 
| // Check varargs macros.  These examples are taken from C99 6.10.3.5.
| #define debug(...) fprintf (stderr, __VA_ARGS__)
| #define showlist(...) puts (#__VA_ARGS__)
| #define report(test,...) ((test) ? puts (#test) : printf (__VA_ARGS__))
| static void
| test_varargs_macros (void)
| {
|   int x = 1234;
|   int y = 5678;
|   debug ("Flag");
|   debug ("X = %d\n", x);
|   showlist (The first, second, and third items.);
|   report (x>y, "x is %d but y is %d", x, y);
| }
| 
| // Check long long types.
| #define BIG64 18446744073709551615ull
| #define BIG32 4294967295ul
| #define BIG_OK (BIG64 / BIG32 == 4294967297ull && BIG64 % BIG32 == 0)
| #if !BIG_OK
|   your preprocessor is broken;
| #endif
| #if BIG_OK
| #else
|   your preprocessor is broken;
| #endif
| static long long int bignum = -9223372036854775807LL;
| static unsigned long long int ubignum = BIG64;
| 
| struct incomplete_array
| {
|   int datasize;
|   double data[];
| };
| 
| struct named_init {
|   int number;
|   const wchar_t *name;
|   double average;
| };
| 
| typedef const char *ccp;
| 
| static inline int
| test_restrict (ccp restrict text)
| {
|   // See if C++-style comments work.
|   // Iterate through items via the restricted pointer.
|   // Also check for declarations in for loops.
|   for (unsigned int i = 0; *(text+i) != '\0'; ++i)
|     continue;
|   return 0;
| }
| 
| // Check varargs and va_copy.
| static void
| test_varargs (const char *format, ...)
| {
|   va_list args;
|   va_start (args, format);
|   va_list args_copy;
|   va_copy (args_copy, args);
| 
|   const char *str;
|   int number;
|   float fnumber;
| 
|   while (*format)
|     {
|       switch (*format++)
| 	{
| 	case 's': // string
| 	  str = va_arg (args_copy, const char *);
| 	  break;
| 	case 'd': // int
| 	  number = va_arg (args_copy, int);
| 	  break;
| 	case 'f': // float
| 	  fnumber = va_arg (args_copy, double);
| 	  break;
| 	default:
| 	  break;
| 	}
|     }
|   va_end (args_copy);
|   va_end (args);
| }
| 
| int
| main ()
| {
| 
|   // Check bool.
|   _Bool success = false;
| 
|   // Check restrict.
|   if (test_restrict ("String literal") == 0)
|     success = true;
|   char *restrict newvar = "Another string";
| 
|   // Check varargs.
|   test_varargs ("s, d' f .", "string", 65, 34.234);
|   test_varargs_macros ();
| 
|   // Check flexible array members.
|   struct incomplete_array *ia =
|     malloc (sizeof (struct incomplete_array) + (sizeof (double) * 10));
|   ia->datasize = 10;
|   for (int i = 0; i < ia->datasize; ++i)
|     ia->data[i] = i * 1.234;
| 
|   // Check named initializers.
|   struct named_init ni = {
|     .number = 34,
|     .name = L"Test wide string",
|     .average = 543.34343,
|   };
| 
|   ni.number = 58;
| 
|   int dynamic_array[ni.number];
|   dynamic_array[ni.number - 1] = 543;
| 
|   // work around unused variable warnings
|   return (!success || bignum == 0LL || ubignum == 0uLL || newvar[0] == 'x'
| 	  || dynamic_array[ni.number - 1] != 543);
| 
|   ;
|   return 0;
| }
configure:3194: result: unsupported
configure:3207: checking whether mips-linux-gcc and cc understand -c and -o together
configure:3238: mips-linux-gcc -c conftest.c -o conftest2.o >&5
configure:3242: $? = 0
configure:3248: mips-linux-gcc -c conftest.c -o conftest2.o >&5
configure:3252: $? = 0
configure:3263: cc -c conftest.c >&5
configure:3267: $? = 0
configure:3275: cc -c conftest.c -o conftest2.o >&5
configure:3279: $? = 0
configure:3285: cc -c conftest.c -o conftest2.o >&5
configure:3289: $? = 0
configure:3307: result: yes
configure:3341: checking how to run the C preprocessor
configure:3372: mips-linux-gcc -E  conftest.c
configure:3372: $? = 0
configure:3386: mips-linux-gcc -E  conftest.c
conftest.c:11:28: error: ac_nonexistent.h: No such file or directory
configure:3386: $? = 1
configure: failed program was:
| /* confdefs.h */
| #define PACKAGE_NAME "ndisc6"
| #define PACKAGE_TARNAME "ndisc6"
| #define PACKAGE_VERSION "1.0.2"
| #define PACKAGE_STRING "ndisc6 1.0.2"
| #define PACKAGE_BUGREPORT "remi_no_bulk_mail@remlab.net"
| #define PACKAGE_URL ""
| #define PACKAGE_CONFIGURE_INVOCATION "./configure  '--host=mips-linux' 'host_alias=mips-linux'"
| #define PACKAGE_BUILD_HOSTNAME "localhost.localdomain"
| /* end confdefs.h.  */
| #include <ac_nonexistent.h>
configure:3411: result: mips-linux-gcc -E
configure:3431: mips-linux-gcc -E  conftest.c
configure:3431: $? = 0
configure:3445: mips-linux-gcc -E  conftest.c
conftest.c:11:28: error: ac_nonexistent.h: No such file or directory
configure:3445: $? = 1
configure: failed program was:
| /* confdefs.h */
| #define PACKAGE_NAME "ndisc6"
| #define PACKAGE_TARNAME "ndisc6"
| #define PACKAGE_VERSION "1.0.2"
| #define PACKAGE_STRING "ndisc6 1.0.2"
| #define PACKAGE_BUGREPORT "remi_no_bulk_mail@remlab.net"
| #define PACKAGE_URL ""
| #define PACKAGE_CONFIGURE_INVOCATION "./configure  '--host=mips-linux' 'host_alias=mips-linux'"
| #define PACKAGE_BUILD_HOSTNAME "localhost.localdomain"
| /* end confdefs.h.  */
| #include <ac_nonexistent.h>
configure:3474: checking for grep that handles long lines and -e
configure:3532: result: /bin/grep
configure:3537: checking for egrep
configure:3599: result: /bin/grep -E
configure:3604: checking for ANSI C header files
configure:3624: mips-linux-gcc -c -g -O2  conftest.c >&5
configure:3624: $? = 0
configure:3708: result: yes
configure:3721: checking for sys/types.h
configure:3721: mips-linux-gcc -c -g -O2  conftest.c >&5
configure:3721: $? = 0
configure:3721: result: yes
configure:3721: checking for sys/stat.h
configure:3721: mips-linux-gcc -c -g -O2  conftest.c >&5
configure:3721: $? = 0
configure:3721: result: yes
configure:3721: checking for stdlib.h
configure:3721: mips-linux-gcc -c -g -O2  conftest.c >&5
configure:3721: $? = 0
configure:3721: result: yes
configure:3721: checking for string.h
configure:3721: mips-linux-gcc -c -g -O2  conftest.c >&5
configure:3721: $? = 0
configure:3721: result: yes
configure:3721: checking for memory.h
configure:3721: mips-linux-gcc -c -g -O2  conftest.c >&5
configure:3721: $? = 0
configure:3721: result: yes
configure:3721: checking for strings.h
configure:3721: mips-linux-gcc -c -g -O2  conftest.c >&5
configure:3721: $? = 0
configure:3721: result: yes
configure:3721: checking for inttypes.h
configure:3721: mips-linux-gcc -c -g -O2  conftest.c >&5
configure:3721: $? = 0
configure:3721: result: yes
configure:3721: checking for stdint.h
configure:3721: mips-linux-gcc -c -g -O2  conftest.c >&5
configure:3721: $? = 0
configure:3721: result: yes
configure:3721: checking for unistd.h
configure:3721: mips-linux-gcc -c -g -O2  conftest.c >&5
configure:3721: $? = 0
configure:3721: result: yes
configure:3734: checking minix/config.h usability
configure:3734: mips-linux-gcc -c -g -O2  conftest.c >&5
conftest.c:54:26: error: minix/config.h: No such file or directory
configure:3734: $? = 1
configure: failed program was:
| /* confdefs.h */
| #define PACKAGE_NAME "ndisc6"
| #define PACKAGE_TARNAME "ndisc6"
| #define PACKAGE_VERSION "1.0.2"
| #define PACKAGE_STRING "ndisc6 1.0.2"
| #define PACKAGE_BUGREPORT "remi_no_bulk_mail@remlab.net"
| #define PACKAGE_URL ""
| #define PACKAGE_CONFIGURE_INVOCATION "./configure  '--host=mips-linux' 'host_alias=mips-linux'"
| #define PACKAGE_BUILD_HOSTNAME "localhost.localdomain"
| #define STDC_HEADERS 1
| #define HAVE_SYS_TYPES_H 1
| #define HAVE_SYS_STAT_H 1
| #define HAVE_STDLIB_H 1
| #define HAVE_STRING_H 1
| #define HAVE_MEMORY_H 1
| #define HAVE_STRINGS_H 1
| #define HAVE_INTTYPES_H 1
| #define HAVE_STDINT_H 1
| #define HAVE_UNISTD_H 1
| /* end confdefs.h.  */
| #include <stdio.h>
| #ifdef HAVE_SYS_TYPES_H
| # include <sys/types.h>
| #endif
| #ifdef HAVE_SYS_STAT_H
| # include <sys/stat.h>
| #endif
| #ifdef STDC_HEADERS
| # include <stdlib.h>
| # include <stddef.h>
| #else
| # ifdef HAVE_STDLIB_H
| #  include <stdlib.h>
| # endif
| #endif
| #ifdef HAVE_STRING_H
| # if !defined STDC_HEADERS && defined HAVE_MEMORY_H
| #  include <memory.h>
| # endif
| # include <string.h>
| #endif
| #ifdef HAVE_STRINGS_H
| # include <strings.h>
| #endif
| #ifdef HAVE_INTTYPES_H
| # include <inttypes.h>
| #endif
| #ifdef HAVE_STDINT_H
| # include <stdint.h>
| #endif
| #ifdef HAVE_UNISTD_H
| # include <unistd.h>
| #endif
| #include <minix/config.h>
configure:3734: result: no
configure:3734: checking minix/config.h presence
configure:3734: mips-linux-gcc -E  conftest.c
conftest.c:21:26: error: minix/config.h: No such file or directory
configure:3734: $? = 1
configure: failed program was:
| /* confdefs.h */
| #define PACKAGE_NAME "ndisc6"
| #define PACKAGE_TARNAME "ndisc6"
| #define PACKAGE_VERSION "1.0.2"
| #define PACKAGE_STRING "ndisc6 1.0.2"
| #define PACKAGE_BUGREPORT "remi_no_bulk_mail@remlab.net"
| #define PACKAGE_URL ""
| #define PACKAGE_CONFIGURE_INVOCATION "./configure  '--host=mips-linux' 'host_alias=mips-linux'"
| #define PACKAGE_BUILD_HOSTNAME "localhost.localdomain"
| #define STDC_HEADERS 1
| #define HAVE_SYS_TYPES_H 1
| #define HAVE_SYS_STAT_H 1
| #define HAVE_STDLIB_H 1
| #define HAVE_STRING_H 1
| #define HAVE_MEMORY_H 1
| #define HAVE_STRINGS_H 1
| #define HAVE_INTTYPES_H 1
| #define HAVE_STDINT_H 1
| #define HAVE_UNISTD_H 1
| /* end confdefs.h.  */
| #include <minix/config.h>
configure:3734: result: no
configure:3734: checking for minix/config.h
configure:3734: result: no
configure:3755: checking whether it is safe to define __EXTENSIONS__
configure:3773: mips-linux-gcc -c -g -O2  conftest.c >&5
configure:3773: $? = 0
configure:3780: result: yes
configure:3798: checking for mips-linux-ranlib
configure:3814: found /opt/toolchains/uclibc-crosstools-gcc-4.2.3-3/usr/bin//mips-linux-ranlib
configure:3825: result: mips-linux-ranlib
configure:3890: checking for perl
configure:3908: found /usr/bin/perl
configure:3921: result: /usr/bin/perl
configure:3952: checking for a BSD-compatible install
configure:4020: result: /usr/bin/install -c
configure:4031: checking whether build environment is sane
configure:4081: result: yes
configure:4127: checking for mips-linux-strip
configure:4143: found /opt/toolchains/uclibc-crosstools-gcc-4.2.3-3/usr/bin//mips-linux-strip
configure:4154: result: mips-linux-strip
configure:4219: checking for a thread-safe mkdir -p
configure:4258: result: /bin/mkdir -p
configure:4271: checking for gawk
configure:4287: found /bin/gawk
configure:4298: result: gawk
configure:4309: checking whether make sets $(MAKE)
configure:4331: result: yes
configure:4361: checking for style of include used by make
configure:4389: result: GNU
configure:4474: checking dependency style of mips-linux-gcc
configure:4584: result: gcc3
configure:4614: checking required libraries...
configure:4618: checking for clock_gettime in -lrt
configure:4643: mips-linux-gcc -o conftest -g -O2   conftest.c -lrt   >&5
configure:4643: $? = 0
configure:4652: result: yes
configure:4662: checking whether NLS is requested
configure:4671: result: yes
configure:4712: checking for msgfmt
configure: trying /usr/bin/msgfmt...
0 translated messages.
configure:4744: result: /usr/bin/msgfmt
configure:4753: checking for gmsgfmt
configure:4784: result: /usr/bin/msgfmt
configure:4835: checking for xgettext
configure: trying /usr/bin/xgettext...
/usr/bin/xgettext: warning: file `/dev/null' extension `' is unknown; will try C
configure:4867: result: /usr/bin/xgettext
configure:4913: checking for msgmerge
configure: trying /usr/bin/msgmerge...
configure:4944: result: /usr/bin/msgmerge
configure:4981: checking build system type
configure:4995: result: i686-pc-linux-gnu
configure:5015: checking host system type
configure:5028: result: mips-unknown-linux-gnu
configure:5072: checking for ld used by GCC
configure:5136: result: /opt/toolchains/uclibc-crosstools-gcc-4.2.3-3/usr/mips-linux-uclibc/bin/ld
configure:5143: checking if the linker (/opt/toolchains/uclibc-crosstools-gcc-4.2.3-3/usr/mips-linux-uclibc/bin/ld) is GNU ld
configure:5156: result: yes
configure:5163: checking for shared library run path origin
configure:5176: result: done
configure:5677: checking for CFPreferencesCopyAppValue
configure:5695: mips-linux-gcc -o conftest -g -O2   conftest.c  -Wl,-framework -Wl,CoreFoundation >&5
conftest.c:28:42: error: CoreFoundation/CFPreferences.h: No such file or directory
conftest.c: In function 'main':
conftest.c:32: error: 'NULL' undeclared (first use in this function)
conftest.c:32: error: (Each undeclared identifier is reported only once
conftest.c:32: error: for each function it appears in.)
configure:5695: $? = 1
configure: failed program was:
| /* confdefs.h */
| #define PACKAGE_NAME "ndisc6"
| #define PACKAGE_TARNAME "ndisc6"
| #define PACKAGE_VERSION "1.0.2"
| #define PACKAGE_STRING "ndisc6 1.0.2"
| #define PACKAGE_BUGREPORT "remi_no_bulk_mail@remlab.net"
| #define PACKAGE_URL ""
| #define PACKAGE_CONFIGURE_INVOCATION "./configure  '--host=mips-linux' 'host_alias=mips-linux'"
| #define PACKAGE_BUILD_HOSTNAME "localhost.localdomain"
| #define STDC_HEADERS 1
| #define HAVE_SYS_TYPES_H 1
| #define HAVE_SYS_STAT_H 1
| #define HAVE_STDLIB_H 1
| #define HAVE_STRING_H 1
| #define HAVE_MEMORY_H 1
| #define HAVE_STRINGS_H 1
| #define HAVE_INTTYPES_H 1
| #define HAVE_STDINT_H 1
| #define HAVE_UNISTD_H 1
| #define __EXTENSIONS__ 1
| #define _ALL_SOURCE 1
| #define _GNU_SOURCE 1
| #define _POSIX_PTHREAD_SEMANTICS 1
| #define _TANDEM_SOURCE 1
| #define PACKAGE "ndisc6"
| #define VERSION "1.0.2"
| /* end confdefs.h.  */
| #include <CoreFoundation/CFPreferences.h>
| int
| main ()
| {
| CFPreferencesCopyAppValue(NULL, NULL)
|   ;
|   return 0;
| }
configure:5704: result: no
configure:5711: checking for CFLocaleCopyCurrent
configure:5729: mips-linux-gcc -o conftest -g -O2   conftest.c  -Wl,-framework -Wl,CoreFoundation >&5
conftest.c:28:37: error: CoreFoundation/CFLocale.h: No such file or directory
configure:5729: $? = 1
configure: failed program was:
| /* confdefs.h */
| #define PACKAGE_NAME "ndisc6"
| #define PACKAGE_TARNAME "ndisc6"
| #define PACKAGE_VERSION "1.0.2"
| #define PACKAGE_STRING "ndisc6 1.0.2"
| #define PACKAGE_BUGREPORT "remi_no_bulk_mail@remlab.net"
| #define PACKAGE_URL ""
| #define PACKAGE_CONFIGURE_INVOCATION "./configure  '--host=mips-linux' 'host_alias=mips-linux'"
| #define PACKAGE_BUILD_HOSTNAME "localhost.localdomain"
| #define STDC_HEADERS 1
| #define HAVE_SYS_TYPES_H 1
| #define HAVE_SYS_STAT_H 1
| #define HAVE_STDLIB_H 1
| #define HAVE_STRING_H 1
| #define HAVE_MEMORY_H 1
| #define HAVE_STRINGS_H 1
| #define HAVE_INTTYPES_H 1
| #define HAVE_STDINT_H 1
| #define HAVE_UNISTD_H 1
| #define __EXTENSIONS__ 1
| #define _ALL_SOURCE 1
| #define _GNU_SOURCE 1
| #define _POSIX_PTHREAD_SEMANTICS 1
| #define _TANDEM_SOURCE 1
| #define PACKAGE "ndisc6"
| #define VERSION "1.0.2"
| /* end confdefs.h.  */
| #include <CoreFoundation/CFLocale.h>
| int
| main ()
| {
| CFLocaleCopyCurrent();
|   ;
|   return 0;
| }
configure:5738: result: no
configure:5787: checking for GNU gettext in libc
configure:5807: mips-linux-gcc -o conftest -g -O2   conftest.c  >&5
conftest.c:28:21: error: libintl.h: No such file or directory
conftest.c: In function 'main':
conftest.c:36: warning: incompatible implicit declaration of built-in function 'gettext'
conftest.c:36: error: invalid type argument of 'unary *'
configure:5807: $? = 1
configure: failed program was:
| /* confdefs.h */
| #define PACKAGE_NAME "ndisc6"
| #define PACKAGE_TARNAME "ndisc6"
| #define PACKAGE_VERSION "1.0.2"
| #define PACKAGE_STRING "ndisc6 1.0.2"
| #define PACKAGE_BUGREPORT "remi_no_bulk_mail@remlab.net"
| #define PACKAGE_URL ""
| #define PACKAGE_CONFIGURE_INVOCATION "./configure  '--host=mips-linux' 'host_alias=mips-linux'"
| #define PACKAGE_BUILD_HOSTNAME "localhost.localdomain"
| #define STDC_HEADERS 1
| #define HAVE_SYS_TYPES_H 1
| #define HAVE_SYS_STAT_H 1
| #define HAVE_STDLIB_H 1
| #define HAVE_STRING_H 1
| #define HAVE_MEMORY_H 1
| #define HAVE_STRINGS_H 1
| #define HAVE_INTTYPES_H 1
| #define HAVE_STDINT_H 1
| #define HAVE_UNISTD_H 1
| #define __EXTENSIONS__ 1
| #define _ALL_SOURCE 1
| #define _GNU_SOURCE 1
| #define _POSIX_PTHREAD_SEMANTICS 1
| #define _TANDEM_SOURCE 1
| #define PACKAGE "ndisc6"
| #define VERSION "1.0.2"
| /* end confdefs.h.  */
| #include <libintl.h>
| 
| extern int _nl_msg_cat_cntr;
| extern int *_nl_domain_bindings;
| int
| main ()
| {
| bindtextdomain ("", "");
| return * gettext ("") + * ngettext ("", "", 0) + _nl_msg_cat_cntr + *_nl_domain_bindings
|   ;
|   return 0;
| }
configure:5816: result: no
configure:5850: checking for iconv
configure:5872: mips-linux-gcc -o conftest -g -O2   conftest.c  >&5
conftest.c:29:19: error: iconv.h: No such file or directory
conftest.c: In function 'main':
conftest.c:33: error: 'iconv_t' undeclared (first use in this function)
conftest.c:33: error: (Each undeclared identifier is reported only once
conftest.c:33: error: for each function it appears in.)
conftest.c:33: error: expected ';' before 'cd'
conftest.c:34: error: 'cd' undeclared (first use in this function)
configure:5872: $? = 1
configure: failed program was:
| /* confdefs.h */
| #define PACKAGE_NAME "ndisc6"
| #define PACKAGE_TARNAME "ndisc6"
| #define PACKAGE_VERSION "1.0.2"
| #define PACKAGE_STRING "ndisc6 1.0.2"
| #define PACKAGE_BUGREPORT "remi_no_bulk_mail@remlab.net"
| #define PACKAGE_URL ""
| #define PACKAGE_CONFIGURE_INVOCATION "./configure  '--host=mips-linux' 'host_alias=mips-linux'"
| #define PACKAGE_BUILD_HOSTNAME "localhost.localdomain"
| #define STDC_HEADERS 1
| #define HAVE_SYS_TYPES_H 1
| #define HAVE_SYS_STAT_H 1
| #define HAVE_STDLIB_H 1
| #define HAVE_STRING_H 1
| #define HAVE_MEMORY_H 1
| #define HAVE_STRINGS_H 1
| #define HAVE_INTTYPES_H 1
| #define HAVE_STDINT_H 1
| #define HAVE_UNISTD_H 1
| #define __EXTENSIONS__ 1
| #define _ALL_SOURCE 1
| #define _GNU_SOURCE 1
| #define _POSIX_PTHREAD_SEMANTICS 1
| #define _TANDEM_SOURCE 1
| #define PACKAGE "ndisc6"
| #define VERSION "1.0.2"
| /* end confdefs.h.  */
| #include <stdlib.h>
| #include <iconv.h>
| int
| main ()
| {
| iconv_t cd = iconv_open("","");
|        iconv(cd,NULL,NULL,NULL,NULL);
|        iconv_close(cd);
|   ;
|   return 0;
| }
configure:5894: mips-linux-gcc -o conftest -g -O2   conftest.c  -liconv >&5
conftest.c:29:19: error: iconv.h: No such file or directory
conftest.c: In function 'main':
conftest.c:33: error: 'iconv_t' undeclared (first use in this function)
conftest.c:33: error: (Each undeclared identifier is reported only once
conftest.c:33: error: for each function it appears in.)
conftest.c:33: error: expected ';' before 'cd'
conftest.c:34: error: 'cd' undeclared (first use in this function)
configure:5894: $? = 1
configure: failed program was:
| /* confdefs.h */
| #define PACKAGE_NAME "ndisc6"
| #define PACKAGE_TARNAME "ndisc6"
| #define PACKAGE_VERSION "1.0.2"
| #define PACKAGE_STRING "ndisc6 1.0.2"
| #define PACKAGE_BUGREPORT "remi_no_bulk_mail@remlab.net"
| #define PACKAGE_URL ""
| #define PACKAGE_CONFIGURE_INVOCATION "./configure  '--host=mips-linux' 'host_alias=mips-linux'"
| #define PACKAGE_BUILD_HOSTNAME "localhost.localdomain"
| #define STDC_HEADERS 1
| #define HAVE_SYS_TYPES_H 1
| #define HAVE_SYS_STAT_H 1
| #define HAVE_STDLIB_H 1
| #define HAVE_STRING_H 1
| #define HAVE_MEMORY_H 1
| #define HAVE_STRINGS_H 1
| #define HAVE_INTTYPES_H 1
| #define HAVE_STDINT_H 1
| #define HAVE_UNISTD_H 1
| #define __EXTENSIONS__ 1
| #define _ALL_SOURCE 1
| #define _GNU_SOURCE 1
| #define _POSIX_PTHREAD_SEMANTICS 1
| #define _TANDEM_SOURCE 1
| #define PACKAGE "ndisc6"
| #define VERSION "1.0.2"
| /* end confdefs.h.  */
| #include <stdlib.h>
| #include <iconv.h>
| int
| main ()
| {
| iconv_t cd = iconv_open("","");
|          iconv(cd,NULL,NULL,NULL,NULL);
|          iconv_close(cd);
|   ;
|   return 0;
| }
configure:5904: result: no, consider installing GNU libiconv
configure:6458: checking for GNU gettext in libintl
configure:6486: mips-linux-gcc -o conftest -g -O2    conftest.c  -lintl >&5
conftest.c:28:21: error: libintl.h: No such file or directory
conftest.c: In function 'main':
conftest.c:40: warning: incompatible implicit declaration of built-in function 'gettext'
conftest.c:40: error: invalid type argument of 'unary *'
configure:6486: $? = 1
configure: failed program was:
| /* confdefs.h */
| #define PACKAGE_NAME "ndisc6"
| #define PACKAGE_TARNAME "ndisc6"
| #define PACKAGE_VERSION "1.0.2"
| #define PACKAGE_STRING "ndisc6 1.0.2"
| #define PACKAGE_BUGREPORT "remi_no_bulk_mail@remlab.net"
| #define PACKAGE_URL ""
| #define PACKAGE_CONFIGURE_INVOCATION "./configure  '--host=mips-linux' 'host_alias=mips-linux'"
| #define PACKAGE_BUILD_HOSTNAME "localhost.localdomain"
| #define STDC_HEADERS 1
| #define HAVE_SYS_TYPES_H 1
| #define HAVE_SYS_STAT_H 1
| #define HAVE_STDLIB_H 1
| #define HAVE_STRING_H 1
| #define HAVE_MEMORY_H 1
| #define HAVE_STRINGS_H 1
| #define HAVE_INTTYPES_H 1
| #define HAVE_STDINT_H 1
| #define HAVE_UNISTD_H 1
| #define __EXTENSIONS__ 1
| #define _ALL_SOURCE 1
| #define _GNU_SOURCE 1
| #define _POSIX_PTHREAD_SEMANTICS 1
| #define _TANDEM_SOURCE 1
| #define PACKAGE "ndisc6"
| #define VERSION "1.0.2"
| /* end confdefs.h.  */
| #include <libintl.h>
| 
| extern int _nl_msg_cat_cntr;
| extern
| #ifdef __cplusplus
| "C"
| #endif
| const char *_nl_expand_alias (const char *);
| int
| main ()
| {
| bindtextdomain ("", "");
| return * gettext ("") + * ngettext ("", "", 0) + _nl_msg_cat_cntr + *_nl_expand_alias ("")
|   ;
|   return 0;
| }
configure:6527: result: no
configure:6562: checking whether to use NLS
configure:6564: result: no
configure:6638: checking header files...
configure:6641: checking whether to enable assertions
configure:6659: result: yes
configure:6668: checking library functions...
configure:6673: checking getopt.h usability
configure:6673: mips-linux-gcc -c -g -O2  conftest.c >&5
configure:6673: $? = 0
configure:6673: result: yes
configure:6673: checking getopt.h presence
configure:6673: mips-linux-gcc -E  conftest.c
configure:6673: $? = 0
configure:6673: result: yes
configure:6673: checking for getopt.h
configure:6673: result: yes
configure:6684: checking for library containing getopt_long
configure:6715: mips-linux-gcc -o conftest -g -O2   conftest.c  >&5
configure:6715: $? = 0
configure:6732: result: none required
configure:6756: checking for clock_nanosleep
configure:6756: mips-linux-gcc -o conftest -g -O2   conftest.c -lrt  >&5
/tmp/ccOaqzpU.o: In function `main':
/home/Leo/PhaseII/prepare/userspace/gpl/apps/ndisc6-1.0.2/conftest.c:64: undefined reference to `clock_nanosleep'
collect2: ld returned 1 exit status
configure:6756: $? = 1
configure: failed program was:
| /* confdefs.h */
| #define PACKAGE_NAME "ndisc6"
| #define PACKAGE_TARNAME "ndisc6"
| #define PACKAGE_VERSION "1.0.2"
| #define PACKAGE_STRING "ndisc6 1.0.2"
| #define PACKAGE_BUGREPORT "remi_no_bulk_mail@remlab.net"
| #define PACKAGE_URL ""
| #define PACKAGE_CONFIGURE_INVOCATION "./configure  '--host=mips-linux' 'host_alias=mips-linux'"
| #define PACKAGE_BUILD_HOSTNAME "localhost.localdomain"
| #define STDC_HEADERS 1
| #define HAVE_SYS_TYPES_H 1
| #define HAVE_SYS_STAT_H 1
| #define HAVE_STDLIB_H 1
| #define HAVE_STRING_H 1
| #define HAVE_MEMORY_H 1
| #define HAVE_STRINGS_H 1
| #define HAVE_INTTYPES_H 1
| #define HAVE_STDINT_H 1
| #define HAVE_UNISTD_H 1
| #define __EXTENSIONS__ 1
| #define _ALL_SOURCE 1
| #define _GNU_SOURCE 1
| #define _POSIX_PTHREAD_SEMANTICS 1
| #define _TANDEM_SOURCE 1
| #define PACKAGE "ndisc6"
| #define VERSION "1.0.2"
| #define HAVE_GETOPT_H 1
| #define HAVE_GETOPT_LONG 1
| /* end confdefs.h.  */
| /* Define clock_nanosleep to an innocuous variant, in case <limits.h> declares clock_nanosleep.
|    For example, HP-UX 11i <limits.h> declares gettimeofday.  */
| #define clock_nanosleep innocuous_clock_nanosleep
| 
| /* System header to define __stub macros and hopefully few prototypes,
|     which can conflict with char clock_nanosleep (); below.
|     Prefer <limits.h> to <assert.h> if __STDC__ is defined, since
|     <limits.h> exists even on freestanding compilers.  */
| 
| #ifdef __STDC__
| # include <limits.h>
| #else
| # include <assert.h>
| #endif
| 
| #undef clock_nanosleep
| 
| /* Override any GCC internal prototype to avoid an error.
|    Use char because int might match the return type of a GCC
|    builtin and then its argument prototype would still apply.  */
| #ifdef __cplusplus
| extern "C"
| #endif
| char clock_nanosleep ();
| /* The GNU C library defines this for functions which it implements
|     to always fail with ENOSYS.  Some functions are actually named
|     something starting with __ and the normal name is an alias.  */
| #if defined __stub_clock_nanosleep || defined __stub___clock_nanosleep
| choke me
| #endif
| 
| int
| main ()
| {
| return clock_nanosleep ();
|   ;
|   return 0;
| }
configure:6756: result: no
configure:6766: checking for fdatasync
configure:6766: mips-linux-gcc -o conftest -g -O2   conftest.c  >&5
configure:6766: $? = 0
configure:6766: result: yes
configure:6779: checking for inet6_rth_add
configure:6779: mips-linux-gcc -o conftest -g -O2   conftest.c  >&5
/tmp/ccWwRex7.o: In function `main':
/home/Leo/PhaseII/prepare/userspace/gpl/apps/ndisc6-1.0.2/conftest.c:65: undefined reference to `inet6_rth_add'
collect2: ld returned 1 exit status
configure:6779: $? = 1
configure: failed program was:
| /* confdefs.h */
| #define PACKAGE_NAME "ndisc6"
| #define PACKAGE_TARNAME "ndisc6"
| #define PACKAGE_VERSION "1.0.2"
| #define PACKAGE_STRING "ndisc6 1.0.2"
| #define PACKAGE_BUGREPORT "remi_no_bulk_mail@remlab.net"
| #define PACKAGE_URL ""
| #define PACKAGE_CONFIGURE_INVOCATION "./configure  '--host=mips-linux' 'host_alias=mips-linux'"
| #define PACKAGE_BUILD_HOSTNAME "localhost.localdomain"
| #define STDC_HEADERS 1
| #define HAVE_SYS_TYPES_H 1
| #define HAVE_SYS_STAT_H 1
| #define HAVE_STDLIB_H 1
| #define HAVE_STRING_H 1
| #define HAVE_MEMORY_H 1
| #define HAVE_STRINGS_H 1
| #define HAVE_INTTYPES_H 1
| #define HAVE_STDINT_H 1
| #define HAVE_UNISTD_H 1
| #define __EXTENSIONS__ 1
| #define _ALL_SOURCE 1
| #define _GNU_SOURCE 1
| #define _POSIX_PTHREAD_SEMANTICS 1
| #define _TANDEM_SOURCE 1
| #define PACKAGE "ndisc6"
| #define VERSION "1.0.2"
| #define HAVE_GETOPT_H 1
| #define HAVE_GETOPT_LONG 1
| #define HAVE_FDATASYNC 1
| /* end confdefs.h.  */
| /* Define inet6_rth_add to an innocuous variant, in case <limits.h> declares inet6_rth_add.
|    For example, HP-UX 11i <limits.h> declares gettimeofday.  */
| #define inet6_rth_add innocuous_inet6_rth_add
| 
| /* System header to define __stub macros and hopefully few prototypes,
|     which can conflict with char inet6_rth_add (); below.
|     Prefer <limits.h> to <assert.h> if __STDC__ is defined, since
|     <limits.h> exists even on freestanding compilers.  */
| 
| #ifdef __STDC__
| # include <limits.h>
| #else
| # include <assert.h>
| #endif
| 
| #undef inet6_rth_add
| 
| /* Override any GCC internal prototype to avoid an error.
|    Use char because int might match the return type of a GCC
|    builtin and then its argument prototype would still apply.  */
| #ifdef __cplusplus
| extern "C"
| #endif
| char inet6_rth_add ();
| /* The GNU C library defines this for functions which it implements
|     to always fail with ENOSYS.  Some functions are actually named
|     something starting with __ and the normal name is an alias.  */
| #if defined __stub_inet6_rth_add || defined __stub___inet6_rth_add
| choke me
| #endif
| 
| int
| main ()
| {
| return inet6_rth_add ();
|   ;
|   return 0;
| }
configure:6779: result: no
configure:6792: checking for ppoll
configure:6792: mips-linux-gcc -o conftest -g -O2   conftest.c  >&5
configure:6792: $? = 0
configure:6792: result: yes
configure:6809: checking for library containing socket
configure:6840: mips-linux-gcc -o conftest -g -O2   conftest.c  >&5
configure:6840: $? = 0
configure:6857: result: none required
configure:6906: checking for library containing inet_ntop
configure:6937: mips-linux-gcc -o conftest -g -O2   conftest.c  >&5
configure:6937: $? = 0
configure:6954: result: none required
configure:6964: checking optional features...
configure:6966: checking if installed programs should be setuid
configure:6984: result: yes
configure:6993: writing results...
configure:7120: creating ./config.status

## ---------------------- ##
## Running config.status. ##
## ---------------------- ##

This file was extended by ndisc6 config.status 1.0.2, which was
generated by GNU Autoconf 2.67.  Invocation command line was

  CONFIG_FILES    = 
  CONFIG_HEADERS  = 
  CONFIG_LINKS    = 
  CONFIG_COMMANDS = 
  $ ./config.status 

on MSG-SW3-CHT

config.status:913: creating Makefile
config.status:913: creating m4/Makefile
config.status:913: creating po/Makefile.in
config.status:913: creating doc/Makefile
config.status:913: creating compat/Makefile
config.status:913: creating src/Makefile
config.status:913: creating rdnssd/Makefile
config.status:913: creating config.h
config.status:1141: executing depfiles commands
config.status:1141: executing po-directories commands

## ---------------- ##
## Cache variables. ##
## ---------------- ##

ac_cv_build=i686-pc-linux-gnu
ac_cv_c_compiler_gnu=yes
ac_cv_env_CC_set=
ac_cv_env_CC_value=
ac_cv_env_CFLAGS_set=
ac_cv_env_CFLAGS_value=
ac_cv_env_CPPFLAGS_set=
ac_cv_env_CPPFLAGS_value=
ac_cv_env_CPP_set=
ac_cv_env_CPP_value=
ac_cv_env_LDFLAGS_set=
ac_cv_env_LDFLAGS_value=
ac_cv_env_LIBS_set=
ac_cv_env_LIBS_value=
ac_cv_env_PERL_set=
ac_cv_env_PERL_value=
ac_cv_env_build_alias_set=
ac_cv_env_build_alias_value=
ac_cv_env_host_alias_set=set
ac_cv_env_host_alias_value=mips-linux
ac_cv_env_target_alias_set=
ac_cv_env_target_alias_value=
ac_cv_func_clock_nanosleep=no
ac_cv_func_fdatasync=yes
ac_cv_func_inet6_rth_add=no
ac_cv_func_ppoll=yes
ac_cv_header_getopt_h=yes
ac_cv_header_inttypes_h=yes
ac_cv_header_memory_h=yes
ac_cv_header_minix_config_h=no
ac_cv_header_stdc=yes
ac_cv_header_stdint_h=yes
ac_cv_header_stdlib_h=yes
ac_cv_header_string_h=yes
ac_cv_header_strings_h=yes
ac_cv_header_sys_stat_h=yes
ac_cv_header_sys_types_h=yes
ac_cv_header_unistd_h=yes
ac_cv_host=mips-unknown-linux-gnu
ac_cv_lib_rt_clock_gettime=yes
ac_cv_objext=o
ac_cv_path_EGREP='/bin/grep -E'
ac_cv_path_GMSGFMT=/usr/bin/msgfmt
ac_cv_path_GREP=/bin/grep
ac_cv_path_MSGFMT=/usr/bin/msgfmt
ac_cv_path_MSGMERGE=/usr/bin/msgmerge
ac_cv_path_PERL=/usr/bin/perl
ac_cv_path_XGETTEXT=/usr/bin/xgettext
ac_cv_path_install='/usr/bin/install -c'
ac_cv_path_mkdir=/bin/mkdir
ac_cv_prog_AWK=gawk
ac_cv_prog_CC=mips-linux-gcc
ac_cv_prog_CPP='mips-linux-gcc -E'
ac_cv_prog_RANLIB=mips-linux-ranlib
ac_cv_prog_STRIP=mips-linux-strip
ac_cv_prog_cc_c89=
ac_cv_prog_cc_c99=no
ac_cv_prog_cc_g=yes
ac_cv_prog_cc_mips_linux_gcc_c_o=yes
ac_cv_prog_make_make_set=yes
ac_cv_safe_to_define___extensions__=yes
ac_cv_search_getopt_long='none required'
ac_cv_search_inet_ntop='none required'
ac_cv_search_socket='none required'
acl_cv_hardcode_direct=no
acl_cv_hardcode_libdir_flag_spec='${wl}-rpath ${wl}$libdir'
acl_cv_hardcode_libdir_separator=
acl_cv_hardcode_minus_L=no
acl_cv_libext=a
acl_cv_libname_spec='lib$name'
acl_cv_library_names_spec='$libname$shrext'
acl_cv_path_LD=/opt/toolchains/uclibc-crosstools-gcc-4.2.3-3/usr/mips-linux-uclibc/bin/ld
acl_cv_prog_gnu_ld=yes
acl_cv_rpath=done
acl_cv_shlibext=so
acl_cv_wl=-Wl,
am_cv_CC_dependencies_compiler_type=gcc3
am_cv_func_iconv='no, consider installing GNU libiconv'
am_cv_lib_iconv=no
gt_cv_func_CFLocaleCopyCurrent=no
gt_cv_func_CFPreferencesCopyAppValue=no
gt_cv_func_gnugettext2_libc=no
gt_cv_func_gnugettext2_libintl=no
rdc_cv_build_hostname=localhost.localdomain
rdc_cv_func_socket=yes

## ----------------- ##
## Output variables. ##
## ----------------- ##

ACLOCAL='${SHELL} /home/Leo/PhaseII/prepare/userspace/gpl/apps/ndisc6-1.0.2/admin/missing --run aclocal-1.11'
AMDEPBACKSLASH='\'
AMDEP_FALSE='#'
AMDEP_TRUE=''
AMTAR='${SHELL} /home/Leo/PhaseII/prepare/userspace/gpl/apps/ndisc6-1.0.2/admin/missing --run tar'
AM_BACKSLASH='\'
AM_DEFAULT_VERBOSITY='0'
AUTOCONF='${SHELL} /home/Leo/PhaseII/prepare/userspace/gpl/apps/ndisc6-1.0.2/admin/missing --run autoconf'
AUTOHEADER='${SHELL} /home/Leo/PhaseII/prepare/userspace/gpl/apps/ndisc6-1.0.2/admin/missing --run autoheader'
AUTOMAKE='${SHELL} /home/Leo/PhaseII/prepare/userspace/gpl/apps/ndisc6-1.0.2/admin/missing --run automake-1.11'
AWK='gawk'
CC='mips-linux-gcc'
CCDEPMODE='depmode=gcc3'
CFLAGS='-g -O2'
CPP='mips-linux-gcc -E'
CPPFLAGS=''
CYGPATH_W='echo'
DEFS='-DHAVE_CONFIG_H'
DEPDIR='.deps'
ECHO_C=''
ECHO_N='-n'
ECHO_T=''
EGREP='/bin/grep -E'
EXEEXT=''
GETTEXT_MACRO_VERSION='0.17'
GMSGFMT='/usr/bin/msgfmt'
GMSGFMT_015='/usr/bin/msgfmt'
GREP='/bin/grep'
INSTALL_DATA='${INSTALL} -m 644'
INSTALL_PROGRAM='${INSTALL}'
INSTALL_SCRIPT='${INSTALL}'
INSTALL_STRIP_PROGRAM='$(install_sh) -c -s'
INTLLIBS=''
INTL_MACOSX_LIBS=''
LDFLAGS=''
LIBICONV=''
LIBINTL=''
LIBOBJS=' ${LIBOBJDIR}inet6_rth_add$U.o'
LIBRT='-lrt'
LIBS=''
LTLIBICONV=''
LTLIBINTL=''
LTLIBOBJS=' ${LIBOBJDIR}inet6_rth_add$U.lo'
MAKEINFO='${SHELL} /home/Leo/PhaseII/prepare/userspace/gpl/apps/ndisc6-1.0.2/admin/missing --run makeinfo'
MKDIR_P='/bin/mkdir -p'
MSGFMT='/usr/bin/msgfmt'
MSGFMT_015='/usr/bin/msgfmt'
MSGMERGE='/usr/bin/msgmerge'
NOSUID_FALSE=''
NOSUID_TRUE='#'
OBJEXT='o'
PACKAGE='ndisc6'
PACKAGE_BUGREPORT='remi_no_bulk_mail@remlab.net'
PACKAGE_NAME='ndisc6'
PACKAGE_STRING='ndisc6 1.0.2'
PACKAGE_TARNAME='ndisc6'
PACKAGE_URL=''
PACKAGE_VERSION='1.0.2'
PATH_SEPARATOR=':'
PERL='/usr/bin/perl'
POSUB=''
RANLIB='mips-linux-ranlib'
SET_MAKE=''
SHELL='/bin/sh'
STRIP='mips-linux-strip'
USE_NLS='no'
VERSION='1.0.2'
XGETTEXT='/usr/bin/xgettext'
XGETTEXT_015='/usr/bin/xgettext'
XGETTEXT_EXTRA_OPTIONS=''
ac_ct_CC=''
am__EXEEXT_FALSE=''
am__EXEEXT_TRUE='#'
am__fastdepCC_FALSE='#'
am__fastdepCC_TRUE=''
am__include='include'
am__isrc=''
am__leading_dot='.'
am__quote=''
am__tar='${AMTAR} chof - "$$tardir"'
am__untar='${AMTAR} xf -'
bindir='${exec_prefix}/bin'
build='i686-pc-linux-gnu'
build_alias=''
build_cpu='i686'
build_os='linux-gnu'
build_vendor='pc'
datadir='${datarootdir}'
datarootdir='${prefix}/share'
docdir='${datarootdir}/doc/${PACKAGE_TARNAME}'
dvidir='${docdir}'
exec_prefix='${prefix}'
host='mips-unknown-linux-gnu'
host_alias='mips-linux'
host_cpu='mips'
host_os='linux-gnu'
host_vendor='unknown'
htmldir='${docdir}'
includedir='${prefix}/include'
infodir='${datarootdir}/info'
install_sh='${SHELL} /home/Leo/PhaseII/prepare/userspace/gpl/apps/ndisc6-1.0.2/admin/install-sh'
libdir='${exec_prefix}/lib'
libexecdir='${exec_prefix}/libexec'
localedir='${datarootdir}/locale'
localstatedir='${prefix}/var'
mandir='${datarootdir}/man'
mkdir_p='/bin/mkdir -p'
oldincludedir='/usr/include'
pdfdir='${docdir}'
prefix='/usr/local'
program_transform_name='s,x,x,'
psdir='${docdir}'
sbindir='${exec_prefix}/sbin'
sharedstatedir='${prefix}/com'
sysconfdir='${prefix}/etc'
target_alias=''

## ----------- ##
## confdefs.h. ##
## ----------- ##

/* confdefs.h */
#define PACKAGE_NAME "ndisc6"
#define PACKAGE_TARNAME "ndisc6"
#define PACKAGE_VERSION "1.0.2"
#define PACKAGE_STRING "ndisc6 1.0.2"
#define PACKAGE_BUGREPORT "remi_no_bulk_mail@remlab.net"
#define PACKAGE_URL ""
#define PACKAGE_CONFIGURE_INVOCATION "./configure  '--host=mips-linux' 'host_alias=mips-linux'"
#define PACKAGE_BUILD_HOSTNAME "localhost.localdomain"
#define STDC_HEADERS 1
#define HAVE_SYS_TYPES_H 1
#define HAVE_SYS_STAT_H 1
#define HAVE_STDLIB_H 1
#define HAVE_STRING_H 1
#define HAVE_MEMORY_H 1
#define HAVE_STRINGS_H 1
#define HAVE_INTTYPES_H 1
#define HAVE_STDINT_H 1
#define HAVE_UNISTD_H 1
#define __EXTENSIONS__ 1
#define _ALL_SOURCE 1
#define _GNU_SOURCE 1
#define _POSIX_PTHREAD_SEMANTICS 1
#define _TANDEM_SOURCE 1
#define PACKAGE "ndisc6"
#define VERSION "1.0.2"
#define HAVE_GETOPT_H 1
#define HAVE_GETOPT_LONG 1
#define HAVE_FDATASYNC 1
#define HAVE_PPOLL 1

configure: exit 0
