This file contains any messages produced by compilers while
running configure, to aid debugging if configure makes a mistake.

It was created by libusb configure 1.0.9, which was
generated by GNU Autoconf 2.68.  Invocation command line was

  $ ./configure --host=mips-uclibc-linux CC=/opt/toolchains/uclibc-crosstools-gcc-4.4.2-1/usr/bin/mips-linux-uclibc-gcc CXX=/opt/toolchains/uclibc-crosstools-gcc-4.4.2-1/usr/bin/mips-linux-uclibc-g++ AR=/opt/toolchains/uclibc-crosstools-gcc-4.4.2-1/usr/bin/mips-linux-uclibc-ar RANLIB=/opt/toolchains/uclibc-crosstools-gcc-4.4.2-1/usr/bin/mips-linux-uclibc-ranlib STRIP=/opt/toolchains/uclibc-crosstools-gcc-4.4.2-1/usr/bin/mips-linux-uclibc-strip NM=/opt/toolchains/uclibc-crosstools-gcc-4.4.2-1/usr/bin/mips-linux-uclibc-nm OBJDUMP=/opt/toolchains/uclibc-crosstools-gcc-4.4.2-1/usr/bin/mips-linux-uclibc-objdump --prefix=/home/roylin/Share/svn/GPL_Release/V100AAJZ14C0/userspace/gpl/libs/libusb-1.0.9/install

## --------- ##
## Platform. ##
## --------- ##

hostname = ubuntu-vm
uname -m = i686
uname -r = 3.8.0-29-generic
uname -s = Linux
uname -v = #42~precise1-Ubuntu SMP Wed Aug 14 15:31:16 UTC 2013

/usr/bin/uname -p = unknown
/bin/uname -X     = unknown

/bin/arch              = unknown
/usr/bin/arch -k       = unknown
/usr/convex/getsysinfo = unknown
/usr/bin/hostinfo      = unknown
/bin/machine           = unknown
/usr/bin/oslevel       = unknown
/bin/universe          = unknown

PATH: /usr/local/sbin
PATH: /usr/local/bin
PATH: /usr/sbin
PATH: /usr/bin
PATH: /sbin
PATH: /bin
PATH: /usr/games


## ----------- ##
## Core tests. ##
## ----------- ##

configure:2370: checking for a BSD-compatible install
configure:2438: result: /usr/bin/install -c
configure:2449: checking whether build environment is sane
configure:2499: result: yes
configure:2548: checking for mips-uclibc-linux-strip
configure:2575: result: /opt/toolchains/uclibc-crosstools-gcc-4.4.2-1/usr/bin/mips-linux-uclibc-strip
configure:2640: checking for a thread-safe mkdir -p
configure:2679: result: /bin/mkdir -p
configure:2692: checking for gawk
configure:2708: found /usr/bin/gawk
configure:2719: result: gawk
configure:2730: checking whether make sets $(MAKE)
configure:2752: result: yes
configure:2833: checking whether to enable maintainer-specific portions of Makefiles
configure:2842: result: no
configure:2882: checking for mips-uclibc-linux-gcc
configure:2909: result: /opt/toolchains/uclibc-crosstools-gcc-4.4.2-1/usr/bin/mips-linux-uclibc-gcc
configure:3178: checking for C compiler version
configure:3187: /opt/toolchains/uclibc-crosstools-gcc-4.4.2-1/usr/bin/mips-linux-uclibc-gcc --version >&5
mips-linux-uclibc-gcc (Buildroot 2010.02-git) 4.4.2
Copyright (C) 2009 Free Software Foundation, Inc.
This is free software; see the source for copying conditions.  There is NO
warranty; not even for MERCHANTABILITY or FITNESS FOR A PARTICULAR PURPOSE.

configure:3198: $? = 0
configure:3187: /opt/toolchains/uclibc-crosstools-gcc-4.4.2-1/usr/bin/mips-linux-uclibc-gcc -v >&5
Using built-in specs.
Target: mips-linux-uclibc
Configured with: /shared/myviews/toolchain/buildroot-4.4.2-1/output/toolchain/gcc-4.4.2/configure --prefix=/usr --build=i386-pc-linux-gnu --host=i386-pc-linux-gnu --target=mips-linux-uclibc --enable-languages=c,c++ --with-sysroot=/opt/toolchains/uclibc-crosstools-gcc-4.4.2-1 --with-build-time-tools=/opt/toolchains/uclibc-crosstools-gcc-4.4.2-1/usr/mips-linux-uclibc/bin --disable-__cxa_atexit --enable-target-optspace --with-gnu-ld --disable-libssp --disable-tls --enable-shared --with-gmp=/shared/myviews/toolchain/buildroot-4.4.2-1/output/toolchain/gmp --with-mpfr=/shared/myviews/toolchain/buildroot-4.4.2-1/output/toolchain/mpfr --disable-nls --enable-threads --disable-multilib --disable-decimal-float --with-float=soft --with-abi=32 --with-tune=mips32 --with-arch=mips32 --with-pkgversion='Buildroot 2010.02-git' --with-bugurl=http://bugs.buildroot.net/
Thread model: posix
gcc version 4.4.2 (Buildroot 2010.02-git) 
configure:3198: $? = 0
configure:3187: /opt/toolchains/uclibc-crosstools-gcc-4.4.2-1/usr/bin/mips-linux-uclibc-gcc -V >&5
mips-linux-uclibc-gcc: '-V' option must have argument
configure:3198: $? = 1
configure:3187: /opt/toolchains/uclibc-crosstools-gcc-4.4.2-1/usr/bin/mips-linux-uclibc-gcc -qversion >&5
mips-linux-uclibc-gcc: unrecognized option '-qversion'
mips-linux-uclibc-gcc: no input files
configure:3198: $? = 1
configure:3218: checking whether the C compiler works
configure:3240: /opt/toolchains/uclibc-crosstools-gcc-4.4.2-1/usr/bin/mips-linux-uclibc-gcc    conftest.c  >&5
configure:3244: $? = 0
configure:3292: result: yes
configure:3295: checking for C compiler default output file name
configure:3297: result: a.out
configure:3303: checking for suffix of executables
configure:3310: /opt/toolchains/uclibc-crosstools-gcc-4.4.2-1/usr/bin/mips-linux-uclibc-gcc -o conftest    conftest.c  >&5
configure:3314: $? = 0
configure:3336: result: 
configure:3358: checking whether we are cross compiling
configure:3366: /opt/toolchains/uclibc-crosstools-gcc-4.4.2-1/usr/bin/mips-linux-uclibc-gcc -o conftest    conftest.c  >&5
configure:3370: $? = 0
configure:3377: ./conftest
./configure: line 3379: ./conftest: cannot execute binary file
configure:3381: $? = 126
configure:3396: result: yes
configure:3401: checking for suffix of object files
configure:3423: /opt/toolchains/uclibc-crosstools-gcc-4.4.2-1/usr/bin/mips-linux-uclibc-gcc -c   conftest.c >&5
configure:3427: $? = 0
configure:3448: result: o
configure:3452: checking whether we are using the GNU C compiler
configure:3471: /opt/toolchains/uclibc-crosstools-gcc-4.4.2-1/usr/bin/mips-linux-uclibc-gcc -c   conftest.c >&5
configure:3471: $? = 0
configure:3480: result: yes
configure:3489: checking whether /opt/toolchains/uclibc-crosstools-gcc-4.4.2-1/usr/bin/mips-linux-uclibc-gcc accepts -g
configure:3509: /opt/toolchains/uclibc-crosstools-gcc-4.4.2-1/usr/bin/mips-linux-uclibc-gcc -c -g  conftest.c >&5
configure:3509: $? = 0
configure:3550: result: yes
configure:3567: checking for /opt/toolchains/uclibc-crosstools-gcc-4.4.2-1/usr/bin/mips-linux-uclibc-gcc option to accept ISO C89
configure:3631: /opt/toolchains/uclibc-crosstools-gcc-4.4.2-1/usr/bin/mips-linux-uclibc-gcc  -c -g -O2  conftest.c >&5
configure:3631: $? = 0
configure:3644: result: none needed
configure:3675: checking for style of include used by make
configure:3703: result: GNU
configure:3728: checking dependency style of /opt/toolchains/uclibc-crosstools-gcc-4.4.2-1/usr/bin/mips-linux-uclibc-gcc
configure:3838: result: gcc3
configure:3882: checking build system type
configure:3896: result: i686-pc-linux-uclibc
configure:3916: checking host system type
configure:3929: result: mips-uclibc-linux-gnu
configure:3970: checking how to print strings
configure:3997: result: printf
configure:4018: checking for a sed that does not truncate output
configure:4082: result: /bin/sed
configure:4100: checking for grep that handles long lines and -e
configure:4158: result: /bin/grep
configure:4163: checking for egrep
configure:4225: result: /bin/grep -E
configure:4230: checking for fgrep
configure:4292: result: /bin/grep -F
configure:4327: checking for ld used by /opt/toolchains/uclibc-crosstools-gcc-4.4.2-1/usr/bin/mips-linux-uclibc-gcc
configure:4394: result: /opt/toolchains/uclibc-crosstools-gcc-4.4.2-1/usr/bin/mips-linux-uclibc-ld
configure:4401: checking if the linker (/opt/toolchains/uclibc-crosstools-gcc-4.4.2-1/usr/bin/mips-linux-uclibc-ld) is GNU ld
configure:4416: result: yes
configure:4428: checking for BSD- or MS-compatible name lister (nm)
configure:4477: result: /opt/toolchains/uclibc-crosstools-gcc-4.4.2-1/usr/bin/mips-linux-uclibc-nm
configure:4607: checking the name lister (/opt/toolchains/uclibc-crosstools-gcc-4.4.2-1/usr/bin/mips-linux-uclibc-nm) interface
configure:4614: /opt/toolchains/uclibc-crosstools-gcc-4.4.2-1/usr/bin/mips-linux-uclibc-gcc -c -g -O2  conftest.c >&5
configure:4617: /opt/toolchains/uclibc-crosstools-gcc-4.4.2-1/usr/bin/mips-linux-uclibc-nm "conftest.o"
configure:4620: output
00000000 B some_variable
configure:4627: result: BSD nm
configure:4630: checking whether ln -s works
configure:4634: result: yes
configure:4642: checking the maximum length of command line arguments
configure:4767: result: 805306365
configure:4784: checking whether the shell understands some XSI constructs
configure:4794: result: yes
configure:4798: checking whether the shell understands "+="
configure:4804: result: yes
configure:4839: checking for /opt/toolchains/uclibc-crosstools-gcc-4.4.2-1/usr/bin/mips-linux-uclibc-ld option to reload object files
configure:4846: result: -r
configure:4875: checking for mips-uclibc-linux-objdump
configure:4902: result: /opt/toolchains/uclibc-crosstools-gcc-4.4.2-1/usr/bin/mips-linux-uclibc-objdump
configure:4974: checking how to recognize dependent libraries
configure:5176: result: pass_all
configure:5196: checking for mips-uclibc-linux-ar
configure:5223: result: /opt/toolchains/uclibc-crosstools-gcc-4.4.2-1/usr/bin/mips-linux-uclibc-ar
configure:5301: checking for mips-uclibc-linux-strip
configure:5328: result: /opt/toolchains/uclibc-crosstools-gcc-4.4.2-1/usr/bin/mips-linux-uclibc-strip
configure:5400: checking for mips-uclibc-linux-ranlib
configure:5427: result: /opt/toolchains/uclibc-crosstools-gcc-4.4.2-1/usr/bin/mips-linux-uclibc-ranlib
configure:5569: checking command to parse /opt/toolchains/uclibc-crosstools-gcc-4.4.2-1/usr/bin/mips-linux-uclibc-nm output from /opt/toolchains/uclibc-crosstools-gcc-4.4.2-1/usr/bin/mips-linux-uclibc-gcc object
configure:5687: /opt/toolchains/uclibc-crosstools-gcc-4.4.2-1/usr/bin/mips-linux-uclibc-gcc -c -g -O2  conftest.c >&5
configure:5690: $? = 0
configure:5694: /opt/toolchains/uclibc-crosstools-gcc-4.4.2-1/usr/bin/mips-linux-uclibc-nm conftest.o \| sed -n -e 's/^.*[ ]\([ABCDGIRSTW][ABCDGIRSTW]*\)[ ][ ]*\([_A-Za-z][_A-Za-z0-9]*\)$/\1 \2 \2/p' \> conftest.nm
configure:5697: $? = 0
configure:5751: /opt/toolchains/uclibc-crosstools-gcc-4.4.2-1/usr/bin/mips-linux-uclibc-gcc -o conftest -g -O2   conftest.c conftstm.o >&5
configure:5754: $? = 0
configure:5792: result: ok
configure:6633: checking how to run the C preprocessor
configure:6703: result: /opt/toolchains/uclibc-crosstools-gcc-4.4.2-1/usr/bin/mips-linux-uclibc-cpp
configure:6723: /opt/toolchains/uclibc-crosstools-gcc-4.4.2-1/usr/bin/mips-linux-uclibc-cpp  conftest.c
configure:6723: $? = 0
configure:6737: /opt/toolchains/uclibc-crosstools-gcc-4.4.2-1/usr/bin/mips-linux-uclibc-cpp  conftest.c
conftest.c:11:28: error: ac_nonexistent.h: No such file or directory
configure:6737: $? = 1
configure: failed program was:
| /* confdefs.h */
| #define PACKAGE_NAME "libusb"
| #define PACKAGE_TARNAME "libusb"
| #define PACKAGE_VERSION "1.0.9"
| #define PACKAGE_STRING "libusb 1.0.9"
| #define PACKAGE_BUGREPORT "libusb-devel@lists.sourceforge.net"
| #define PACKAGE_URL "http://www.libusb.org/"
| #define PACKAGE "libusb"
| #define VERSION "1.0.9"
| /* end confdefs.h.  */
| #include <ac_nonexistent.h>
configure:6766: checking for ANSI C header files
configure:6786: /opt/toolchains/uclibc-crosstools-gcc-4.4.2-1/usr/bin/mips-linux-uclibc-gcc -c -g -O2  conftest.c >&5
configure:6786: $? = 0
configure:6870: result: yes
configure:6883: checking for sys/types.h
configure:6883: /opt/toolchains/uclibc-crosstools-gcc-4.4.2-1/usr/bin/mips-linux-uclibc-gcc -c -g -O2  conftest.c >&5
configure:6883: $? = 0
configure:6883: result: yes
configure:6883: checking for sys/stat.h
configure:6883: /opt/toolchains/uclibc-crosstools-gcc-4.4.2-1/usr/bin/mips-linux-uclibc-gcc -c -g -O2  conftest.c >&5
configure:6883: $? = 0
configure:6883: result: yes
configure:6883: checking for stdlib.h
configure:6883: /opt/toolchains/uclibc-crosstools-gcc-4.4.2-1/usr/bin/mips-linux-uclibc-gcc -c -g -O2  conftest.c >&5
configure:6883: $? = 0
configure:6883: result: yes
configure:6883: checking for string.h
configure:6883: /opt/toolchains/uclibc-crosstools-gcc-4.4.2-1/usr/bin/mips-linux-uclibc-gcc -c -g -O2  conftest.c >&5
configure:6883: $? = 0
configure:6883: result: yes
configure:6883: checking for memory.h
configure:6883: /opt/toolchains/uclibc-crosstools-gcc-4.4.2-1/usr/bin/mips-linux-uclibc-gcc -c -g -O2  conftest.c >&5
configure:6883: $? = 0
configure:6883: result: yes
configure:6883: checking for strings.h
configure:6883: /opt/toolchains/uclibc-crosstools-gcc-4.4.2-1/usr/bin/mips-linux-uclibc-gcc -c -g -O2  conftest.c >&5
configure:6883: $? = 0
configure:6883: result: yes
configure:6883: checking for inttypes.h
configure:6883: /opt/toolchains/uclibc-crosstools-gcc-4.4.2-1/usr/bin/mips-linux-uclibc-gcc -c -g -O2  conftest.c >&5
configure:6883: $? = 0
configure:6883: result: yes
configure:6883: checking for stdint.h
configure:6883: /opt/toolchains/uclibc-crosstools-gcc-4.4.2-1/usr/bin/mips-linux-uclibc-gcc -c -g -O2  conftest.c >&5
configure:6883: $? = 0
configure:6883: result: yes
configure:6883: checking for unistd.h
configure:6883: /opt/toolchains/uclibc-crosstools-gcc-4.4.2-1/usr/bin/mips-linux-uclibc-gcc -c -g -O2  conftest.c >&5
configure:6883: $? = 0
configure:6883: result: yes
configure:6897: checking for dlfcn.h
configure:6897: /opt/toolchains/uclibc-crosstools-gcc-4.4.2-1/usr/bin/mips-linux-uclibc-gcc -c -g -O2  conftest.c >&5
configure:6897: $? = 0
configure:6897: result: yes
configure:7084: checking for objdir
configure:7099: result: .libs
configure:7366: checking if /opt/toolchains/uclibc-crosstools-gcc-4.4.2-1/usr/bin/mips-linux-uclibc-gcc supports -fno-rtti -fno-exceptions
configure:7384: /opt/toolchains/uclibc-crosstools-gcc-4.4.2-1/usr/bin/mips-linux-uclibc-gcc -c -g -O2  -fno-rtti -fno-exceptions conftest.c >&5
cc1: warning: command line option "-fno-rtti" is valid for C++/ObjC++ but not for C
configure:7388: $? = 0
configure:7401: result: no
configure:7421: checking for /opt/toolchains/uclibc-crosstools-gcc-4.4.2-1/usr/bin/mips-linux-uclibc-gcc option to produce PIC
configure:7706: result: -fPIC -DPIC
configure:7718: checking if /opt/toolchains/uclibc-crosstools-gcc-4.4.2-1/usr/bin/mips-linux-uclibc-gcc PIC flag -fPIC -DPIC works
configure:7736: /opt/toolchains/uclibc-crosstools-gcc-4.4.2-1/usr/bin/mips-linux-uclibc-gcc -c -g -O2  -fPIC -DPIC -DPIC conftest.c >&5
configure:7740: $? = 0
configure:7753: result: yes
configure:7777: checking if /opt/toolchains/uclibc-crosstools-gcc-4.4.2-1/usr/bin/mips-linux-uclibc-gcc static flag -static works
configure:7805: result: yes
configure:7820: checking if /opt/toolchains/uclibc-crosstools-gcc-4.4.2-1/usr/bin/mips-linux-uclibc-gcc supports -c -o file.o
configure:7841: /opt/toolchains/uclibc-crosstools-gcc-4.4.2-1/usr/bin/mips-linux-uclibc-gcc -c -g -O2  -o out/conftest2.o conftest.c >&5
configure:7845: $? = 0
configure:7867: result: yes
configure:7875: checking if /opt/toolchains/uclibc-crosstools-gcc-4.4.2-1/usr/bin/mips-linux-uclibc-gcc supports -c -o file.o
configure:7922: result: yes
configure:7955: checking whether the /opt/toolchains/uclibc-crosstools-gcc-4.4.2-1/usr/bin/mips-linux-uclibc-gcc linker (/opt/toolchains/uclibc-crosstools-gcc-4.4.2-1/usr/bin/mips-linux-uclibc-ld) supports shared libraries
configure:9030: result: yes
configure:9067: checking whether -lc should be explicitly linked in
configure:9075: /opt/toolchains/uclibc-crosstools-gcc-4.4.2-1/usr/bin/mips-linux-uclibc-gcc -c -g -O2  conftest.c >&5
configure:9078: $? = 0
configure:9093: /opt/toolchains/uclibc-crosstools-gcc-4.4.2-1/usr/bin/mips-linux-uclibc-gcc -shared conftest.o  -v -Wl,-soname -Wl,conftest -o conftest 2\>\&1 \| /bin/grep  -lc  \>/dev/null 2\>\&1
configure:9096: $? = 0
configure:9110: result: no
configure:9275: checking dynamic linker characteristics
configure:9743: /opt/toolchains/uclibc-crosstools-gcc-4.4.2-1/usr/bin/mips-linux-uclibc-gcc -o conftest -g -O2   -Wl,-rpath -Wl,/foo conftest.c  >&5
configure:9743: $? = 0
configure:9965: result: GNU/Linux ld.so
configure:10072: checking how to hardcode library paths into programs
configure:10097: result: immediate
configure:10637: checking whether stripping libraries is possible
configure:10642: result: yes
configure:10677: checking if libtool supports shared libraries
configure:10679: result: yes
configure:10682: checking whether to build shared libraries
configure:10703: result: yes
configure:10706: checking whether to build static libraries
configure:10710: result: yes
configure:10748: checking for mips-uclibc-linux-windres
configure:10778: result: no
configure:10788: checking for windres
configure:10818: result: no
configure:10919: checking for inline
configure:10935: /opt/toolchains/uclibc-crosstools-gcc-4.4.2-1/usr/bin/mips-linux-uclibc-gcc -c -g -O2  conftest.c >&5
configure:10935: $? = 0
configure:10943: result: inline
configure:10962: checking whether /opt/toolchains/uclibc-crosstools-gcc-4.4.2-1/usr/bin/mips-linux-uclibc-gcc and cc understand -c and -o together
configure:10993: /opt/toolchains/uclibc-crosstools-gcc-4.4.2-1/usr/bin/mips-linux-uclibc-gcc -c conftest.c -o conftest2.o >&5
configure:10997: $? = 0
configure:11003: /opt/toolchains/uclibc-crosstools-gcc-4.4.2-1/usr/bin/mips-linux-uclibc-gcc -c conftest.c -o conftest2.o >&5
configure:11007: $? = 0
configure:11018: cc -c conftest.c >&5
configure:11022: $? = 0
configure:11030: cc -c conftest.c -o conftest2.o >&5
configure:11034: $? = 0
configure:11040: cc -c conftest.c -o conftest2.o >&5
configure:11044: $? = 0
configure:11062: result: yes
configure:11093: checking operating system
configure:11097: result: Linux
configure:11136: checking for clock_gettime in -lrt
configure:11161: /opt/toolchains/uclibc-crosstools-gcc-4.4.2-1/usr/bin/mips-linux-uclibc-gcc -o conftest -g -O2   conftest.c -lrt   >&5
configure:11161: $? = 0
configure:11170: result: yes
configure:11181: checking poll.h usability
configure:11181: /opt/toolchains/uclibc-crosstools-gcc-4.4.2-1/usr/bin/mips-linux-uclibc-gcc -c -g -O2  conftest.c >&5
configure:11181: $? = 0
configure:11181: result: yes
configure:11181: checking poll.h presence
configure:11181: /opt/toolchains/uclibc-crosstools-gcc-4.4.2-1/usr/bin/mips-linux-uclibc-cpp  conftest.c
configure:11181: $? = 0
configure:11181: result: yes
configure:11181: checking for poll.h
configure:11181: result: yes
configure:11315: checking sys/timerfd.h usability
configure:11315: /opt/toolchains/uclibc-crosstools-gcc-4.4.2-1/usr/bin/mips-linux-uclibc-gcc -c -g -O2  conftest.c >&5
conftest.c:61:25: error: sys/timerfd.h: No such file or directory
configure:11315: $? = 1
configure: failed program was:
| /* confdefs.h */
| #define PACKAGE_NAME "libusb"
| #define PACKAGE_TARNAME "libusb"
| #define PACKAGE_VERSION "1.0.9"
| #define PACKAGE_STRING "libusb 1.0.9"
| #define PACKAGE_BUGREPORT "libusb-devel@lists.sourceforge.net"
| #define PACKAGE_URL "http://www.libusb.org/"
| #define PACKAGE "libusb"
| #define VERSION "1.0.9"
| #define STDC_HEADERS 1
| #define HAVE_SYS_TYPES_H 1
| #define HAVE_SYS_STAT_H 1
| #define HAVE_STDLIB_H 1
| #define HAVE_STRING_H 1
| #define HAVE_MEMORY_H 1
| #define HAVE_STRINGS_H 1
| #define HAVE_INTTYPES_H 1
| #define HAVE_STDINT_H 1
| #define HAVE_UNISTD_H 1
| #define HAVE_DLFCN_H 1
| #define LT_OBJDIR ".libs/"
| #define _GNU_SOURCE 1
| #define OS_LINUX 1
| #define HAVE_POLL_H 1
| #define POLL_NFDS_TYPE nfds_t
| #define THREADS_POSIX 1
| /* end confdefs.h.  */
| #include <stdio.h>
| #ifdef HAVE_SYS_TYPES_H
| # include <sys/types.h>
| #endif
| #ifdef HAVE_SYS_STAT_H
| # include <sys/stat.h>
| #endif
| #ifdef STDC_HEADERS
| # include <stdlib.h>
| # include <stddef.h>
| #else
| # ifdef HAVE_STDLIB_H
| #  include <stdlib.h>
| # endif
| #endif
| #ifdef HAVE_STRING_H
| # if !defined STDC_HEADERS && defined HAVE_MEMORY_H
| #  include <memory.h>
| # endif
| # include <string.h>
| #endif
| #ifdef HAVE_STRINGS_H
| # include <strings.h>
| #endif
| #ifdef HAVE_INTTYPES_H
| # include <inttypes.h>
| #endif
| #ifdef HAVE_STDINT_H
| # include <stdint.h>
| #endif
| #ifdef HAVE_UNISTD_H
| # include <unistd.h>
| #endif
| #include <sys/timerfd.h>
configure:11315: result: no
configure:11315: checking sys/timerfd.h presence
configure:11315: /opt/toolchains/uclibc-crosstools-gcc-4.4.2-1/usr/bin/mips-linux-uclibc-cpp  conftest.c
conftest.c:28:25: error: sys/timerfd.h: No such file or directory
configure:11315: $? = 1
configure: failed program was:
| /* confdefs.h */
| #define PACKAGE_NAME "libusb"
| #define PACKAGE_TARNAME "libusb"
| #define PACKAGE_VERSION "1.0.9"
| #define PACKAGE_STRING "libusb 1.0.9"
| #define PACKAGE_BUGREPORT "libusb-devel@lists.sourceforge.net"
| #define PACKAGE_URL "http://www.libusb.org/"
| #define PACKAGE "libusb"
| #define VERSION "1.0.9"
| #define STDC_HEADERS 1
| #define HAVE_SYS_TYPES_H 1
| #define HAVE_SYS_STAT_H 1
| #define HAVE_STDLIB_H 1
| #define HAVE_STRING_H 1
| #define HAVE_MEMORY_H 1
| #define HAVE_STRINGS_H 1
| #define HAVE_INTTYPES_H 1
| #define HAVE_STDINT_H 1
| #define HAVE_UNISTD_H 1
| #define HAVE_DLFCN_H 1
| #define LT_OBJDIR ".libs/"
| #define _GNU_SOURCE 1
| #define OS_LINUX 1
| #define HAVE_POLL_H 1
| #define POLL_NFDS_TYPE nfds_t
| #define THREADS_POSIX 1
| /* end confdefs.h.  */
| #include <sys/timerfd.h>
configure:11315: result: no
configure:11315: checking for sys/timerfd.h
configure:11315: result: no
configure:11335: checking whether TFD_NONBLOCK is declared
configure:11335: /opt/toolchains/uclibc-crosstools-gcc-4.4.2-1/usr/bin/mips-linux-uclibc-gcc -c -g -O2  conftest.c >&5
conftest.c:28:25: error: sys/timerfd.h: No such file or directory
conftest.c: In function 'main':
conftest.c:37: error: 'TFD_NONBLOCK' undeclared (first use in this function)
conftest.c:37: error: (Each undeclared identifier is reported only once
conftest.c:37: error: for each function it appears in.)
configure:11335: $? = 1
configure: failed program was:
| /* confdefs.h */
| #define PACKAGE_NAME "libusb"
| #define PACKAGE_TARNAME "libusb"
| #define PACKAGE_VERSION "1.0.9"
| #define PACKAGE_STRING "libusb 1.0.9"
| #define PACKAGE_BUGREPORT "libusb-devel@lists.sourceforge.net"
| #define PACKAGE_URL "http://www.libusb.org/"
| #define PACKAGE "libusb"
| #define VERSION "1.0.9"
| #define STDC_HEADERS 1
| #define HAVE_SYS_TYPES_H 1
| #define HAVE_SYS_STAT_H 1
| #define HAVE_STDLIB_H 1
| #define HAVE_STRING_H 1
| #define HAVE_MEMORY_H 1
| #define HAVE_STRINGS_H 1
| #define HAVE_INTTYPES_H 1
| #define HAVE_STDINT_H 1
| #define HAVE_UNISTD_H 1
| #define HAVE_DLFCN_H 1
| #define LT_OBJDIR ".libs/"
| #define _GNU_SOURCE 1
| #define OS_LINUX 1
| #define HAVE_POLL_H 1
| #define POLL_NFDS_TYPE nfds_t
| #define THREADS_POSIX 1
| /* end confdefs.h.  */
| #include <sys/timerfd.h>
| 
| int
| main ()
| {
| #ifndef TFD_NONBLOCK
| #ifdef __cplusplus
|   (void) TFD_NONBLOCK;
| #else
|   (void) TFD_NONBLOCK;
| #endif
| #endif
| 
|   ;
|   return 0;
| }
configure:11335: result: no
configure:11347: checking whether to use timerfd for timing
configure:11360: result: no (header not available)
configure:11365: checking for struct timespec
configure:11365: /opt/toolchains/uclibc-crosstools-gcc-4.4.2-1/usr/bin/mips-linux-uclibc-gcc -c -g -O2  conftest.c >&5
configure:11365: $? = 0
configure:11365: /opt/toolchains/uclibc-crosstools-gcc-4.4.2-1/usr/bin/mips-linux-uclibc-gcc -c -g -O2  conftest.c >&5
conftest.c: In function 'main':
conftest.c:64: error: expected expression before ')' token
configure:11365: $? = 1
configure: failed program was:
| /* confdefs.h */
| #define PACKAGE_NAME "libusb"
| #define PACKAGE_TARNAME "libusb"
| #define PACKAGE_VERSION "1.0.9"
| #define PACKAGE_STRING "libusb 1.0.9"
| #define PACKAGE_BUGREPORT "libusb-devel@lists.sourceforge.net"
| #define PACKAGE_URL "http://www.libusb.org/"
| #define PACKAGE "libusb"
| #define VERSION "1.0.9"
| #define STDC_HEADERS 1
| #define HAVE_SYS_TYPES_H 1
| #define HAVE_SYS_STAT_H 1
| #define HAVE_STDLIB_H 1
| #define HAVE_STRING_H 1
| #define HAVE_MEMORY_H 1
| #define HAVE_STRINGS_H 1
| #define HAVE_INTTYPES_H 1
| #define HAVE_STDINT_H 1
| #define HAVE_UNISTD_H 1
| #define HAVE_DLFCN_H 1
| #define LT_OBJDIR ".libs/"
| #define _GNU_SOURCE 1
| #define OS_LINUX 1
| #define HAVE_POLL_H 1
| #define POLL_NFDS_TYPE nfds_t
| #define THREADS_POSIX 1
| /* end confdefs.h.  */
| #include <stdio.h>
| #ifdef HAVE_SYS_TYPES_H
| # include <sys/types.h>
| #endif
| #ifdef HAVE_SYS_STAT_H
| # include <sys/stat.h>
| #endif
| #ifdef STDC_HEADERS
| # include <stdlib.h>
| # include <stddef.h>
| #else
| # ifdef HAVE_STDLIB_H
| #  include <stdlib.h>
| # endif
| #endif
| #ifdef HAVE_STRING_H
| # if !defined STDC_HEADERS && defined HAVE_MEMORY_H
| #  include <memory.h>
| # endif
| # include <string.h>
| #endif
| #ifdef HAVE_STRINGS_H
| # include <strings.h>
| #endif
| #ifdef HAVE_INTTYPES_H
| # include <inttypes.h>
| #endif
| #ifdef HAVE_STDINT_H
| # include <stdint.h>
| #endif
| #ifdef HAVE_UNISTD_H
| # include <unistd.h>
| #endif
| int
| main ()
| {
| if (sizeof ((struct timespec)))
| 	    return 0;
|   ;
|   return 0;
| }
configure:11365: result: yes
configure:11435: /opt/toolchains/uclibc-crosstools-gcc-4.4.2-1/usr/bin/mips-linux-uclibc-gcc -c -g -O2 -Werror -fvisibility=hidden  conftest.c >&5
configure:11435: $? = 0
configure:11463: /opt/toolchains/uclibc-crosstools-gcc-4.4.2-1/usr/bin/mips-linux-uclibc-gcc -c -g -O2 -Wno-pointer-sign  conftest.c >&5
configure:11463: $? = 0
configure:11472: checking for sigaction
configure:11472: /opt/toolchains/uclibc-crosstools-gcc-4.4.2-1/usr/bin/mips-linux-uclibc-gcc -o conftest -g -O2   conftest.c  -lrt -pthread >&5
configure:11472: $? = 0
configure:11472: result: yes
configure:11491: checking sys/time.h usability
configure:11491: /opt/toolchains/uclibc-crosstools-gcc-4.4.2-1/usr/bin/mips-linux-uclibc-gcc -c -g -O2  conftest.c >&5
configure:11491: $? = 0
configure:11491: result: yes
configure:11491: checking sys/time.h presence
configure:11491: /opt/toolchains/uclibc-crosstools-gcc-4.4.2-1/usr/bin/mips-linux-uclibc-cpp  conftest.c
configure:11491: $? = 0
configure:11491: result: yes
configure:11491: checking for sys/time.h
configure:11491: result: yes
configure:11503: checking for gettimeofday
configure:11503: /opt/toolchains/uclibc-crosstools-gcc-4.4.2-1/usr/bin/mips-linux-uclibc-gcc -o conftest -g -O2   conftest.c  -lrt -pthread >&5
configure:11503: $? = 0
configure:11503: result: yes
configure:11693: creating ./config.status

## ---------------------- ##
## Running config.status. ##
## ---------------------- ##

This file was extended by libusb config.status 1.0.9, which was
generated by GNU Autoconf 2.68.  Invocation command line was

  CONFIG_FILES    = 
  CONFIG_HEADERS  = 
  CONFIG_LINKS    = 
  CONFIG_COMMANDS = 
  $ ./config.status 

on ubuntu-vm

config.status:1164: creating libusb-1.0.pc
config.status:1164: creating Makefile
config.status:1164: creating libusb/Makefile
config.status:1164: creating examples/Makefile
config.status:1164: creating doc/Makefile
config.status:1164: creating doc/doxygen.cfg
config.status:1164: creating config.h
config.status:1345: config.h is unchanged
config.status:1393: executing depfiles commands
config.status:1393: executing libtool commands

## ---------------- ##
## Cache variables. ##
## ---------------- ##

ac_cv_build=i686-pc-linux-uclibc
ac_cv_c_compiler_gnu=yes
ac_cv_c_inline=inline
ac_cv_env_CC_set=set
ac_cv_env_CC_value=/opt/toolchains/uclibc-crosstools-gcc-4.4.2-1/usr/bin/mips-linux-uclibc-gcc
ac_cv_env_CFLAGS_set=
ac_cv_env_CFLAGS_value=
ac_cv_env_CPPFLAGS_set=
ac_cv_env_CPPFLAGS_value=
ac_cv_env_CPP_set=set
ac_cv_env_CPP_value=/opt/toolchains/uclibc-crosstools-gcc-4.4.2-1/usr/bin/mips-linux-uclibc-cpp
ac_cv_env_LDFLAGS_set=
ac_cv_env_LDFLAGS_value=
ac_cv_env_LIBS_set=
ac_cv_env_LIBS_value=
ac_cv_env_build_alias_set=
ac_cv_env_build_alias_value=
ac_cv_env_host_alias_set=set
ac_cv_env_host_alias_value=mips-uclibc-linux
ac_cv_env_target_alias_set=
ac_cv_env_target_alias_value=
ac_cv_func_gettimeofday=yes
ac_cv_func_sigaction=yes
ac_cv_have_decl_TFD_NONBLOCK=no
ac_cv_header_dlfcn_h=yes
ac_cv_header_inttypes_h=yes
ac_cv_header_memory_h=yes
ac_cv_header_poll_h=yes
ac_cv_header_stdc=yes
ac_cv_header_stdint_h=yes
ac_cv_header_stdlib_h=yes
ac_cv_header_string_h=yes
ac_cv_header_strings_h=yes
ac_cv_header_sys_stat_h=yes
ac_cv_header_sys_time_h=yes
ac_cv_header_sys_timerfd_h=no
ac_cv_header_sys_types_h=yes
ac_cv_header_unistd_h=yes
ac_cv_host=mips-uclibc-linux-gnu
ac_cv_lib_rt_clock_gettime=yes
ac_cv_objext=o
ac_cv_path_EGREP='/bin/grep -E'
ac_cv_path_FGREP='/bin/grep -F'
ac_cv_path_GREP=/bin/grep
ac_cv_path_SED=/bin/sed
ac_cv_path_install='/usr/bin/install -c'
ac_cv_path_mkdir=/bin/mkdir
ac_cv_prog_AR=/opt/toolchains/uclibc-crosstools-gcc-4.4.2-1/usr/bin/mips-linux-uclibc-ar
ac_cv_prog_AWK=gawk
ac_cv_prog_CC=/opt/toolchains/uclibc-crosstools-gcc-4.4.2-1/usr/bin/mips-linux-uclibc-gcc
ac_cv_prog_CPP=/opt/toolchains/uclibc-crosstools-gcc-4.4.2-1/usr/bin/mips-linux-uclibc-cpp
ac_cv_prog_OBJDUMP=/opt/toolchains/uclibc-crosstools-gcc-4.4.2-1/usr/bin/mips-linux-uclibc-objdump
ac_cv_prog_RANLIB=/opt/toolchains/uclibc-crosstools-gcc-4.4.2-1/usr/bin/mips-linux-uclibc-ranlib
ac_cv_prog_STRIP=/opt/toolchains/uclibc-crosstools-gcc-4.4.2-1/usr/bin/mips-linux-uclibc-strip
ac_cv_prog_cc__opt_toolchains_uclibc_crosstools_gcc_4_4_2_1_usr_bin_mips_linux_uclibc_gcc_c_o=yes
ac_cv_prog_cc_c89=
ac_cv_prog_cc_g=yes
ac_cv_prog_make_make_set=yes
ac_cv_type_struct_timespec=yes
am_cv_CC_dependencies_compiler_type=gcc3
lt_cv_archive_cmds_need_lc=no
lt_cv_deplibs_check_method=pass_all
lt_cv_file_magic_cmd='$MAGIC_CMD'
lt_cv_file_magic_test_file=
lt_cv_ld_reload_flag=-r
lt_cv_nm_interface='BSD nm'
lt_cv_objdir=.libs
lt_cv_path_LD=/opt/toolchains/uclibc-crosstools-gcc-4.4.2-1/usr/bin/mips-linux-uclibc-ld
lt_cv_path_NM=/opt/toolchains/uclibc-crosstools-gcc-4.4.2-1/usr/bin/mips-linux-uclibc-nm
lt_cv_prog_compiler_c_o=yes
lt_cv_prog_compiler_c_o_RC=yes
lt_cv_prog_compiler_pic_works=yes
lt_cv_prog_compiler_rtti_exceptions=no
lt_cv_prog_compiler_static_works=yes
lt_cv_prog_gnu_ld=yes
lt_cv_shlibpath_overrides_runpath=no
lt_cv_sys_global_symbol_pipe='sed -n -e '\''s/^.*[	 ]\([ABCDGIRSTW][ABCDGIRSTW]*\)[	 ][	 ]*\([_A-Za-z][_A-Za-z0-9]*\)$/\1 \2 \2/p'\'''
lt_cv_sys_global_symbol_to_c_name_address='sed -n -e '\''s/^: \([^ ]*\) $/  {\"\1\", (void *) 0},/p'\'' -e '\''s/^[ABCDGIRSTW]* \([^ ]*\) \([^ ]*\)$/  {"\2", (void *) \&\2},/p'\'''
lt_cv_sys_global_symbol_to_c_name_address_lib_prefix='sed -n -e '\''s/^: \([^ ]*\) $/  {\"\1\", (void *) 0},/p'\'' -e '\''s/^[ABCDGIRSTW]* \([^ ]*\) \(lib[^ ]*\)$/  {"\2", (void *) \&\2},/p'\'' -e '\''s/^[ABCDGIRSTW]* \([^ ]*\) \([^ ]*\)$/  {"lib\2", (void *) \&\2},/p'\'''
lt_cv_sys_global_symbol_to_cdecl='sed -n -e '\''s/^T .* \(.*\)$/extern int \1();/p'\'' -e '\''s/^[ABCDGIRSTW]* .* \(.*\)$/extern char \1;/p'\'''
lt_cv_sys_max_cmd_len=805306365

## ----------------- ##
## Output variables. ##
## ----------------- ##

ACLOCAL='${SHELL} /home/roylin/Share/svn/GPL_Release/V100AAJZ14C0/userspace/gpl/libs/libusb-1.0.9/missing --run aclocal-1.11'
AMDEPBACKSLASH='\'
AMDEP_FALSE='#'
AMDEP_TRUE=''
AMTAR='${SHELL} /home/roylin/Share/svn/GPL_Release/V100AAJZ14C0/userspace/gpl/libs/libusb-1.0.9/missing --run tar'
AM_BACKSLASH='\'
AM_CFLAGS='-std=gnu99 -Wall -Wundef -Wunused -Wstrict-prototypes -Werror-implicit-function-declaration -Wno-pointer-sign -Wshadow'
AM_DEFAULT_VERBOSITY='0'
AR='/opt/toolchains/uclibc-crosstools-gcc-4.4.2-1/usr/bin/mips-linux-uclibc-ar'
AUTOCONF='${SHELL} /home/roylin/Share/svn/GPL_Release/V100AAJZ14C0/userspace/gpl/libs/libusb-1.0.9/missing --run autoconf'
AUTOHEADER='${SHELL} /home/roylin/Share/svn/GPL_Release/V100AAJZ14C0/userspace/gpl/libs/libusb-1.0.9/missing --run autoheader'
AUTOMAKE='${SHELL} /home/roylin/Share/svn/GPL_Release/V100AAJZ14C0/userspace/gpl/libs/libusb-1.0.9/missing --run automake-1.11'
AWK='gawk'
BUILD_EXAMPLES_FALSE=''
BUILD_EXAMPLES_TRUE='#'
CC='/opt/toolchains/uclibc-crosstools-gcc-4.4.2-1/usr/bin/mips-linux-uclibc-gcc'
CCDEPMODE='depmode=gcc3'
CFLAGS='-g -O2'
CPP='/opt/toolchains/uclibc-crosstools-gcc-4.4.2-1/usr/bin/mips-linux-uclibc-cpp'
CPPFLAGS=''
CYGPATH_W='echo'
DEFS='-DHAVE_CONFIG_H'
DEPDIR='.deps'
DSYMUTIL=''
DUMPBIN=''
ECHO_C=''
ECHO_N='-n'
ECHO_T=''
EGREP='/bin/grep -E'
EXEEXT=''
FGREP='/bin/grep -F'
GREP='/bin/grep'
HAVE_SIGACTION_FALSE='#'
HAVE_SIGACTION_TRUE=''
INSTALL_DATA='${INSTALL} -m 644'
INSTALL_PROGRAM='${INSTALL}'
INSTALL_SCRIPT='${INSTALL}'
INSTALL_STRIP_PROGRAM='$(install_sh) -c -s'
LD='/opt/toolchains/uclibc-crosstools-gcc-4.4.2-1/usr/bin/mips-linux-uclibc-ld'
LDFLAGS=''
LIBOBJS=''
LIBS=' -lrt -pthread'
LIBTOOL='$(SHELL) $(top_builddir)/libtool'
LIPO=''
LN_S='ln -s'
LTLDFLAGS='-version-info 1:0:1 -no-undefined'
LTLIBOBJS=''
MAINT='#'
MAINTAINER_MODE_FALSE=''
MAINTAINER_MODE_TRUE='#'
MAKEINFO='${SHELL} /home/roylin/Share/svn/GPL_Release/V100AAJZ14C0/userspace/gpl/libs/libusb-1.0.9/missing --run makeinfo'
MKDIR_P='/bin/mkdir -p'
NM='/opt/toolchains/uclibc-crosstools-gcc-4.4.2-1/usr/bin/mips-linux-uclibc-nm'
NMEDIT=''
OBJDUMP='/opt/toolchains/uclibc-crosstools-gcc-4.4.2-1/usr/bin/mips-linux-uclibc-objdump'
OBJEXT='o'
OS_DARWIN=''
OS_DARWIN_FALSE=''
OS_DARWIN_TRUE='#'
OS_LINUX=''
OS_LINUX_FALSE='#'
OS_LINUX_TRUE=''
OS_OPENBSD=''
OS_OPENBSD_FALSE=''
OS_OPENBSD_TRUE='#'
OS_WINDOWS=''
OS_WINDOWS_FALSE=''
OS_WINDOWS_TRUE='#'
OTOOL64=''
OTOOL=''
PACKAGE='libusb'
PACKAGE_BUGREPORT='libusb-devel@lists.sourceforge.net'
PACKAGE_NAME='libusb'
PACKAGE_STRING='libusb 1.0.9'
PACKAGE_TARNAME='libusb'
PACKAGE_URL='http://www.libusb.org/'
PACKAGE_VERSION='1.0.9'
PATH_SEPARATOR=':'
PC_LIBS_PRIVATE='-lrt -pthread'
RANLIB='/opt/toolchains/uclibc-crosstools-gcc-4.4.2-1/usr/bin/mips-linux-uclibc-ranlib'
RC=''
SED='/bin/sed'
SET_MAKE=''
SHELL='/bin/sh'
STRIP='/opt/toolchains/uclibc-crosstools-gcc-4.4.2-1/usr/bin/mips-linux-uclibc-strip'
THREADS_POSIX_FALSE='#'
THREADS_POSIX_TRUE=''
THREAD_CFLAGS='-pthread'
VERSION='1.0.9'
VISIBILITY_CFLAGS='-fvisibility=hidden'
ac_ct_CC=''
ac_ct_DUMPBIN=''
am__EXEEXT_FALSE=''
am__EXEEXT_TRUE='#'
am__fastdepCC_FALSE='#'
am__fastdepCC_TRUE=''
am__include='include'
am__isrc=''
am__leading_dot='.'
am__quote=''
am__tar='${AMTAR} chof - "$$tardir"'
am__untar='${AMTAR} xf -'
bindir='${exec_prefix}/bin'
build='i686-pc-linux-uclibc'
build_alias=''
build_cpu='i686'
build_os='linux-uclibc'
build_vendor='pc'
datadir='${datarootdir}'
datarootdir='${prefix}/share'
docdir='${datarootdir}/doc/${PACKAGE_TARNAME}'
dvidir='${docdir}'
exec_prefix='${prefix}'
host='mips-uclibc-linux-gnu'
host_alias='mips-uclibc-linux'
host_cpu='mips'
host_os='linux-gnu'
host_vendor='uclibc'
htmldir='${docdir}'
includedir='${prefix}/include'
infodir='${datarootdir}/info'
install_sh='${SHELL} /home/roylin/Share/svn/GPL_Release/V100AAJZ14C0/userspace/gpl/libs/libusb-1.0.9/install-sh'
libdir='${exec_prefix}/lib'
libexecdir='${exec_prefix}/libexec'
localedir='${datarootdir}/locale'
localstatedir='${prefix}/var'
mandir='${datarootdir}/man'
mkdir_p='/bin/mkdir -p'
oldincludedir='/usr/include'
pdfdir='${docdir}'
prefix='/home/roylin/Share/svn/GPL_Release/V100AAJZ14C0/userspace/gpl/libs/libusb-1.0.9/install'
program_transform_name='s,x,x,'
psdir='${docdir}'
sbindir='${exec_prefix}/sbin'
sharedstatedir='${prefix}/com'
sysconfdir='${prefix}/etc'
target_alias=''

## ----------- ##
## confdefs.h. ##
## ----------- ##

/* confdefs.h */
#define PACKAGE_NAME "libusb"
#define PACKAGE_TARNAME "libusb"
#define PACKAGE_VERSION "1.0.9"
#define PACKAGE_STRING "libusb 1.0.9"
#define PACKAGE_BUGREPORT "libusb-devel@lists.sourceforge.net"
#define PACKAGE_URL "http://www.libusb.org/"
#define PACKAGE "libusb"
#define VERSION "1.0.9"
#define STDC_HEADERS 1
#define HAVE_SYS_TYPES_H 1
#define HAVE_SYS_STAT_H 1
#define HAVE_STDLIB_H 1
#define HAVE_STRING_H 1
#define HAVE_MEMORY_H 1
#define HAVE_STRINGS_H 1
#define HAVE_INTTYPES_H 1
#define HAVE_STDINT_H 1
#define HAVE_UNISTD_H 1
#define HAVE_DLFCN_H 1
#define LT_OBJDIR ".libs/"
#define _GNU_SOURCE 1
#define OS_LINUX 1
#define HAVE_POLL_H 1
#define POLL_NFDS_TYPE nfds_t
#define THREADS_POSIX 1
#define HAVE_STRUCT_TIMESPEC 1
#define ENABLE_LOGGING 1
#define DEFAULT_VISIBILITY __attribute__((visibility("default")))
#define HAVE_SYS_TIME_H 1
#define HAVE_GETTIMEOFDAY 1

configure: exit 0
