This file contains any messages produced by compilers while
running configure, to aid debugging if configure makes a mistake.

It was created by configure, which was
generated by GNU Autoconf 2.64.  Invocation command line was

  $ ./configure --build=i686-linux --host=mips-linux --target=mips-linux-uclibc

## --------- ##
## Platform. ##
## --------- ##

hostname = ubuntu-vm
uname -m = i686
uname -r = 3.8.0-29-generic
uname -s = Linux
uname -v = #42~precise1-Ubuntu SMP Wed Aug 14 15:31:16 UTC 2013

/usr/bin/uname -p = unknown
/bin/uname -X     = unknown

/bin/arch              = unknown
/usr/bin/arch -k       = unknown
/usr/convex/getsysinfo = unknown
/usr/bin/hostinfo      = unknown
/bin/machine           = unknown
/usr/bin/oslevel       = unknown
/bin/universe          = unknown

PATH: /usr/local/sbin
PATH: /usr/local/bin
PATH: /usr/sbin
PATH: /usr/bin
PATH: /sbin
PATH: /bin
PATH: /usr/games


## ----------- ##
## Core tests. ##
## ----------- ##

configure:2157: checking for a BSD-compatible install
configure:2225: result: /usr/bin/install -c
configure:2236: checking whether build environment is sane
configure:2286: result: yes
configure:2335: checking for mips-linux-strip
configure:2362: result: /opt/toolchains/uclibc-crosstools-gcc-4.4.2-1/usr/bin/mips-linux-uclibc-strip
configure:2427: checking for a thread-safe mkdir -p
configure:2466: result: /bin/mkdir -p
configure:2479: checking for gawk
configure:2495: found /usr/bin/gawk
configure:2506: result: gawk
configure:2517: checking whether make sets $(MAKE)
configure:2539: result: yes
configure:2631: checking for mips-linux-gcc
configure:2658: result: /opt/toolchains/uclibc-crosstools-gcc-4.4.2-1/usr/bin/mips-linux-uclibc-gcc
configure:2927: checking for C compiler version
configure:2936: /opt/toolchains/uclibc-crosstools-gcc-4.4.2-1/usr/bin/mips-linux-uclibc-gcc --version >&5
mips-linux-uclibc-gcc (Buildroot 2010.02-git) 4.4.2
Copyright (C) 2009 Free Software Foundation, Inc.
This is free software; see the source for copying conditions.  There is NO
warranty; not even for MERCHANTABILITY or FITNESS FOR A PARTICULAR PURPOSE.

configure:2947: $? = 0
configure:2936: /opt/toolchains/uclibc-crosstools-gcc-4.4.2-1/usr/bin/mips-linux-uclibc-gcc -v >&5
Using built-in specs.
Target: mips-linux-uclibc
Configured with: /shared/myviews/toolchain/buildroot-4.4.2-1/output/toolchain/gcc-4.4.2/configure --prefix=/usr --build=i386-pc-linux-gnu --host=i386-pc-linux-gnu --target=mips-linux-uclibc --enable-languages=c,c++ --with-sysroot=/opt/toolchains/uclibc-crosstools-gcc-4.4.2-1 --with-build-time-tools=/opt/toolchains/uclibc-crosstools-gcc-4.4.2-1/usr/mips-linux-uclibc/bin --disable-__cxa_atexit --enable-target-optspace --with-gnu-ld --disable-libssp --disable-tls --enable-shared --with-gmp=/shared/myviews/toolchain/buildroot-4.4.2-1/output/toolchain/gmp --with-mpfr=/shared/myviews/toolchain/buildroot-4.4.2-1/output/toolchain/mpfr --disable-nls --enable-threads --disable-multilib --disable-decimal-float --with-float=soft --with-abi=32 --with-tune=mips32 --with-arch=mips32 --with-pkgversion='Buildroot 2010.02-git' --with-bugurl=http://bugs.buildroot.net/
Thread model: posix
gcc version 4.4.2 (Buildroot 2010.02-git) 
configure:2947: $? = 0
configure:2936: /opt/toolchains/uclibc-crosstools-gcc-4.4.2-1/usr/bin/mips-linux-uclibc-gcc -V >&5
mips-linux-uclibc-gcc: '-V' option must have argument
configure:2947: $? = 1
configure:2936: /opt/toolchains/uclibc-crosstools-gcc-4.4.2-1/usr/bin/mips-linux-uclibc-gcc -qversion >&5
mips-linux-uclibc-gcc: unrecognized option '-qversion'
mips-linux-uclibc-gcc: no input files
configure:2947: $? = 1
configure:2969: checking for C compiler default output file name
configure:2991: /opt/toolchains/uclibc-crosstools-gcc-4.4.2-1/usr/bin/mips-linux-uclibc-gcc    conftest.c  >&5
configure:2995: $? = 0
configure:3032: result: a.out
configure:3048: checking whether the C compiler works
configure:3076: result: yes
configure:3083: checking whether we are cross compiling
configure:3085: result: yes
configure:3088: checking for suffix of executables
configure:3095: /opt/toolchains/uclibc-crosstools-gcc-4.4.2-1/usr/bin/mips-linux-uclibc-gcc -o conftest    conftest.c  >&5
configure:3099: $? = 0
configure:3121: result: 
configure:3127: checking for suffix of object files
configure:3149: /opt/toolchains/uclibc-crosstools-gcc-4.4.2-1/usr/bin/mips-linux-uclibc-gcc -c   conftest.c >&5
configure:3153: $? = 0
configure:3174: result: o
configure:3178: checking whether we are using the GNU C compiler
configure:3197: /opt/toolchains/uclibc-crosstools-gcc-4.4.2-1/usr/bin/mips-linux-uclibc-gcc -c   conftest.c >&5
configure:3197: $? = 0
configure:3206: result: yes
configure:3215: checking whether /opt/toolchains/uclibc-crosstools-gcc-4.4.2-1/usr/bin/mips-linux-uclibc-gcc accepts -g
configure:3235: /opt/toolchains/uclibc-crosstools-gcc-4.4.2-1/usr/bin/mips-linux-uclibc-gcc -c -g  conftest.c >&5
configure:3235: $? = 0
configure:3276: result: yes
configure:3293: checking for /opt/toolchains/uclibc-crosstools-gcc-4.4.2-1/usr/bin/mips-linux-uclibc-gcc option to accept ISO C89
configure:3357: /opt/toolchains/uclibc-crosstools-gcc-4.4.2-1/usr/bin/mips-linux-uclibc-gcc  -c -g -O2  conftest.c >&5
configure:3357: $? = 0
configure:3370: result: none needed
configure:3401: checking for style of include used by make
configure:3429: result: GNU
configure:3454: checking dependency style of /opt/toolchains/uclibc-crosstools-gcc-4.4.2-1/usr/bin/mips-linux-uclibc-gcc
configure:3564: result: none
configure:3584: checking how to run the C preprocessor
configure:3654: result: /opt/toolchains/uclibc-crosstools-gcc-4.4.2-1/usr/bin/mips-linux-uclibc-cpp
configure:3674: /opt/toolchains/uclibc-crosstools-gcc-4.4.2-1/usr/bin/mips-linux-uclibc-cpp  conftest.c
configure:3674: $? = 0
configure:3688: /opt/toolchains/uclibc-crosstools-gcc-4.4.2-1/usr/bin/mips-linux-uclibc-cpp  conftest.c
conftest.c:11:28: error: ac_nonexistent.h: No such file or directory
configure:3688: $? = 1
configure: failed program was:
| /* confdefs.h */
| #define PACKAGE_NAME ""
| #define PACKAGE_TARNAME ""
| #define PACKAGE_VERSION ""
| #define PACKAGE_STRING ""
| #define PACKAGE_BUGREPORT ""
| #define PACKAGE_URL ""
| #define PACKAGE "ez-ipupdate"
| #define VERSION "3.0.11b7"
| /* end confdefs.h.  */
| #include <ac_nonexistent.h>
configure:3719: checking return type of signal handlers
configure:3737: /opt/toolchains/uclibc-crosstools-gcc-4.4.2-1/usr/bin/mips-linux-uclibc-gcc -c -g -O2  conftest.c >&5
conftest.c: In function 'main':
conftest.c:17: error: void value not ignored as it ought to be
configure:3737: $? = 1
configure: failed program was:
| /* confdefs.h */
| #define PACKAGE_NAME ""
| #define PACKAGE_TARNAME ""
| #define PACKAGE_VERSION ""
| #define PACKAGE_STRING ""
| #define PACKAGE_BUGREPORT ""
| #define PACKAGE_URL ""
| #define PACKAGE "ez-ipupdate"
| #define VERSION "3.0.11b7"
| /* end confdefs.h.  */
| #include <sys/types.h>
| #include <signal.h>
| 
| int
| main ()
| {
| return *(signal (0, 0)) (0) == 1;
|   ;
|   return 0;
| }
configure:3744: result: void
configure:3754: checking for gethostbyname
configure:3754: /opt/toolchains/uclibc-crosstools-gcc-4.4.2-1/usr/bin/mips-linux-uclibc-gcc -o conftest -g -O2   conftest.c  >&5
configure:3754: $? = 0
configure:3754: result: yes
configure:3806: checking for connect
configure:3806: /opt/toolchains/uclibc-crosstools-gcc-4.4.2-1/usr/bin/mips-linux-uclibc-gcc -o conftest -g -O2   conftest.c  >&5
configure:3806: $? = 0
configure:3806: result: yes
configure:3890: checking for socket
configure:3890: /opt/toolchains/uclibc-crosstools-gcc-4.4.2-1/usr/bin/mips-linux-uclibc-gcc -o conftest -g -O2   conftest.c  >&5
configure:3890: $? = 0
configure:3890: result: yes
configure:3890: checking for strdup
configure:3890: /opt/toolchains/uclibc-crosstools-gcc-4.4.2-1/usr/bin/mips-linux-uclibc-gcc -o conftest -g -O2   conftest.c  >&5
conftest.c:36: warning: conflicting types for built-in function 'strdup'
configure:3890: $? = 0
configure:3890: result: yes
configure:3890: checking for getopt_long
configure:3890: /opt/toolchains/uclibc-crosstools-gcc-4.4.2-1/usr/bin/mips-linux-uclibc-gcc -o conftest -g -O2   conftest.c  >&5
configure:3890: $? = 0
configure:3890: result: yes
configure:3890: checking for gethostbyaddr
configure:3890: /opt/toolchains/uclibc-crosstools-gcc-4.4.2-1/usr/bin/mips-linux-uclibc-gcc -o conftest -g -O2   conftest.c  >&5
configure:3890: $? = 0
configure:3890: result: yes
configure:3890: checking for getservbyname
configure:3890: /opt/toolchains/uclibc-crosstools-gcc-4.4.2-1/usr/bin/mips-linux-uclibc-gcc -o conftest -g -O2   conftest.c  >&5
configure:3890: $? = 0
configure:3890: result: yes
configure:3890: checking for inet_addr
configure:3890: /opt/toolchains/uclibc-crosstools-gcc-4.4.2-1/usr/bin/mips-linux-uclibc-gcc -o conftest -g -O2   conftest.c  >&5
configure:3890: $? = 0
configure:3890: result: yes
configure:3890: checking for inet_ntoa
configure:3890: /opt/toolchains/uclibc-crosstools-gcc-4.4.2-1/usr/bin/mips-linux-uclibc-gcc -o conftest -g -O2   conftest.c  >&5
configure:3890: $? = 0
configure:3890: result: yes
configure:3890: checking for snprintf
configure:3890: /opt/toolchains/uclibc-crosstools-gcc-4.4.2-1/usr/bin/mips-linux-uclibc-gcc -o conftest -g -O2   conftest.c  >&5
conftest.c:42: warning: conflicting types for built-in function 'snprintf'
configure:3890: $? = 0
configure:3890: result: yes
configure:3890: checking for vfprintf
configure:3890: /opt/toolchains/uclibc-crosstools-gcc-4.4.2-1/usr/bin/mips-linux-uclibc-gcc -o conftest -g -O2   conftest.c  >&5
conftest.c:43: warning: conflicting types for built-in function 'vfprintf'
configure:3890: $? = 0
configure:3890: result: yes
configure:3890: checking for stat
configure:3890: /opt/toolchains/uclibc-crosstools-gcc-4.4.2-1/usr/bin/mips-linux-uclibc-gcc -o conftest -g -O2   conftest.c  >&5
configure:3890: $? = 0
configure:3890: result: yes
configure:3890: checking for vsprintf
configure:3890: /opt/toolchains/uclibc-crosstools-gcc-4.4.2-1/usr/bin/mips-linux-uclibc-gcc -o conftest -g -O2   conftest.c  >&5
conftest.c:45: warning: conflicting types for built-in function 'vsprintf'
configure:3890: $? = 0
configure:3890: result: yes
configure:3890: checking for vsnprintf
configure:3890: /opt/toolchains/uclibc-crosstools-gcc-4.4.2-1/usr/bin/mips-linux-uclibc-gcc -o conftest -g -O2   conftest.c  >&5
conftest.c:46: warning: conflicting types for built-in function 'vsnprintf'
configure:3890: $? = 0
configure:3890: result: yes
configure:3890: checking for strerror
configure:3890: /opt/toolchains/uclibc-crosstools-gcc-4.4.2-1/usr/bin/mips-linux-uclibc-gcc -o conftest -g -O2   conftest.c  >&5
configure:3890: $? = 0
configure:3890: result: yes
configure:3890: checking for strftime
configure:3890: /opt/toolchains/uclibc-crosstools-gcc-4.4.2-1/usr/bin/mips-linux-uclibc-gcc -o conftest -g -O2   conftest.c  >&5
conftest.c:48: warning: conflicting types for built-in function 'strftime'
configure:3890: $? = 0
configure:3890: result: yes
configure:3890: checking for wait
configure:3890: /opt/toolchains/uclibc-crosstools-gcc-4.4.2-1/usr/bin/mips-linux-uclibc-gcc -o conftest -g -O2   conftest.c  >&5
configure:3890: $? = 0
configure:3890: result: yes
configure:3890: checking for waitpid
configure:3890: /opt/toolchains/uclibc-crosstools-gcc-4.4.2-1/usr/bin/mips-linux-uclibc-gcc -o conftest -g -O2   conftest.c  >&5
configure:3890: $? = 0
configure:3890: result: yes
configure:3890: checking for getpid
configure:3890: /opt/toolchains/uclibc-crosstools-gcc-4.4.2-1/usr/bin/mips-linux-uclibc-gcc -o conftest -g -O2   conftest.c  >&5
configure:3890: $? = 0
configure:3890: result: yes
configure:3890: checking for fork
configure:3890: /opt/toolchains/uclibc-crosstools-gcc-4.4.2-1/usr/bin/mips-linux-uclibc-gcc -o conftest -g -O2   conftest.c  >&5
conftest.c:52: warning: conflicting types for built-in function 'fork'
configure:3890: $? = 0
configure:3890: result: yes
configure:3890: checking for vfork
configure:3890: /opt/toolchains/uclibc-crosstools-gcc-4.4.2-1/usr/bin/mips-linux-uclibc-gcc -o conftest -g -O2   conftest.c  >&5
configure:3890: $? = 0
configure:3890: result: yes
configure:3890: checking for getuid
configure:3890: /opt/toolchains/uclibc-crosstools-gcc-4.4.2-1/usr/bin/mips-linux-uclibc-gcc -o conftest -g -O2   conftest.c  >&5
configure:3890: $? = 0
configure:3890: result: yes
configure:3890: checking for geteuid
configure:3890: /opt/toolchains/uclibc-crosstools-gcc-4.4.2-1/usr/bin/mips-linux-uclibc-gcc -o conftest -g -O2   conftest.c  >&5
configure:3890: $? = 0
configure:3890: result: yes
configure:3890: checking for setuid
configure:3890: /opt/toolchains/uclibc-crosstools-gcc-4.4.2-1/usr/bin/mips-linux-uclibc-gcc -o conftest -g -O2   conftest.c  >&5
configure:3890: $? = 0
configure:3890: result: yes
configure:3890: checking for seteuid
configure:3890: /opt/toolchains/uclibc-crosstools-gcc-4.4.2-1/usr/bin/mips-linux-uclibc-gcc -o conftest -g -O2   conftest.c  >&5
configure:3890: $? = 0
configure:3890: result: yes
configure:3890: checking for getgid
configure:3890: /opt/toolchains/uclibc-crosstools-gcc-4.4.2-1/usr/bin/mips-linux-uclibc-gcc -o conftest -g -O2   conftest.c  >&5
configure:3890: $? = 0
configure:3890: result: yes
configure:3890: checking for getegid
configure:3890: /opt/toolchains/uclibc-crosstools-gcc-4.4.2-1/usr/bin/mips-linux-uclibc-gcc -o conftest -g -O2   conftest.c  >&5
configure:3890: $? = 0
configure:3890: result: yes
configure:3890: checking for setgid
configure:3890: /opt/toolchains/uclibc-crosstools-gcc-4.4.2-1/usr/bin/mips-linux-uclibc-gcc -o conftest -g -O2   conftest.c  >&5
configure:3890: $? = 0
configure:3890: result: yes
configure:3890: checking for setegid
configure:3890: /opt/toolchains/uclibc-crosstools-gcc-4.4.2-1/usr/bin/mips-linux-uclibc-gcc -o conftest -g -O2   conftest.c  >&5
configure:3890: $? = 0
configure:3890: result: yes
configure:3890: checking for inet_aton
configure:3890: /opt/toolchains/uclibc-crosstools-gcc-4.4.2-1/usr/bin/mips-linux-uclibc-gcc -o conftest -g -O2   conftest.c  >&5
configure:3890: $? = 0
configure:3890: result: yes
configure:3890: checking for herror
configure:3890: /opt/toolchains/uclibc-crosstools-gcc-4.4.2-1/usr/bin/mips-linux-uclibc-gcc -o conftest -g -O2   conftest.c  >&5
configure:3890: $? = 0
configure:3890: result: yes
configure:3902: checking for grep that handles long lines and -e
configure:3960: result: /bin/grep
configure:3965: checking for egrep
configure:4027: result: /bin/grep -E
configure:4032: checking for ANSI C header files
configure:4052: /opt/toolchains/uclibc-crosstools-gcc-4.4.2-1/usr/bin/mips-linux-uclibc-gcc -c -g -O2  conftest.c >&5
configure:4052: $? = 0
configure:4136: result: yes
configure:4149: checking for sys/types.h
configure:4149: /opt/toolchains/uclibc-crosstools-gcc-4.4.2-1/usr/bin/mips-linux-uclibc-gcc -c -g -O2  conftest.c >&5
configure:4149: $? = 0
configure:4149: result: yes
configure:4149: checking for sys/stat.h
configure:4149: /opt/toolchains/uclibc-crosstools-gcc-4.4.2-1/usr/bin/mips-linux-uclibc-gcc -c -g -O2  conftest.c >&5
configure:4149: $? = 0
configure:4149: result: yes
configure:4149: checking for stdlib.h
configure:4149: /opt/toolchains/uclibc-crosstools-gcc-4.4.2-1/usr/bin/mips-linux-uclibc-gcc -c -g -O2  conftest.c >&5
configure:4149: $? = 0
configure:4149: result: yes
configure:4149: checking for string.h
configure:4149: /opt/toolchains/uclibc-crosstools-gcc-4.4.2-1/usr/bin/mips-linux-uclibc-gcc -c -g -O2  conftest.c >&5
configure:4149: $? = 0
configure:4149: result: yes
configure:4149: checking for memory.h
configure:4149: /opt/toolchains/uclibc-crosstools-gcc-4.4.2-1/usr/bin/mips-linux-uclibc-gcc -c -g -O2  conftest.c >&5
configure:4149: $? = 0
configure:4149: result: yes
configure:4149: checking for strings.h
configure:4149: /opt/toolchains/uclibc-crosstools-gcc-4.4.2-1/usr/bin/mips-linux-uclibc-gcc -c -g -O2  conftest.c >&5
configure:4149: $? = 0
configure:4149: result: yes
configure:4149: checking for inttypes.h
configure:4149: /opt/toolchains/uclibc-crosstools-gcc-4.4.2-1/usr/bin/mips-linux-uclibc-gcc -c -g -O2  conftest.c >&5
configure:4149: $? = 0
configure:4149: result: yes
configure:4149: checking for stdint.h
configure:4149: /opt/toolchains/uclibc-crosstools-gcc-4.4.2-1/usr/bin/mips-linux-uclibc-gcc -c -g -O2  conftest.c >&5
configure:4149: $? = 0
configure:4149: result: yes
configure:4149: checking for unistd.h
configure:4149: /opt/toolchains/uclibc-crosstools-gcc-4.4.2-1/usr/bin/mips-linux-uclibc-gcc -c -g -O2  conftest.c >&5
configure:4149: $? = 0
configure:4149: result: yes
configure:4178: checking arpa/inet.h usability
configure:4178: /opt/toolchains/uclibc-crosstools-gcc-4.4.2-1/usr/bin/mips-linux-uclibc-gcc -c -g -O2  conftest.c >&5
configure:4178: $? = 0
configure:4178: result: yes
configure:4178: checking arpa/inet.h presence
configure:4178: /opt/toolchains/uclibc-crosstools-gcc-4.4.2-1/usr/bin/mips-linux-uclibc-cpp  conftest.c
configure:4178: $? = 0
configure:4178: result: yes
configure:4178: checking for arpa/inet.h
configure:4178: result: yes
configure:4178: checking for sys/types.h
configure:4178: result: yes
configure:4178: checking sys/time.h usability
configure:4178: /opt/toolchains/uclibc-crosstools-gcc-4.4.2-1/usr/bin/mips-linux-uclibc-gcc -c -g -O2  conftest.c >&5
configure:4178: $? = 0
configure:4178: result: yes
configure:4178: checking sys/time.h presence
configure:4178: /opt/toolchains/uclibc-crosstools-gcc-4.4.2-1/usr/bin/mips-linux-uclibc-cpp  conftest.c
configure:4178: $? = 0
configure:4178: result: yes
configure:4178: checking for sys/time.h
configure:4178: result: yes
configure:4178: checking for sys/stat.h
configure:4178: result: yes
configure:4178: checking fcntl.h usability
configure:4178: /opt/toolchains/uclibc-crosstools-gcc-4.4.2-1/usr/bin/mips-linux-uclibc-gcc -c -g -O2  conftest.c >&5
configure:4178: $? = 0
configure:4178: result: yes
configure:4178: checking fcntl.h presence
configure:4178: /opt/toolchains/uclibc-crosstools-gcc-4.4.2-1/usr/bin/mips-linux-uclibc-cpp  conftest.c
configure:4178: $? = 0
configure:4178: result: yes
configure:4178: checking for fcntl.h
configure:4178: result: yes
configure:4178: checking signal.h usability
configure:4178: /opt/toolchains/uclibc-crosstools-gcc-4.4.2-1/usr/bin/mips-linux-uclibc-gcc -c -g -O2  conftest.c >&5
configure:4178: $? = 0
configure:4178: result: yes
configure:4178: checking signal.h presence
configure:4178: /opt/toolchains/uclibc-crosstools-gcc-4.4.2-1/usr/bin/mips-linux-uclibc-cpp  conftest.c
configure:4178: $? = 0
configure:4178: result: yes
configure:4178: checking for signal.h
configure:4178: result: yes
configure:4178: checking syslog.h usability
configure:4178: /opt/toolchains/uclibc-crosstools-gcc-4.4.2-1/usr/bin/mips-linux-uclibc-gcc -c -g -O2  conftest.c >&5
configure:4178: $? = 0
configure:4178: result: yes
configure:4178: checking syslog.h presence
configure:4178: /opt/toolchains/uclibc-crosstools-gcc-4.4.2-1/usr/bin/mips-linux-uclibc-cpp  conftest.c
configure:4178: $? = 0
configure:4178: result: yes
configure:4178: checking for syslog.h
configure:4178: result: yes
configure:4178: checking pwd.h usability
configure:4178: /opt/toolchains/uclibc-crosstools-gcc-4.4.2-1/usr/bin/mips-linux-uclibc-gcc -c -g -O2  conftest.c >&5
configure:4178: $? = 0
configure:4178: result: yes
configure:4178: checking pwd.h presence
configure:4178: /opt/toolchains/uclibc-crosstools-gcc-4.4.2-1/usr/bin/mips-linux-uclibc-cpp  conftest.c
configure:4178: $? = 0
configure:4178: result: yes
configure:4178: checking for pwd.h
configure:4178: result: yes
configure:4178: checking stdarg.h usability
configure:4178: /opt/toolchains/uclibc-crosstools-gcc-4.4.2-1/usr/bin/mips-linux-uclibc-gcc -c -g -O2  conftest.c >&5
configure:4178: $? = 0
configure:4178: result: yes
configure:4178: checking stdarg.h presence
configure:4178: /opt/toolchains/uclibc-crosstools-gcc-4.4.2-1/usr/bin/mips-linux-uclibc-cpp  conftest.c
configure:4178: $? = 0
configure:4178: result: yes
configure:4178: checking for stdarg.h
configure:4178: result: yes
configure:4178: checking grp.h usability
configure:4178: /opt/toolchains/uclibc-crosstools-gcc-4.4.2-1/usr/bin/mips-linux-uclibc-gcc -c -g -O2  conftest.c >&5
configure:4178: $? = 0
configure:4178: result: yes
configure:4178: checking grp.h presence
configure:4178: /opt/toolchains/uclibc-crosstools-gcc-4.4.2-1/usr/bin/mips-linux-uclibc-cpp  conftest.c
configure:4178: $? = 0
configure:4178: result: yes
configure:4178: checking for grp.h
configure:4178: result: yes
configure:4178: checking errno.h usability
configure:4178: /opt/toolchains/uclibc-crosstools-gcc-4.4.2-1/usr/bin/mips-linux-uclibc-gcc -c -g -O2  conftest.c >&5
configure:4178: $? = 0
configure:4178: result: yes
configure:4178: checking errno.h presence
configure:4178: /opt/toolchains/uclibc-crosstools-gcc-4.4.2-1/usr/bin/mips-linux-uclibc-cpp  conftest.c
configure:4178: $? = 0
configure:4178: result: yes
configure:4178: checking for errno.h
configure:4178: result: yes
configure:4178: checking sys/sockio.h usability
configure:4178: /opt/toolchains/uclibc-crosstools-gcc-4.4.2-1/usr/bin/mips-linux-uclibc-gcc -c -g -O2  conftest.c >&5
conftest.c:95:24: error: sys/sockio.h: No such file or directory
configure:4178: $? = 1
configure: failed program was:
| /* confdefs.h */
| #define PACKAGE_NAME ""
| #define PACKAGE_TARNAME ""
| #define PACKAGE_VERSION ""
| #define PACKAGE_STRING ""
| #define PACKAGE_BUGREPORT ""
| #define PACKAGE_URL ""
| #define PACKAGE "ez-ipupdate"
| #define VERSION "3.0.11b7"
| #define RETSIGTYPE void
| #define HAVE_SOCKET 1
| #define HAVE_STRDUP 1
| #define HAVE_GETOPT_LONG 1
| #define HAVE_GETHOSTBYADDR 1
| #define HAVE_GETSERVBYNAME 1
| #define HAVE_INET_ADDR 1
| #define HAVE_INET_NTOA 1
| #define HAVE_SNPRINTF 1
| #define HAVE_VFPRINTF 1
| #define HAVE_STAT 1
| #define HAVE_VSPRINTF 1
| #define HAVE_VSNPRINTF 1
| #define HAVE_STRERROR 1
| #define HAVE_STRFTIME 1
| #define HAVE_WAIT 1
| #define HAVE_WAITPID 1
| #define HAVE_GETPID 1
| #define HAVE_FORK 1
| #define HAVE_VFORK 1
| #define HAVE_GETUID 1
| #define HAVE_GETEUID 1
| #define HAVE_SETUID 1
| #define HAVE_SETEUID 1
| #define HAVE_GETGID 1
| #define HAVE_GETEGID 1
| #define HAVE_SETGID 1
| #define HAVE_SETEGID 1
| #define HAVE_INET_ATON 1
| #define HAVE_HERROR 1
| #define STDC_HEADERS 1
| #define HAVE_SYS_TYPES_H 1
| #define HAVE_SYS_STAT_H 1
| #define HAVE_STDLIB_H 1
| #define HAVE_STRING_H 1
| #define HAVE_MEMORY_H 1
| #define HAVE_STRINGS_H 1
| #define HAVE_INTTYPES_H 1
| #define HAVE_STDINT_H 1
| #define HAVE_UNISTD_H 1
| #define HAVE_ARPA_INET_H 1
| #define HAVE_SYS_TYPES_H 1
| #define HAVE_SYS_TIME_H 1
| #define HAVE_SYS_STAT_H 1
| #define HAVE_FCNTL_H 1
| #define HAVE_SIGNAL_H 1
| #define HAVE_SYSLOG_H 1
| #define HAVE_PWD_H 1
| #define HAVE_STDARG_H 1
| #define HAVE_GRP_H 1
| #define HAVE_ERRNO_H 1
| /* end confdefs.h.  */
| #include <stdio.h>
| #ifdef HAVE_SYS_TYPES_H
| # include <sys/types.h>
| #endif
| #ifdef HAVE_SYS_STAT_H
| # include <sys/stat.h>
| #endif
| #ifdef STDC_HEADERS
| # include <stdlib.h>
| # include <stddef.h>
| #else
| # ifdef HAVE_STDLIB_H
| #  include <stdlib.h>
| # endif
| #endif
| #ifdef HAVE_STRING_H
| # if !defined STDC_HEADERS && defined HAVE_MEMORY_H
| #  include <memory.h>
| # endif
| # include <string.h>
| #endif
| #ifdef HAVE_STRINGS_H
| # include <strings.h>
| #endif
| #ifdef HAVE_INTTYPES_H
| # include <inttypes.h>
| #endif
| #ifdef HAVE_STDINT_H
| # include <stdint.h>
| #endif
| #ifdef HAVE_UNISTD_H
| # include <unistd.h>
| #endif
| #include <sys/sockio.h>
configure:4178: result: no
configure:4178: checking sys/sockio.h presence
configure:4178: /opt/toolchains/uclibc-crosstools-gcc-4.4.2-1/usr/bin/mips-linux-uclibc-cpp  conftest.c
conftest.c:62:24: error: sys/sockio.h: No such file or directory
configure:4178: $? = 1
configure: failed program was:
| /* confdefs.h */
| #define PACKAGE_NAME ""
| #define PACKAGE_TARNAME ""
| #define PACKAGE_VERSION ""
| #define PACKAGE_STRING ""
| #define PACKAGE_BUGREPORT ""
| #define PACKAGE_URL ""
| #define PACKAGE "ez-ipupdate"
| #define VERSION "3.0.11b7"
| #define RETSIGTYPE void
| #define HAVE_SOCKET 1
| #define HAVE_STRDUP 1
| #define HAVE_GETOPT_LONG 1
| #define HAVE_GETHOSTBYADDR 1
| #define HAVE_GETSERVBYNAME 1
| #define HAVE_INET_ADDR 1
| #define HAVE_INET_NTOA 1
| #define HAVE_SNPRINTF 1
| #define HAVE_VFPRINTF 1
| #define HAVE_STAT 1
| #define HAVE_VSPRINTF 1
| #define HAVE_VSNPRINTF 1
| #define HAVE_STRERROR 1
| #define HAVE_STRFTIME 1
| #define HAVE_WAIT 1
| #define HAVE_WAITPID 1
| #define HAVE_GETPID 1
| #define HAVE_FORK 1
| #define HAVE_VFORK 1
| #define HAVE_GETUID 1
| #define HAVE_GETEUID 1
| #define HAVE_SETUID 1
| #define HAVE_SETEUID 1
| #define HAVE_GETGID 1
| #define HAVE_GETEGID 1
| #define HAVE_SETGID 1
| #define HAVE_SETEGID 1
| #define HAVE_INET_ATON 1
| #define HAVE_HERROR 1
| #define STDC_HEADERS 1
| #define HAVE_SYS_TYPES_H 1
| #define HAVE_SYS_STAT_H 1
| #define HAVE_STDLIB_H 1
| #define HAVE_STRING_H 1
| #define HAVE_MEMORY_H 1
| #define HAVE_STRINGS_H 1
| #define HAVE_INTTYPES_H 1
| #define HAVE_STDINT_H 1
| #define HAVE_UNISTD_H 1
| #define HAVE_ARPA_INET_H 1
| #define HAVE_SYS_TYPES_H 1
| #define HAVE_SYS_TIME_H 1
| #define HAVE_SYS_STAT_H 1
| #define HAVE_FCNTL_H 1
| #define HAVE_SIGNAL_H 1
| #define HAVE_SYSLOG_H 1
| #define HAVE_PWD_H 1
| #define HAVE_STDARG_H 1
| #define HAVE_GRP_H 1
| #define HAVE_ERRNO_H 1
| /* end confdefs.h.  */
| #include <sys/sockio.h>
configure:4178: result: no
configure:4178: checking for sys/sockio.h
configure:4178: result: no
configure:4178: checking sys/wait.h usability
configure:4178: /opt/toolchains/uclibc-crosstools-gcc-4.4.2-1/usr/bin/mips-linux-uclibc-gcc -c -g -O2  conftest.c >&5
configure:4178: $? = 0
configure:4178: result: yes
configure:4178: checking sys/wait.h presence
configure:4178: /opt/toolchains/uclibc-crosstools-gcc-4.4.2-1/usr/bin/mips-linux-uclibc-cpp  conftest.c
configure:4178: $? = 0
configure:4178: result: yes
configure:4178: checking for sys/wait.h
configure:4178: result: yes
configure:4178: checking getopt.h usability
configure:4178: /opt/toolchains/uclibc-crosstools-gcc-4.4.2-1/usr/bin/mips-linux-uclibc-gcc -c -g -O2  conftest.c >&5
configure:4178: $? = 0
configure:4178: result: yes
configure:4178: checking getopt.h presence
configure:4178: /opt/toolchains/uclibc-crosstools-gcc-4.4.2-1/usr/bin/mips-linux-uclibc-cpp  conftest.c
configure:4178: $? = 0
configure:4178: result: yes
configure:4178: checking for getopt.h
configure:4178: result: yes
configure:4196: checking for unistd.h
configure:4196: result: yes
configure:4196: checking netinet/in.h usability
configure:4196: /opt/toolchains/uclibc-crosstools-gcc-4.4.2-1/usr/bin/mips-linux-uclibc-gcc -c -g -O2  conftest.c >&5
configure:4196: $? = 0
configure:4196: result: yes
configure:4196: checking netinet/in.h presence
configure:4196: /opt/toolchains/uclibc-crosstools-gcc-4.4.2-1/usr/bin/mips-linux-uclibc-cpp  conftest.c
configure:4196: $? = 0
configure:4196: result: yes
configure:4196: checking for netinet/in.h
configure:4196: result: yes
configure:4196: checking netdb.h usability
configure:4196: /opt/toolchains/uclibc-crosstools-gcc-4.4.2-1/usr/bin/mips-linux-uclibc-gcc -c -g -O2  conftest.c >&5
configure:4196: $? = 0
configure:4196: result: yes
configure:4196: checking netdb.h presence
configure:4196: /opt/toolchains/uclibc-crosstools-gcc-4.4.2-1/usr/bin/mips-linux-uclibc-cpp  conftest.c
configure:4196: $? = 0
configure:4196: result: yes
configure:4196: checking for netdb.h
configure:4196: result: yes
configure:4196: checking sys/socket.h usability
configure:4196: /opt/toolchains/uclibc-crosstools-gcc-4.4.2-1/usr/bin/mips-linux-uclibc-gcc -c -g -O2  conftest.c >&5
configure:4196: $? = 0
configure:4196: result: yes
configure:4196: checking sys/socket.h presence
configure:4196: /opt/toolchains/uclibc-crosstools-gcc-4.4.2-1/usr/bin/mips-linux-uclibc-cpp  conftest.c
configure:4196: $? = 0
configure:4196: result: yes
configure:4196: checking for sys/socket.h
configure:4196: result: yes
configure:4210: checking for sys_errlist in -lc
configure:4235: /opt/toolchains/uclibc-crosstools-gcc-4.4.2-1/usr/bin/mips-linux-uclibc-gcc -o conftest -g -O2   conftest.c -lc   >&5
/tmp/ccK3pA51.o: In function `main':
/home/roylin/Share/svn/GPL_Release/V100AAJZ14C0/userspace/gpl/apps/ez-ipupdate/conftest.c:79: undefined reference to `sys_errlist'
collect2: ld returned 1 exit status
configure:4235: $? = 1
configure: failed program was:
| /* confdefs.h */
| #define PACKAGE_NAME ""
| #define PACKAGE_TARNAME ""
| #define PACKAGE_VERSION ""
| #define PACKAGE_STRING ""
| #define PACKAGE_BUGREPORT ""
| #define PACKAGE_URL ""
| #define PACKAGE "ez-ipupdate"
| #define VERSION "3.0.11b7"
| #define RETSIGTYPE void
| #define HAVE_SOCKET 1
| #define HAVE_STRDUP 1
| #define HAVE_GETOPT_LONG 1
| #define HAVE_GETHOSTBYADDR 1
| #define HAVE_GETSERVBYNAME 1
| #define HAVE_INET_ADDR 1
| #define HAVE_INET_NTOA 1
| #define HAVE_SNPRINTF 1
| #define HAVE_VFPRINTF 1
| #define HAVE_STAT 1
| #define HAVE_VSPRINTF 1
| #define HAVE_VSNPRINTF 1
| #define HAVE_STRERROR 1
| #define HAVE_STRFTIME 1
| #define HAVE_WAIT 1
| #define HAVE_WAITPID 1
| #define HAVE_GETPID 1
| #define HAVE_FORK 1
| #define HAVE_VFORK 1
| #define HAVE_GETUID 1
| #define HAVE_GETEUID 1
| #define HAVE_SETUID 1
| #define HAVE_SETEUID 1
| #define HAVE_GETGID 1
| #define HAVE_GETEGID 1
| #define HAVE_SETGID 1
| #define HAVE_SETEGID 1
| #define HAVE_INET_ATON 1
| #define HAVE_HERROR 1
| #define STDC_HEADERS 1
| #define HAVE_SYS_TYPES_H 1
| #define HAVE_SYS_STAT_H 1
| #define HAVE_STDLIB_H 1
| #define HAVE_STRING_H 1
| #define HAVE_MEMORY_H 1
| #define HAVE_STRINGS_H 1
| #define HAVE_INTTYPES_H 1
| #define HAVE_STDINT_H 1
| #define HAVE_UNISTD_H 1
| #define HAVE_ARPA_INET_H 1
| #define HAVE_SYS_TYPES_H 1
| #define HAVE_SYS_TIME_H 1
| #define HAVE_SYS_STAT_H 1
| #define HAVE_FCNTL_H 1
| #define HAVE_SIGNAL_H 1
| #define HAVE_SYSLOG_H 1
| #define HAVE_PWD_H 1
| #define HAVE_STDARG_H 1
| #define HAVE_GRP_H 1
| #define HAVE_ERRNO_H 1
| #define HAVE_SYS_WAIT_H 1
| #define HAVE_GETOPT_H 1
| #define HAVE_UNISTD_H 1
| #define HAVE_NETINET_IN_H 1
| #define HAVE_NETDB_H 1
| #define HAVE_SYS_SOCKET_H 1
| /* end confdefs.h.  */
| 
| /* Override any GCC internal prototype to avoid an error.
|    Use char because int might match the return type of a GCC
|    builtin and then its argument prototype would still apply.  */
| #ifdef __cplusplus
| extern "C"
| #endif
| char sys_errlist ();
| int
| main ()
| {
| return sys_errlist ();
|   ;
|   return 0;
| }
configure:4244: result: no
configure:4254: checking for getopt
configure:4254: /opt/toolchains/uclibc-crosstools-gcc-4.4.2-1/usr/bin/mips-linux-uclibc-gcc -o conftest -g -O2   conftest.c  >&5
configure:4254: $? = 0
configure:4254: result: yes
configure:4267: checking for getpass
configure:4267: /opt/toolchains/uclibc-crosstools-gcc-4.4.2-1/usr/bin/mips-linux-uclibc-gcc -o conftest -g -O2   conftest.c  >&5
configure:4267: $? = 0
configure:4267: result: yes
configure:4281: checking build system type
configure:4295: result: i686-pc-linux-gnu
configure:4315: checking host system type
configure:4328: result: mips-mips-linux-gnu
configure:4353: checking for user supplied default service
configure:4361: result: no
configure:4364: WARNING: not setting default service
configure:4411: checking whether user wants debugging support
configure:4420: result: no
configure:4425: checking whether user wants to dissable MD5 support
configure:4434: result: no
configure:4562: creating ./config.status

## ---------------------- ##
## Running config.status. ##
## ---------------------- ##

This file was extended by config.status, which was
generated by GNU Autoconf 2.64.  Invocation command line was

  CONFIG_FILES    = 
  CONFIG_HEADERS  = 
  CONFIG_LINKS    = 
  CONFIG_COMMANDS = 
  $ ./config.status 

on ubuntu-vm

config.status:908: creating Makefile
config.status:1016: WARNING:  'Makefile.in' seems to ignore the --datarootdir setting
config.status:908: creating config.h
config.status:1080: config.h is unchanged
config.status:1128: executing depfiles commands

## ---------------- ##
## Cache variables. ##
## ---------------- ##

ac_cv_build=i686-pc-linux-gnu
ac_cv_c_compiler_gnu=yes
ac_cv_env_CC_set=set
ac_cv_env_CC_value=/opt/toolchains/uclibc-crosstools-gcc-4.4.2-1/usr/bin/mips-linux-uclibc-gcc
ac_cv_env_CFLAGS_set=
ac_cv_env_CFLAGS_value=
ac_cv_env_CPPFLAGS_set=
ac_cv_env_CPPFLAGS_value=
ac_cv_env_CPP_set=set
ac_cv_env_CPP_value=/opt/toolchains/uclibc-crosstools-gcc-4.4.2-1/usr/bin/mips-linux-uclibc-cpp
ac_cv_env_LDFLAGS_set=
ac_cv_env_LDFLAGS_value=
ac_cv_env_LIBS_set=
ac_cv_env_LIBS_value=
ac_cv_env_build_alias_set=set
ac_cv_env_build_alias_value=i686-linux
ac_cv_env_host_alias_set=set
ac_cv_env_host_alias_value=mips-linux
ac_cv_env_target_alias_set=set
ac_cv_env_target_alias_value=mips-linux-uclibc
ac_cv_func_connect=yes
ac_cv_func_fork=yes
ac_cv_func_getegid=yes
ac_cv_func_geteuid=yes
ac_cv_func_getgid=yes
ac_cv_func_gethostbyaddr=yes
ac_cv_func_gethostbyname=yes
ac_cv_func_getopt=yes
ac_cv_func_getopt_long=yes
ac_cv_func_getpass=yes
ac_cv_func_getpid=yes
ac_cv_func_getservbyname=yes
ac_cv_func_getuid=yes
ac_cv_func_herror=yes
ac_cv_func_inet_addr=yes
ac_cv_func_inet_aton=yes
ac_cv_func_inet_ntoa=yes
ac_cv_func_setegid=yes
ac_cv_func_seteuid=yes
ac_cv_func_setgid=yes
ac_cv_func_setuid=yes
ac_cv_func_snprintf=yes
ac_cv_func_socket=yes
ac_cv_func_stat=yes
ac_cv_func_strdup=yes
ac_cv_func_strerror=yes
ac_cv_func_strftime=yes
ac_cv_func_vfork=yes
ac_cv_func_vfprintf=yes
ac_cv_func_vsnprintf=yes
ac_cv_func_vsprintf=yes
ac_cv_func_wait=yes
ac_cv_func_waitpid=yes
ac_cv_header_arpa_inet_h=yes
ac_cv_header_errno_h=yes
ac_cv_header_fcntl_h=yes
ac_cv_header_getopt_h=yes
ac_cv_header_grp_h=yes
ac_cv_header_inttypes_h=yes
ac_cv_header_memory_h=yes
ac_cv_header_netdb_h=yes
ac_cv_header_netinet_in_h=yes
ac_cv_header_pwd_h=yes
ac_cv_header_signal_h=yes
ac_cv_header_stdarg_h=yes
ac_cv_header_stdc=yes
ac_cv_header_stdint_h=yes
ac_cv_header_stdlib_h=yes
ac_cv_header_string_h=yes
ac_cv_header_strings_h=yes
ac_cv_header_sys_socket_h=yes
ac_cv_header_sys_sockio_h=no
ac_cv_header_sys_stat_h=yes
ac_cv_header_sys_time_h=yes
ac_cv_header_sys_types_h=yes
ac_cv_header_sys_wait_h=yes
ac_cv_header_syslog_h=yes
ac_cv_header_unistd_h=yes
ac_cv_host=mips-mips-linux-gnu
ac_cv_lib_c_sys_errlist=no
ac_cv_objext=o
ac_cv_path_EGREP='/bin/grep -E'
ac_cv_path_GREP=/bin/grep
ac_cv_path_install='/usr/bin/install -c'
ac_cv_path_mkdir=/bin/mkdir
ac_cv_prog_AWK=gawk
ac_cv_prog_CC=/opt/toolchains/uclibc-crosstools-gcc-4.4.2-1/usr/bin/mips-linux-uclibc-gcc
ac_cv_prog_CPP=/opt/toolchains/uclibc-crosstools-gcc-4.4.2-1/usr/bin/mips-linux-uclibc-cpp
ac_cv_prog_STRIP=/opt/toolchains/uclibc-crosstools-gcc-4.4.2-1/usr/bin/mips-linux-uclibc-strip
ac_cv_prog_cc_c89=
ac_cv_prog_cc_g=yes
ac_cv_prog_make_make_set=yes
ac_cv_type_signal=void
am_cv_CC_dependencies_compiler_type=none

## ----------------- ##
## Output variables. ##
## ----------------- ##

ACLOCAL='${SHELL} /home/roylin/Share/svn/GPL_Release/V100AAJZ14C0/userspace/gpl/apps/ez-ipupdate/missing --run aclocal-1.11'
AMDEPBACKSLASH='\'
AMDEP_FALSE='#'
AMDEP_TRUE=''
AMTAR='${SHELL} /home/roylin/Share/svn/GPL_Release/V100AAJZ14C0/userspace/gpl/apps/ez-ipupdate/missing --run tar'
AUTOCONF='${SHELL} /home/roylin/Share/svn/GPL_Release/V100AAJZ14C0/userspace/gpl/apps/ez-ipupdate/missing --run autoconf'
AUTOHEADER='${SHELL} /home/roylin/Share/svn/GPL_Release/V100AAJZ14C0/userspace/gpl/apps/ez-ipupdate/missing --run autoheader'
AUTOMAKE='${SHELL} /home/roylin/Share/svn/GPL_Release/V100AAJZ14C0/userspace/gpl/apps/ez-ipupdate/missing --run automake-1.11'
AWK='gawk'
CC='/opt/toolchains/uclibc-crosstools-gcc-4.4.2-1/usr/bin/mips-linux-uclibc-gcc'
CCDEPMODE='depmode=none'
CFLAGS='-g -O2'
CPP='/opt/toolchains/uclibc-crosstools-gcc-4.4.2-1/usr/bin/mips-linux-uclibc-cpp'
CPPFLAGS=''
CYGPATH_W='echo'
DEFS='-DHAVE_CONFIG_H'
DEPDIR='.deps'
ECHO_C=''
ECHO_N='-n'
ECHO_T=''
EGREP='/bin/grep -E'
EXEEXT=''
EXTRAOBJ=''
EXTRASRC=''
GREP='/bin/grep'
INSTALL_DATA='${INSTALL} -m 644'
INSTALL_PROGRAM='${INSTALL}'
INSTALL_SCRIPT='${INSTALL}'
INSTALL_STRIP_PROGRAM='$(install_sh) -c -s'
LDFLAGS=''
LIBOBJS=''
LIBS=''
LTLIBOBJS=''
MAKEINFO='${SHELL} /home/roylin/Share/svn/GPL_Release/V100AAJZ14C0/userspace/gpl/apps/ez-ipupdate/missing --run makeinfo'
MKDIR_P='/bin/mkdir -p'
OBJEXT='o'
PACKAGE='ez-ipupdate'
PACKAGE_BUGREPORT=''
PACKAGE_NAME=''
PACKAGE_STRING=''
PACKAGE_TARNAME=''
PACKAGE_URL=''
PACKAGE_VERSION=''
PATH_SEPARATOR=':'
SET_MAKE=''
SHELL='/bin/sh'
STRIP='/opt/toolchains/uclibc-crosstools-gcc-4.4.2-1/usr/bin/mips-linux-uclibc-strip'
VERSION='3.0.11b7'
ac_ct_CC=''
am__EXEEXT_FALSE=''
am__EXEEXT_TRUE='#'
am__fastdepCC_FALSE=''
am__fastdepCC_TRUE='#'
am__include='include'
am__isrc=''
am__leading_dot='.'
am__quote=''
am__tar='${AMTAR} chof - "$$tardir"'
am__untar='${AMTAR} xf -'
bindir='${exec_prefix}/bin'
build='i686-pc-linux-gnu'
build_alias='i686-linux'
build_cpu='i686'
build_os='linux-gnu'
build_vendor='pc'
datadir='${datarootdir}'
datarootdir='${prefix}/share'
docdir='${datarootdir}/doc/${PACKAGE}'
dvidir='${docdir}'
exec_prefix='${prefix}'
host='mips-mips-linux-gnu'
host_alias='mips-linux'
host_cpu='mips'
host_os='linux-gnu'
host_vendor='mips'
htmldir='${docdir}'
includedir='${prefix}/include'
infodir='${datarootdir}/info'
install_sh='${SHELL} /home/roylin/Share/svn/GPL_Release/V100AAJZ14C0/userspace/gpl/apps/ez-ipupdate/install-sh'
libdir='${exec_prefix}/lib'
libexecdir='${exec_prefix}/libexec'
localedir='${datarootdir}/locale'
localstatedir='${prefix}/var'
mandir='${datarootdir}/man'
mkdir_p='/bin/mkdir -p'
oldincludedir='/usr/include'
pdfdir='${docdir}'
prefix='/usr/local'
program_transform_name='s,x,x,'
psdir='${docdir}'
sbindir='${exec_prefix}/sbin'
sharedstatedir='${prefix}/com'
sysconfdir='${prefix}/etc'
target_alias='mips-linux-uclibc'

## ----------- ##
## confdefs.h. ##
## ----------- ##

/* confdefs.h */
#define PACKAGE_NAME ""
#define PACKAGE_TARNAME ""
#define PACKAGE_VERSION ""
#define PACKAGE_STRING ""
#define PACKAGE_BUGREPORT ""
#define PACKAGE_URL ""
#define PACKAGE "ez-ipupdate"
#define VERSION "3.0.11b7"
#define RETSIGTYPE void
#define HAVE_SOCKET 1
#define HAVE_STRDUP 1
#define HAVE_GETOPT_LONG 1
#define HAVE_GETHOSTBYADDR 1
#define HAVE_GETSERVBYNAME 1
#define HAVE_INET_ADDR 1
#define HAVE_INET_NTOA 1
#define HAVE_SNPRINTF 1
#define HAVE_VFPRINTF 1
#define HAVE_STAT 1
#define HAVE_VSPRINTF 1
#define HAVE_VSNPRINTF 1
#define HAVE_STRERROR 1
#define HAVE_STRFTIME 1
#define HAVE_WAIT 1
#define HAVE_WAITPID 1
#define HAVE_GETPID 1
#define HAVE_FORK 1
#define HAVE_VFORK 1
#define HAVE_GETUID 1
#define HAVE_GETEUID 1
#define HAVE_SETUID 1
#define HAVE_SETEUID 1
#define HAVE_GETGID 1
#define HAVE_GETEGID 1
#define HAVE_SETGID 1
#define HAVE_SETEGID 1
#define HAVE_INET_ATON 1
#define HAVE_HERROR 1
#define STDC_HEADERS 1
#define HAVE_SYS_TYPES_H 1
#define HAVE_SYS_STAT_H 1
#define HAVE_STDLIB_H 1
#define HAVE_STRING_H 1
#define HAVE_MEMORY_H 1
#define HAVE_STRINGS_H 1
#define HAVE_INTTYPES_H 1
#define HAVE_STDINT_H 1
#define HAVE_UNISTD_H 1
#define HAVE_ARPA_INET_H 1
#define HAVE_SYS_TYPES_H 1
#define HAVE_SYS_TIME_H 1
#define HAVE_SYS_STAT_H 1
#define HAVE_FCNTL_H 1
#define HAVE_SIGNAL_H 1
#define HAVE_SYSLOG_H 1
#define HAVE_PWD_H 1
#define HAVE_STDARG_H 1
#define HAVE_GRP_H 1
#define HAVE_ERRNO_H 1
#define HAVE_SYS_WAIT_H 1
#define HAVE_GETOPT_H 1
#define HAVE_UNISTD_H 1
#define HAVE_NETINET_IN_H 1
#define HAVE_NETDB_H 1
#define HAVE_SYS_SOCKET_H 1
#define HAVE_GETOPT 1
#define HAVE_GETPASS 1
#define OS "mips-mips-linux-gnu"
#define DEF_SERVICE "NULL"
#define USE_MD5 1

configure: exit 0

## ---------------------- ##
## Running config.status. ##
## ---------------------- ##

This file was extended by config.status, which was
generated by GNU Autoconf 2.64.  Invocation command line was

  CONFIG_FILES    = 
  CONFIG_HEADERS  = config.h
  CONFIG_LINKS    = 
  CONFIG_COMMANDS = 
  $ ./config.status 

on ubuntu-vm

config.status:908: creating config.h
config.status:1080: config.h is unchanged
config.status:1128: executing depfiles commands
