This file contains any messages produced by compilers while
running configure, to aid debugging if configure makes a mistake.

It was created by expat configure 1.95.8, which was
generated by GNU Autoconf 2.53.  Invocation command line was

  $ ./configure 

## --------- ##
## Platform. ##
## --------- ##

hostname = msgsw3-i7
uname -m = i686
uname -r = 2.6.31-14-generic-pae
uname -s = Linux
uname -v = #48-Ubuntu SMP Fri Oct 16 15:22:42 UTC 2009

/usr/bin/uname -p = unknown
/bin/uname -X     = unknown

/bin/arch              = unknown
/usr/bin/arch -k       = unknown
/usr/convex/getsysinfo = unknown
hostinfo               = unknown
/bin/machine           = unknown
/usr/bin/oslevel       = unknown
/bin/universe          = unknown

PATH: /usr/local/sbin
PATH: /usr/local/bin
PATH: /usr/sbin
PATH: /usr/bin
PATH: /sbin
PATH: /bin
PATH: /usr/games


## ----------- ##
## Core tests. ##
## ----------- ##

configure:1655: checking build system type
configure:1673: result: i686-pc-linux-gnu
configure:1681: checking host system type
configure:1695: result: i686-pc-linux-gnu
configure:1749: checking for gcc
configure:1765: found /usr/bin/gcc
configure:1775: result: gcc
configure:2019: checking for C compiler version
configure:2022: gcc --version </dev/null >&5
gcc (Ubuntu 4.4.1-4ubuntu9) 4.4.1
Copyright (C) 2009 Free Software Foundation, Inc.
This is free software; see the source for copying conditions.  There is NO
warranty; not even for MERCHANTABILITY or FITNESS FOR A PARTICULAR PURPOSE.

configure:2025: $? = 0
configure:2027: gcc -v </dev/null >&5
Using built-in specs.
Target: i486-linux-gnu
Configured with: ../src/configure -v --with-pkgversion='Ubuntu 4.4.1-4ubuntu9' --with-bugurl=file:///usr/share/doc/gcc-4.4/README.Bugs --enable-languages=c,c++,fortran,objc,obj-c++ --prefix=/usr --enable-shared --enable-multiarch --enable-linker-build-id --with-system-zlib --libexecdir=/usr/lib --without-included-gettext --enable-threads=posix --with-gxx-include-dir=/usr/include/c++/4.4 --program-suffix=-4.4 --enable-nls --enable-clocale=gnu --enable-libstdcxx-debug --enable-objc-gc --enable-targets=all --disable-werror --with-arch-32=i486 --with-tune=generic --enable-checking=release --build=i486-linux-gnu --host=i486-linux-gnu --target=i486-linux-gnu
Thread model: posix
gcc version 4.4.1 (Ubuntu 4.4.1-4ubuntu9) 
configure:2030: $? = 0
configure:2032: gcc -V </dev/null >&5
gcc: '-V' option must have argument
configure:2035: $? = 1
configure:2061: checking for C compiler default output
configure:2064: gcc    conftest.c  >&5
configure:2067: $? = 0
configure:2100: result: a.out
configure:2105: checking whether the C compiler works
configure:2111: ./a.out
configure:2114: $? = 0
configure:2129: result: yes
configure:2136: checking whether we are cross compiling
configure:2138: result: no
configure:2141: checking for suffix of executables
configure:2143: gcc -o conftest    conftest.c  >&5
configure:2146: $? = 0
configure:2168: result: 
configure:2174: checking for suffix of object files
configure:2198: gcc -c   conftest.c >&5
configure:2201: $? = 0
configure:2220: result: o
configure:2224: checking whether we are using the GNU C compiler
configure:2251: gcc -c   conftest.c >&5
configure:2254: $? = 0
configure:2257: test -s conftest.o
configure:2260: $? = 0
configure:2272: result: yes
configure:2278: checking whether gcc accepts -g
configure:2302: gcc -c -g  conftest.c >&5
configure:2305: $? = 0
configure:2308: test -s conftest.o
configure:2311: $? = 0
configure:2321: result: yes
configure:2348: gcc -c -g -O2  conftest.c >&5
conftest.c:2: error: expected '=', ',', ';', 'asm' or '__attribute__' before 'me'
configure:2351: $? = 1
configure: failed program was:
#ifndef __cplusplus
  choke me
#endif
configure:2483: checking for ld used by GCC
configure:2546: result: /usr/bin/ld
configure:2555: checking if the linker (/usr/bin/ld) is GNU ld
GNU ld (GNU Binutils for Ubuntu) 2.20
configure:2567: result: yes
configure:2572: checking for /usr/bin/ld option to reload object files
configure:2579: result: -r
configure:2584: checking for BSD-compatible nm
configure:2620: result: /usr/bin/nm -B
configure:2623: checking whether ln -s works
configure:2627: result: yes
configure:2634: checking how to recognise dependant libraries
configure:2812: result: pass_all
configure:2825: checking command to parse /usr/bin/nm -B output
configure:2906: gcc -c -g -O2  conftest.c >&5
configure:2909: $? = 0
configure:2913: /usr/bin/nm -B conftest.o \| sed -n -e 's/^.*[ 	]\([ABCDGISTW][ABCDGISTW]*\)[ 	][ 	]*\(\)\([_A-Za-z][_A-Za-z0-9]*\)$/\1 \2\3 \3/p' \> conftest.nm
configure:2916: $? = 0
configure:2968: gcc -o conftest -g -O2   conftest.c conftstm.o >&5
configure:2971: $? = 0
configure:3015: result: ok
configure:3024: checking how to run the C preprocessor
configure:3050: gcc -E  conftest.c
configure:3056: $? = 0
configure:3083: gcc -E  conftest.c
configure:3079:28: error: ac_nonexistent.h: No such file or directory
configure:3089: $? = 1
configure: failed program was:
#line 3078 "configure"
#include "confdefs.h"
#include <ac_nonexistent.h>
configure:3126: result: gcc -E
configure:3141: gcc -E  conftest.c
configure:3147: $? = 0
configure:3174: gcc -E  conftest.c
configure:3170:28: error: ac_nonexistent.h: No such file or directory
configure:3180: $? = 1
configure: failed program was:
#line 3169 "configure"
#include "confdefs.h"
#include <ac_nonexistent.h>
configure:3220: checking for ANSI C header files
configure:3234: gcc -E  conftest.c
configure:3240: $? = 0
configure:3327: gcc -o conftest -g -O2   conftest.c  >&5
configure: In function 'main':
configure:3318: warning: incompatible implicit declaration of built-in function 'exit'
configure:3330: $? = 0
configure:3332: ./conftest
configure:3335: $? = 0
configure:3349: result: yes
configure:3373: checking for sys/types.h
configure:3386: gcc -c -g -O2  conftest.c >&5
configure:3389: $? = 0
configure:3392: test -s conftest.o
configure:3395: $? = 0
configure:3405: result: yes
configure:3373: checking for sys/stat.h
configure:3386: gcc -c -g -O2  conftest.c >&5
configure:3389: $? = 0
configure:3392: test -s conftest.o
configure:3395: $? = 0
configure:3405: result: yes
configure:3373: checking for stdlib.h
configure:3386: gcc -c -g -O2  conftest.c >&5
configure:3389: $? = 0
configure:3392: test -s conftest.o
configure:3395: $? = 0
configure:3405: result: yes
configure:3373: checking for string.h
configure:3386: gcc -c -g -O2  conftest.c >&5
configure:3389: $? = 0
configure:3392: test -s conftest.o
configure:3395: $? = 0
configure:3405: result: yes
configure:3373: checking for memory.h
configure:3386: gcc -c -g -O2  conftest.c >&5
configure:3389: $? = 0
configure:3392: test -s conftest.o
configure:3395: $? = 0
configure:3405: result: yes
configure:3373: checking for strings.h
configure:3386: gcc -c -g -O2  conftest.c >&5
configure:3389: $? = 0
configure:3392: test -s conftest.o
configure:3395: $? = 0
configure:3405: result: yes
configure:3373: checking for inttypes.h
configure:3386: gcc -c -g -O2  conftest.c >&5
configure:3389: $? = 0
configure:3392: test -s conftest.o
configure:3395: $? = 0
configure:3405: result: yes
configure:3373: checking for stdint.h
configure:3386: gcc -c -g -O2  conftest.c >&5
configure:3389: $? = 0
configure:3392: test -s conftest.o
configure:3395: $? = 0
configure:3405: result: yes
configure:3373: checking for unistd.h
configure:3386: gcc -c -g -O2  conftest.c >&5
configure:3389: $? = 0
configure:3392: test -s conftest.o
configure:3395: $? = 0
configure:3405: result: yes
configure:3431: checking dlfcn.h usability
configure:3440: gcc -c -g -O2  conftest.c >&5
configure:3443: $? = 0
configure:3446: test -s conftest.o
configure:3449: $? = 0
configure:3458: result: yes
configure:3462: checking dlfcn.h presence
configure:3469: gcc -E  conftest.c
configure:3475: $? = 0
configure:3493: result: yes
configure:3511: checking for dlfcn.h
configure:3518: result: yes
configure:3715: checking for ranlib
configure:3731: found /usr/bin/ranlib
configure:3742: result: ranlib
configure:3795: checking for strip
configure:3811: found /usr/bin/strip
configure:3822: result: strip
configure:4035: checking for objdir
configure:4046: result: .libs
configure:4067: checking for gcc option to produce PIC
configure:4217: result: -fPIC
configure:4221: checking if gcc PIC flag -fPIC works
configure:4247: gcc -c -g -O2 -fPIC -DPIC  conftest.c >&5
configure:4250: $? = 0
configure:4253: test -s conftest.o
configure:4256: $? = 0
configure:4293: result: yes
configure:4313: checking if gcc static flag -static works
configure:4340: gcc -o conftest -g -O2   -static conftest.c  >&5
configure:4343: $? = 0
configure:4346: test -s conftest
configure:4349: $? = 0
configure:4364: result: yes
configure:4380: checking if gcc supports -c -o file.o
configure:4400: gcc -c -g -O2 -o out/conftest2.o  conftest.c >&5
configure:4424: result: yes
configure:4429: checking if gcc supports -c -o file.lo
configure:4459: gcc -c -g -O2 -c -o conftest.lo  conftest.c >&5
configure:4462: $? = 0
configure:4465: test -s conftest.lo
configure:4468: $? = 0
configure:4489: result: yes
configure:4528: checking if gcc supports -fno-rtti -fno-exceptions
configure:4553: gcc -c -g -O2 -fno-rtti -fno-exceptions -c conftest.c  conftest.c >&5
cc1: warning: command line option "-fno-rtti" is valid for C++/ObjC++ but not for C
cc1: warning: command line option "-fno-rtti" is valid for C++/ObjC++ but not for C
configure:4556: $? = 0
configure:4559: test -s conftest.o
configure:4562: $? = 0
configure:4578: result: yes
configure:4593: checking whether the linker (/usr/bin/ld) supports shared libraries
configure:5273: result: yes
configure:5282: checking how to hardcode library paths into programs
configure:5306: result: immediate
configure:5315: checking whether stripping libraries is possible
configure:5320: result: yes
configure:5335: checking dynamic linker characteristics
configure:5728: result: GNU/Linux ld.so
configure:5737: checking if libtool supports shared libraries
configure:5739: result: yes
configure:5746: checking whether to build shared libraries
configure:5767: result: yes
configure:5774: checking whether to build static libraries
configure:5778: result: yes
configure:6444: checking whether -lc should be explicitly linked in
configure:6452: gcc -c -g -O2  conftest.c >&5
configure:6455: $? = 0
configure:6469: gcc -shared conftest.o  -v -Wl,-soname -Wl,conftest -o conftest 2\>\&1 \| grep  -lc  \>/dev/null 2\>\&1
configure:6472: $? = 0
configure:6485: result: no
configure:7112: checking for gcc
configure:7138: result: gcc
configure:7382: checking for C compiler version
configure:7385: gcc --version </dev/null >&5
gcc (Ubuntu 4.4.1-4ubuntu9) 4.4.1
Copyright (C) 2009 Free Software Foundation, Inc.
This is free software; see the source for copying conditions.  There is NO
warranty; not even for MERCHANTABILITY or FITNESS FOR A PARTICULAR PURPOSE.

configure:7388: $? = 0
configure:7390: gcc -v </dev/null >&5
Using built-in specs.
Target: i486-linux-gnu
Configured with: ../src/configure -v --with-pkgversion='Ubuntu 4.4.1-4ubuntu9' --with-bugurl=file:///usr/share/doc/gcc-4.4/README.Bugs --enable-languages=c,c++,fortran,objc,obj-c++ --prefix=/usr --enable-shared --enable-multiarch --enable-linker-build-id --with-system-zlib --libexecdir=/usr/lib --without-included-gettext --enable-threads=posix --with-gxx-include-dir=/usr/include/c++/4.4 --program-suffix=-4.4 --enable-nls --enable-clocale=gnu --enable-libstdcxx-debug --enable-objc-gc --enable-targets=all --disable-werror --with-arch-32=i486 --with-tune=generic --enable-checking=release --build=i486-linux-gnu --host=i486-linux-gnu --target=i486-linux-gnu
Thread model: posix
gcc version 4.4.1 (Ubuntu 4.4.1-4ubuntu9) 
configure:7393: $? = 0
configure:7395: gcc -V </dev/null >&5
gcc: '-V' option must have argument
configure:7398: $? = 1
configure:7401: checking whether we are using the GNU C compiler
configure:7449: result: yes
configure:7455: checking whether gcc accepts -g
configure:7498: result: yes
configure:7525: gcc -c -g -O2  conftest.c >&5
conftest.c:2: error: expected '=', ',', ';', 'asm' or '__attribute__' before 'me'
configure:7528: $? = 1
configure: failed program was:
#ifndef __cplusplus
  choke me
#endif
configure:7650: checking for a BSD-compatible install
configure:7704: result: /usr/bin/install -c
configure:7719: checking whether gcc accepts -fexceptions
configure:7740: gcc -c -g -O2 -Wall -Wmissing-prototypes -Wstrict-prototypes -fexceptions  conftest.c >&5
configure:7731: warning: function declaration isn't a prototype
configure:7743: $? = 0
configure:7746: test -s conftest.o
configure:7749: $? = 0
configure:7751: result: yes
configure:7762: checking for ANSI C header files
configure:7891: result: yes
configure:7903: checking whether byte ordering is bigendian
configure:7933: gcc -c -g -O2 -Wall -Wmissing-prototypes -Wstrict-prototypes -fexceptions  conftest.c >&5
configure:7921: warning: function declaration isn't a prototype
configure:7936: $? = 0
configure:7939: test -s conftest.o
configure:7942: $? = 0
configure:7968: gcc -c -g -O2 -Wall -Wmissing-prototypes -Wstrict-prototypes -fexceptions  conftest.c >&5
configure:7956: warning: function declaration isn't a prototype
configure: In function 'main':
configure:7959: error: 'not' undeclared (first use in this function)
configure:7959: error: (Each undeclared identifier is reported only once
configure:7959: error: for each function it appears in.)
configure:7959: error: expected ';' before 'big'
configure:7971: $? = 1
configure: failed program was:
#line 7945 "configure"
#include "confdefs.h"
#include <sys/types.h>
#include <sys/param.h>
#ifdef F77_DUMMY_MAIN
#  ifdef __cplusplus
     extern "C"
#  endif
   int F77_DUMMY_MAIN() { return 1; }
#endif
int
main ()
{

#if BYTE_ORDER != BIG_ENDIAN
 not big endian
#endif
  ;
  return 0;
}
configure:8032: result: no
configure:8089: checking for gcc option to accept ANSI C
configure:8152: gcc  -c -g -O2 -Wall -Wmissing-prototypes -Wstrict-prototypes -fexceptions  conftest.c >&5
configure:8105: warning: function declaration isn't a prototype
configure:8133: warning: function declaration isn't a prototype
configure:8155: $? = 0
configure:8158: test -s conftest.o
configure:8161: $? = 0
configure:8178: result: none needed
configure:8186: checking for an ANSI C-conforming const
configure:8256: gcc -c -g -O2 -Wall -Wmissing-prototypes -Wstrict-prototypes -fexceptions  conftest.c >&5
configure:8201: warning: function declaration isn't a prototype
configure: In function 'main':
configure:8225: warning: unused variable 's'
configure:8245: warning: unused variable 'foo'
configure:8212: warning: unused variable 'zero'
configure:8206: warning: unused variable 'x'
configure:8227: warning: 't' is used uninitialized in this function
configure:8242: warning: 'b' is used uninitialized in this function
configure:8259: $? = 0
configure:8262: test -s conftest.o
configure:8265: $? = 0
configure:8275: result: yes
configure:8285: checking for size_t
configure:8312: gcc -c -g -O2 -Wall -Wmissing-prototypes -Wstrict-prototypes -fexceptions  conftest.c >&5
configure:8333: warning: function declaration isn't a prototype
configure:8315: $? = 0
configure:8318: test -s conftest.o
configure:8321: $? = 0
configure:8331: result: yes
configure:8348: checking for memmove
configure:8391: gcc -o conftest -g -O2 -Wall -Wmissing-prototypes -Wstrict-prototypes -fexceptions   conftest.c  >&5
configure:8363: warning: function declaration isn't a prototype
configure:8363: warning: conflicting types for built-in function 'memmove'
configure:8364: warning: function declaration isn't a prototype
configure:8374: warning: function declaration isn't a prototype
configure:8394: $? = 0
configure:8397: test -s conftest
configure:8400: $? = 0
configure:8410: result: yes
configure:8348: checking for bcopy
configure:8391: gcc -o conftest -g -O2 -Wall -Wmissing-prototypes -Wstrict-prototypes -fexceptions   conftest.c  >&5
configure:8363: warning: function declaration isn't a prototype
configure:8363: warning: conflicting types for built-in function 'bcopy'
configure:8364: warning: function declaration isn't a prototype
configure:8374: warning: function declaration isn't a prototype
configure:8394: $? = 0
configure:8397: test -s conftest
configure:8400: $? = 0
configure:8410: result: yes
configure:8436: checking fcntl.h usability
configure:8445: gcc -c -g -O2 -Wall -Wmissing-prototypes -Wstrict-prototypes -fexceptions  conftest.c >&5
configure:8448: $? = 0
configure:8451: test -s conftest.o
configure:8454: $? = 0
configure:8463: result: yes
configure:8467: checking fcntl.h presence
configure:8474: gcc -E  conftest.c
configure:8480: $? = 0
configure:8498: result: yes
configure:8516: checking for fcntl.h
configure:8523: result: yes
configure:8427: checking for unistd.h
configure:8432: result: yes
configure:8536: checking for off_t
configure:8563: gcc -c -g -O2 -Wall -Wmissing-prototypes -Wstrict-prototypes -fexceptions  conftest.c >&5
configure:8584: warning: function declaration isn't a prototype
configure:8566: $? = 0
configure:8569: test -s conftest.o
configure:8572: $? = 0
configure:8582: result: yes
configure:8600: checking for stdlib.h
configure:8605: result: yes
configure:8600: checking for unistd.h
configure:8605: result: yes
configure:8713: checking for getpagesize
configure:8756: gcc -o conftest -g -O2 -Wall -Wmissing-prototypes -Wstrict-prototypes -fexceptions   conftest.c  >&5
configure:8728: warning: function declaration isn't a prototype
configure:8729: warning: function declaration isn't a prototype
configure:8739: warning: function declaration isn't a prototype
configure:8759: $? = 0
configure:8762: test -s conftest
configure:8765: $? = 0
configure:8775: result: yes
configure:8785: checking for working mmap
configure:8924: gcc -o conftest -g -O2 -Wall -Wmissing-prototypes -Wstrict-prototypes -fexceptions   conftest.c  >&5
configure:8899: warning: function declaration isn't a prototype
configure:8927: $? = 0
configure:8929: ./conftest
configure:8932: $? = 0
configure:8945: result: yes
configure:8980: checking check.h usability
configure:8989: gcc -c -g -O2 -Wall -Wmissing-prototypes -Wstrict-prototypes -fexceptions  conftest.c >&5
configure:9017:19: error: check.h: No such file or directory
configure:8992: $? = 1
configure: failed program was:
#line 8982 "configure"
#include "confdefs.h"
#include <stdio.h>
#if HAVE_SYS_TYPES_H
# include <sys/types.h>
#endif
#if HAVE_SYS_STAT_H
# include <sys/stat.h>
#endif
#if STDC_HEADERS
# include <stdlib.h>
# include <stddef.h>
#else
# if HAVE_STDLIB_H
#  include <stdlib.h>
# endif
#endif
#if HAVE_STRING_H
# if !STDC_HEADERS && HAVE_MEMORY_H
#  include <memory.h>
# endif
# include <string.h>
#endif
#if HAVE_STRINGS_H
# include <strings.h>
#endif
#if HAVE_INTTYPES_H
# include <inttypes.h>
#else
# if HAVE_STDINT_H
#  include <stdint.h>
# endif
#endif
#if HAVE_UNISTD_H
# include <unistd.h>
#endif
#include <check.h>
configure:9007: result: no
configure:9011: checking check.h presence
configure:9018: gcc -E  conftest.c
configure:9014:19: error: check.h: No such file or directory
configure:9024: $? = 1
configure: failed program was:
#line 9013 "configure"
#include "confdefs.h"
#include <check.h>
configure:9042: result: no
configure:9060: checking for check.h
configure:9067: result: no
configure:9081: checking for check.h
configure:9086: result: no
configure:9287: creating ./config.status

## ---------------------- ##
## Running config.status. ##
## ---------------------- ##

This file was extended by expat config.status 1.95.8, which was
generated by GNU Autoconf 2.53.  Invocation command line was

  CONFIG_FILES    = 
  CONFIG_HEADERS  = 
  CONFIG_LINKS    = 
  CONFIG_COMMANDS = 
  $ ./config.status 

on msgsw3-i7

config.status:587: creating Makefile
config.status:691: creating expat_config.h

## ---------------- ##
## Cache variables. ##
## ---------------- ##

ac_cv_build=i686-pc-linux-gnu
ac_cv_build_alias=i686-pc-linux-gnu
ac_cv_c_bigendian=no
ac_cv_c_compiler_gnu=yes
ac_cv_c_const=yes
ac_cv_env_CC_set=
ac_cv_env_CC_value=
ac_cv_env_CFLAGS_set=
ac_cv_env_CFLAGS_value=
ac_cv_env_CPPFLAGS_set=
ac_cv_env_CPPFLAGS_value=
ac_cv_env_CPP_set=
ac_cv_env_CPP_value=
ac_cv_env_LDFLAGS_set=
ac_cv_env_LDFLAGS_value=
ac_cv_env_build_alias_set=
ac_cv_env_build_alias_value=
ac_cv_env_host_alias_set=
ac_cv_env_host_alias_value=
ac_cv_env_target_alias_set=
ac_cv_env_target_alias_value=
ac_cv_exeext=
ac_cv_func_bcopy=yes
ac_cv_func_getpagesize=yes
ac_cv_func_memmove=yes
ac_cv_func_mmap_fixed_mapped=yes
ac_cv_header_check_h=no
ac_cv_header_dlfcn_h=yes
ac_cv_header_fcntl_h=yes
ac_cv_header_inttypes_h=yes
ac_cv_header_memory_h=yes
ac_cv_header_stdc=yes
ac_cv_header_stdint_h=yes
ac_cv_header_stdlib_h=yes
ac_cv_header_string_h=yes
ac_cv_header_strings_h=yes
ac_cv_header_sys_stat_h=yes
ac_cv_header_sys_types_h=yes
ac_cv_header_unistd_h=yes
ac_cv_host=i686-pc-linux-gnu
ac_cv_host_alias=i686-pc-linux-gnu
ac_cv_objext=o
ac_cv_path_install='/usr/bin/install -c'
ac_cv_prog_CPP='gcc -E'
ac_cv_prog_ac_ct_CC=gcc
ac_cv_prog_ac_ct_RANLIB=ranlib
ac_cv_prog_ac_ct_STRIP=strip
ac_cv_prog_cc_g=yes
ac_cv_prog_cc_stdc=
ac_cv_type_off_t=yes
ac_cv_type_size_t=yes
lt_cv_archive_cmds_need_lc=no
lt_cv_compiler_c_o=yes
lt_cv_compiler_o_lo=yes
lt_cv_deplibs_check_method=pass_all
lt_cv_file_magic_cmd='$MAGIC_CMD'
lt_cv_file_magic_test_file='/lib/libc.so.6 /lib/libc-2.10.1.so'
lt_cv_global_symbol_to_c_name_address='sed -n -e '\''s/^: \([^ ]*\) $/  {\"\1\", (lt_ptr) 0},/p'\'' -e '\''s/^[BCDEGRST] \([^ ]*\) \([^ ]*\)$/  {"\2", (lt_ptr) \&\2},/p'\'''
lt_cv_global_symbol_to_cdecl='sed -n -e '\''s/^. .* \(.*\)$/extern char \1;/p'\'''
lt_cv_ld_reload_flag=-r
lt_cv_path_LD=/usr/bin/ld
lt_cv_path_NM='/usr/bin/nm -B'
lt_cv_prog_cc_can_build_shared=yes
lt_cv_prog_cc_no_builtin=
lt_cv_prog_cc_pic=' -fPIC'
lt_cv_prog_cc_pic_works=yes
lt_cv_prog_cc_shlib=
lt_cv_prog_cc_static=-static
lt_cv_prog_cc_static_works=yes
lt_cv_prog_cc_wl=-Wl,
lt_cv_prog_gnu_ld=yes
lt_cv_sys_global_symbol_pipe='sed -n -e '\''s/^.*[ 	]\([ABCDGISTW][ABCDGISTW]*\)[ 	][ 	]*\(\)\([_A-Za-z][_A-Za-z0-9]*\)$/\1 \2\3 \3/p'\'''
lt_cv_sys_path_separator=:

## ----------- ##
## confdefs.h. ##
## ----------- ##

#define PACKAGE_NAME "expat"
#define PACKAGE_TARNAME "expat"
#define PACKAGE_VERSION "1.95.8"
#define PACKAGE_STRING "expat 1.95.8"
#define PACKAGE_BUGREPORT "expat-bugs@mail.libexpat.org"
#define STDC_HEADERS 1
#define HAVE_SYS_TYPES_H 1
#define HAVE_SYS_STAT_H 1
#define HAVE_STDLIB_H 1
#define HAVE_STRING_H 1
#define HAVE_MEMORY_H 1
#define HAVE_STRINGS_H 1
#define HAVE_INTTYPES_H 1
#define HAVE_STDINT_H 1
#define HAVE_UNISTD_H 1
#define HAVE_DLFCN_H 1
#define STDC_HEADERS 1
#define BYTEORDER 1234
#define HAVE_MEMMOVE 1
#define HAVE_BCOPY 1
#define HAVE_FCNTL_H 1
#define HAVE_UNISTD_H 1
#define HAVE_STDLIB_H 1
#define HAVE_UNISTD_H 1
#define HAVE_GETPAGESIZE 1
#define HAVE_MMAP 1
#define XML_NS 1
#define XML_DTD 1
#define XML_CONTEXT_BYTES 1024

configure: exit 0
